<?xml version="1.0" encoding="UTF-8"?>
<!-- Generated by org.testng.reporters.JUnitXMLReporter -->
<testsuite ignored="0" hostname="192.168.1.248.non-exists.ptr.local" failures="0" tests="2" name="Surefire test" time="29.886" errors="0" timestamp="2025-01-04T16:51:50 ICT">
  <testcase classname="com.thoaikx.base.Base" name="@BeforeClass setUp" time="29.564">
    <failure type="org.openqa.selenium.SessionNotCreatedException" message="Could not start a new session. Response code 500. Message: An unknown server-side error occurred while processing the command. Original error: Error executing adbExec. Original error: &amp;apos;Command &amp;apos;/Users/mac/Library/Android/sdk/platform-tools/adb -P 5037 -s emulator-5554 shell &amp;apos;settings delete global hidden_api_policy_pre_p_apps;settings delete global hidden_api_policy_p_apps;settings delete global hidden_api_policy&amp;apos;&amp;apos; exited with code 20&amp;apos;; Command output: cmd: Can&amp;apos;t find service: settings
cmd: Can&amp;apos;t find service: settings
cmd: Can&amp;apos;t find service: settings
 
Host info: host: &amp;apos;192.168.1.248.non-exists.ptr.local&amp;apos;, ip: &amp;apos;2402:800:6d3e:e88d:757a:3cd2:4a5a:e96d%en0&amp;apos;
Build info: version: &amp;apos;4.27.0&amp;apos;, revision: &amp;apos;d6e718d134&amp;apos;
System info: os.name: &amp;apos;Mac OS X&amp;apos;, os.arch: &amp;apos;x86_64&amp;apos;, os.version: &amp;apos;12.7.4&amp;apos;, java.version: &amp;apos;17.0.13&amp;apos;
Driver info: io.appium.java_client.android.AndroidDriver
Command: [null, newSession {capabilities=[Capabilities {appium:app: /Users/mac/Documents/Appium..., appium:appActivity: com.saucelabs.mydemoapp.and..., appium:appPackage: com.saucelabs.mydemoapp.and..., appium:automationName: UiAutomator2, appium:deviceName: emulator-5554, appium:platformVersion: 15, platformName: ANDROID}]}]
Capabilities {appium:app: /Users/mac/Documents/Appium..., appium:appActivity: com.saucelabs.mydemoapp.and..., appium:appPackage: com.saucelabs.mydemoapp.and..., appium:automationName: UiAutomator2, appium:deviceName: emulator-5554, appium:platformVersion: 15, platformName: ANDROID}">
      <![CDATA[org.openqa.selenium.SessionNotCreatedException: Could not start a new session. Response code 500. Message: An unknown server-side error occurred while processing the command. Original error: Error executing adbExec. Original error: 'Command '/Users/mac/Library/Android/sdk/platform-tools/adb -P 5037 -s emulator-5554 shell 'settings delete global hidden_api_policy_pre_p_apps;settings delete global hidden_api_policy_p_apps;settings delete global hidden_api_policy'' exited with code 20'; Command output: cmd: Can't find service: settings
cmd: Can't find service: settings
cmd: Can't find service: settings
 
Host info: host: '192.168.1.248.non-exists.ptr.local', ip: '2402:800:6d3e:e88d:757a:3cd2:4a5a:e96d%en0'
Build info: version: '4.27.0', revision: 'd6e718d134'
System info: os.name: 'Mac OS X', os.arch: 'x86_64', os.version: '12.7.4', java.version: '17.0.13'
Driver info: io.appium.java_client.android.AndroidDriver
Command: [null, newSession {capabilities=[Capabilities {appium:app: /Users/mac/Documents/Appium..., appium:appActivity: com.saucelabs.mydemoapp.and..., appium:appPackage: com.saucelabs.mydemoapp.and..., appium:automationName: UiAutomator2, appium:deviceName: emulator-5554, appium:platformVersion: 15, platformName: ANDROID}]}]
Capabilities {appium:app: /Users/mac/Documents/Appium..., appium:appActivity: com.saucelabs.mydemoapp.and..., appium:appPackage: com.saucelabs.mydemoapp.and..., appium:automationName: UiAutomator2, appium:deviceName: emulator-5554, appium:platformVersion: 15, platformName: ANDROID}
at org.openqa.selenium.remote.ProtocolHandshake.createSession(ProtocolHandshake.java:114)
at org.openqa.selenium.remote.ProtocolHandshake.createSession(ProtocolHandshake.java:75)
at org.openqa.selenium.remote.ProtocolHandshake.createSession(ProtocolHandshake.java:61)
at io.appium.java_client.remote.AppiumCommandExecutor.createSession(AppiumCommandExecutor.java:176)
at io.appium.java_client.remote.AppiumCommandExecutor.execute(AppiumCommandExecutor.java:237)
at org.openqa.selenium.remote.RemoteWebDriver.execute(RemoteWebDriver.java:545)
at io.appium.java_client.AppiumDriver.startSession(AppiumDriver.java:270)
at org.openqa.selenium.remote.RemoteWebDriver.<init>(RemoteWebDriver.java:174)
at io.appium.java_client.AppiumDriver.<init>(AppiumDriver.java:91)
at io.appium.java_client.AppiumDriver.<init>(AppiumDriver.java:103)
at io.appium.java_client.android.AndroidDriver.<init>(AndroidDriver.java:109)
at com.thoaikx.base.Base.setUp(Base.java:45)
at java.base/java.util.ArrayList.forEach(ArrayList.java:1511)
... Removed 30 stack frames]]>
    </failure>
  </testcase> <!-- @BeforeClass setUp -->
  <testcase classname="com.thoaikx.base.Base" name="@AfterClass tearDown" time="0.0">
    <skipped/>
  </testcase> <!-- @AfterClass tearDown -->
  <testcase classname="com.thoaikx.ios.Test01" name="test01" time="0.007"/>
  <testcase classname="com.thoaikx.android.Test01" name="closeReviewDialog" time="0.0">
    <skipped/>
  </testcase> <!-- closeReviewDialog -->
</testsuite> <!-- Surefire test -->
