<?xml version="1.0" encoding="UTF-8"?>
<testsuite xmlns:xsi="http://www.w3.org/2001/XMLSchema-instance" xsi:noNamespaceSchemaLocation="https://maven.apache.org/surefire/maven-surefire-plugin/xsd/surefire-test-report-3.0.xsd" version="3.0" name="TestSuite" time="271.244" tests="4" errors="0" skipped="2" failures="2">
  <properties>
[...]
</properties>
  <testcase name="placeOrder" classname="com.thoaikx.ios.LoginTest" time="74.718">
    <failure message="An element could not be located on the page using the given search parameters.&#10;For documentation on this error, please visit: https://www.selenium.dev/documentation/webdriver/troubleshooting/errors#no-such-element-exception&#10;Build info: version: &apos;4.27.0&apos;, revision: &apos;d6e718d134&apos;&#10;System info: os.name: &apos;Mac OS X&apos;, os.arch: &apos;x86_64&apos;, os.version: &apos;12.7.4&apos;, java.version: &apos;17.0.13&apos;&#10;Driver info: io.appium.java_client.ios.IOSDriver&#10;Command: [c258be5a-7f09-4ce3-86e7-5f77a339e236, findElement {using=xpath, value=//XCUIElementTypeTextField[@value=&quot;Maxim Winter&quot;]}]&#10;Capabilities {appium:app: /Users/mac/Documents/Appium..., appium:automationName: XCUITest, appium:databaseEnabled: false, appium:deviceName: iPhone 13 mini, appium:javascriptEnabled: true, appium:locationContextEnabled: false, appium:networkConnectionEnabled: false, appium:platformVersion: 1.0, appium:showXcodeLog: true, appium:takesScreenshot: true, appium:udid: 1C2AD9B1-C90B-448A-AD73-5B3..., appium:webStorageEnabled: false, platformName: IOS}&#10;Session ID: c258be5a-7f09-4ce3-86e7-5f77a339e236" type="org.openqa.selenium.NoSuchElementException"><![CDATA[org.openqa.selenium.NoSuchElementException: 
An element could not be located on the page using the given search parameters.
For documentation on this error, please visit: https://www.selenium.dev/documentation/webdriver/troubleshooting/errors#no-such-element-exception
Build info: version: '4.27.0', revision: 'd6e718d134'
System info: os.name: 'Mac OS X', os.arch: 'x86_64', os.version: '12.7.4', java.version: '17.0.13'
Driver info: io.appium.java_client.ios.IOSDriver
Command: [c258be5a-7f09-4ce3-86e7-5f77a339e236, findElement {using=xpath, value=//XCUIElementTypeTextField[@value="Maxim Winter"]}]
Capabilities {appium:app: /Users/mac/Documents/Appium..., appium:automationName: XCUITest, appium:databaseEnabled: false, appium:deviceName: iPhone 13 mini, appium:javascriptEnabled: true, appium:locationContextEnabled: false, appium:networkConnectionEnabled: false, appium:platformVersion: 1.0, appium:showXcodeLog: true, appium:takesScreenshot: true, appium:udid: 1C2AD9B1-C90B-448A-AD73-5B3..., appium:webStorageEnabled: false, platformName: IOS}
Session ID: c258be5a-7f09-4ce3-86e7-5f77a339e236
	at java.base/jdk.internal.reflect.NativeConstructorAccessorImpl.newInstance0(Native Method)
	at java.base/jdk.internal.reflect.NativeConstructorAccessorImpl.newInstance(NativeConstructorAccessorImpl.java:77)
	at java.base/jdk.internal.reflect.DelegatingConstructorAccessorImpl.newInstance(DelegatingConstructorAccessorImpl.java:45)
	at java.base/java.lang.reflect.Constructor.newInstanceWithCaller(Constructor.java:500)
	at java.base/java.lang.reflect.Constructor.newInstance(Constructor.java:481)
	at org.openqa.selenium.remote.ErrorCodec.decode(ErrorCodec.java:167)
	at org.openqa.selenium.remote.codec.w3c.W3CHttpResponseCodec.decode(W3CHttpResponseCodec.java:138)
	at org.openqa.selenium.remote.codec.w3c.W3CHttpResponseCodec.decode(W3CHttpResponseCodec.java:50)
	at org.openqa.selenium.remote.HttpCommandExecutor.execute(HttpCommandExecutor.java:190)
	at io.appium.java_client.remote.AppiumCommandExecutor.execute(AppiumCommandExecutor.java:237)
	at org.openqa.selenium.remote.RemoteWebDriver.execute(RemoteWebDriver.java:545)
	at org.openqa.selenium.remote.ElementLocation$ElementFinder$2.findElement(ElementLocation.java:165)
	at org.openqa.selenium.remote.ElementLocation.findElement(ElementLocation.java:59)
	at org.openqa.selenium.remote.RemoteWebDriver.findElement(RemoteWebDriver.java:368)
	at org.openqa.selenium.remote.RemoteWebDriver.findElement(RemoteWebDriver.java:362)
	at com.thoaikx.ios.LoginTest.placeOrder(LoginTest.java:122)
	at java.base/jdk.internal.reflect.NativeMethodAccessorImpl.invoke0(Native Method)
	at java.base/jdk.internal.reflect.NativeMethodAccessorImpl.invoke(NativeMethodAccessorImpl.java:77)
	at java.base/jdk.internal.reflect.DelegatingMethodAccessorImpl.invoke(DelegatingMethodAccessorImpl.java:43)
	at java.base/java.lang.reflect.Method.invoke(Method.java:569)
	at org.testng.internal.invokers.MethodInvocationHelper.invokeMethod(MethodInvocationHelper.java:139)
	at org.testng.internal.invokers.TestInvoker.invokeMethod(TestInvoker.java:664)
	at org.testng.internal.invokers.TestInvoker.invokeTestMethod(TestInvoker.java:227)
	at org.testng.internal.invokers.MethodRunner.runInSequence(MethodRunner.java:50)
	at org.testng.internal.invokers.TestInvoker$MethodInvocationAgent.invoke(TestInvoker.java:957)
	at org.testng.internal.invokers.TestInvoker.invokeTestMethods(TestInvoker.java:200)
	at org.testng.internal.invokers.TestMethodWorker.invokeTestMethods(TestMethodWorker.java:148)
	at org.testng.internal.invokers.TestMethodWorker.run(TestMethodWorker.java:128)
	at java.base/java.util.ArrayList.forEach(ArrayList.java:1511)
	at org.testng.TestRunner.privateRun(TestRunner.java:848)
	at org.testng.TestRunner.run(TestRunner.java:621)
	at org.testng.SuiteRunner.runTest(SuiteRunner.java:443)
	at org.testng.SuiteRunner.runSequentially(SuiteRunner.java:437)
	at org.testng.SuiteRunner.privateRun(SuiteRunner.java:397)
	at org.testng.SuiteRunner.run(SuiteRunner.java:336)
	at org.testng.SuiteRunnerWorker.runSuite(SuiteRunnerWorker.java:52)
	at org.testng.SuiteRunnerWorker.run(SuiteRunnerWorker.java:95)
	at org.testng.TestNG.runSuitesSequentially(TestNG.java:1280)
	at org.testng.TestNG.runSuitesLocally(TestNG.java:1200)
	at org.testng.TestNG.runSuites(TestNG.java:1114)
	at org.testng.TestNG.run(TestNG.java:1082)
	at org.apache.maven.surefire.testng.TestNGExecutor.run(TestNGExecutor.java:155)
	at org.apache.maven.surefire.testng.TestNGDirectoryTestSuite.executeMulti(TestNGDirectoryTestSuite.java:169)
	at org.apache.maven.surefire.testng.TestNGDirectoryTestSuite.execute(TestNGDirectoryTestSuite.java:88)
	at org.apache.maven.surefire.testng.TestNGProvider.invoke(TestNGProvider.java:137)
	at org.apache.maven.surefire.booter.ForkedBooter.runSuitesInProcess(ForkedBooter.java:385)
	at org.apache.maven.surefire.booter.ForkedBooter.execute(ForkedBooter.java:162)
	at org.apache.maven.surefire.booter.ForkedBooter.run(ForkedBooter.java:507)
	at org.apache.maven.surefire.booter.ForkedBooter.main(ForkedBooter.java:495)
]]></failure>
    <system-out><![CDATA[Killed Appium on port 9999.
Appium started on port 9999.
&amp#27;[38;5;112m[Appium]&amp#27;[0m Welcome to Appium v2.13.1
&amp#27;[38;5;112m[Appium]&amp#27;[0m Non-default server args:
&amp#27;[38;5;112m[Appium]&amp#27;[0m { port: &amp#27;[33m9999&amp#27;[39m }
&amp#27;[38;5;112m[Appium]&amp#27;[0m The autodetected Appium home path: /Users/mac/.appium
&amp#27;[38;5;112m[Appium]&amp#27;[0m Attempting to load driver xcuitest...
&amp#27;[38;5;112m[Appium]&amp#27;[0m Attempting to load driver uiautomator2...
&amp#27;[38;5;112m[Appium]&amp#27;[0m Requiring driver at /Users/mac/.appium/node_modules/appium-xcuitest-driver/build/index.js
&amp#27;[38;5;112m[Appium]&amp#27;[0m Requiring driver at /Users/mac/.appium/node_modules/appium-uiautomator2-driver/build/index.js
&amp#27;[38;5;112m[Appium]&amp#27;[0m XCUITestDriver has been successfully loaded in 2.448s
&amp#27;[38;5;112m[Appium]&amp#27;[0m AndroidUiautomator2Driver has been successfully loaded in 2.448s
&amp#27;[38;5;112m[Appium]&amp#27;[0m Appium REST http interface listener started on http://0.0.0.0:9999
&amp#27;[38;5;112m[Appium]&amp#27;[0m You can provide the following URLs in your client code to connect to this server:
	http://127.0.0.1:9999/ (only accessible from the same host)
	http://192.168.1.248:9999/
&amp#27;[38;5;112m[Appium]&amp#27;[0m Available drivers:
&amp#27;[38;5;112m[Appium]&amp#27;[0m   - xcuitest@7.26.4 (automationName 'XCUITest')
&amp#27;[38;5;112m[Appium]&amp#27;[0m   - uiautomator2@3.8.0 (automationName 'UiAutomator2')
&amp#27;[38;5;112m[Appium]&amp#27;[0m No plugins have been installed. Use the "appium plugin" command to install the one(s) you want to use.
&amp#27;[38;5;86m[HTTP]&amp#27;[0m Request idempotency key: 53462fd2-272e-49c2-b550-d59ca61ff6be
&amp#27;[38;5;86m[HTTP]&amp#27;[0m &amp#27;[37m-->&amp#27;[39m &amp#27;[37mPOST&amp#27;[39m &amp#27;[37m/session&amp#27;[39m &amp#27;[90m{"capabilities":{"firstMatch":[{"appium:udid":"1C2AD9B1-C90B-448A-AD73-5B39FE753230","appium:showXcodeLog":true,"appium:deviceName":"iPhone 13 mini","platformName":"IOS","appium:automationName":"XCUITest","appium:app":"/Users/mac/Documents/Appium-Android-IOS-Automation/src/test/resources/iosapp/My Demo App.app","appium:platformVersion":"1C2AD9B1-C90B-448A-AD73-5B39FE753230"}]}}&amp#27;[39m
&amp#27;[38;5;22m[AppiumDriver@9403]&amp#27;[0m Calling AppiumDriver.createSession() with args: [null,null,{"firstMatch":[{"appium:udid":"1C2AD9B1-C90B-448A-AD73-5B39FE753230","appium:showXcodeLog":true,"appium:deviceName":"iPhone 13 mini","platformName":"IOS","appium:automationName":"XCUITest","appium:app":"/Users/mac/Documents/Appium-Android-IOS-Automation/src/test/resources/iosapp/My Demo App.app","appium:platformVersion":"1C2AD9B1-C90B-448A-AD73-5B39FE753230"}]}]
&amp#27;[38;5;22m[AppiumDriver@9403]&amp#27;[0m Event 'newSessionRequested' logged at 1736172704964 (21:11:44 GMT+0700 (Indochina Time))
&amp#27;[38;5;112m[Appium]&amp#27;[0m Attempting to find matching driver for automationName 'XCUITest' and platformName 'IOS'
&amp#27;[38;5;112m[Appium]&amp#27;[0m The 'xcuitest' driver was installed and matched caps.
&amp#27;[38;5;112m[Appium]&amp#27;[0m Will require it at /Users/mac/.appium/node_modules/appium-xcuitest-driver
&amp#27;[38;5;112m[Appium]&amp#27;[0m Requiring driver at /Users/mac/.appium/node_modules/appium-xcuitest-driver/build/index.js
&amp#27;[38;5;22m[AppiumDriver@9403]&amp#27;[0m Appium v2.13.1 creating new XCUITestDriver (v7.26.4) session
&amp#27;[38;5;22m[AppiumDriver@9403]&amp#27;[0m Checking BaseDriver versions for Appium and XCUITestDriver
&amp#27;[38;5;22m[AppiumDriver@9403]&amp#27;[0m Appium's BaseDriver version is 9.13.1
&amp#27;[38;5;22m[AppiumDriver@9403]&amp#27;[0m XCUITestDriver's BaseDriver version is 9.13.1
&amp#27;[38;5;78m[XCUITestDriver@26e2]&amp#27;[0m 
&amp#27;[38;5;78m[XCUITestDriver@26e2]&amp#27;[0m Creating session with W3C capabilities: {
  "alwaysMatch": {
    "platformName": "IOS",
    "appium:udid": "1C2AD9B1-C90B-448A-AD73-5B39FE753230",
    "appium:showXcodeLog": true,
    "appium:deviceName": "iPhone 13 mini",
    "appium:automationName": "XCUITest",
    "appium:app": "/Users/mac/Documents/Appium-Android-IOS-Automation/src/test/resources/iosapp/My Demo App.app",
    "appium:platformVersion": "1C2AD9B1-C90B-448A-AD73-5B39FE753230"
  },
  "firstMatch": [
    {}
  ]
}
&amp#27;[38;5;93m[c258be5a]&amp#27;[0m&amp#27;[38;5;78m[XCUITestDriver@26e2]&amp#27;[0m Session created with session id: c258be5a-7f09-4ce3-86e7-5f77a339e236
&amp#27;[38;5;93m[c258be5a]&amp#27;[0m&amp#27;[38;5;135m[XCUITest]&amp#27;[0m Current user: 'mac'
&amp#27;[38;5;93m[c258be5a]&amp#27;[0m&amp#27;[38;5;78m[XCUITestDriver@26e2]&amp#27;[0m Available real devices: 
&amp#27;[38;5;93m[c258be5a]&amp#27;[0m&amp#27;[38;5;78m[XCUITestDriver@26e2]&amp#27;[0m Constructing iOS simulator for Xcode version 13.2 with udid '1C2AD9B1-C90B-448A-AD73-5B39FE753230'
&amp#27;[38;5;93m[c258be5a]&amp#27;[0m&amp#27;[38;5;78m[XCUITestDriver@26e2]&amp#27;[0m Determining device to run tests on: udid: '1C2AD9B1-C90B-448A-AD73-5B39FE753230', real device: false
&amp#27;[38;5;93m[c258be5a]&amp#27;[0m&amp#27;[38;5;78m[XCUITestDriver@26e2]&amp#27;[0m Normalized platformVersion capability value '1C2AD9B1-C90B-448A-AD73-5B39FE753230' to '1.0'
&amp#27;[38;5;93m[c258be5a]&amp#27;[0m&amp#27;[38;5;78m[XCUITestDriver@26e2]&amp#27;[0m Event 'xcodeDetailsRetrieved' logged at 1736172705463 (21:11:45 GMT+0700 (Indochina Time))
&amp#27;[38;5;93m[c258be5a]&amp#27;[0m&amp#27;[38;5;123m[BaseDriver]&amp#27;[0m Using local app '/Users/mac/Documents/Appium-Android-IOS-Automation/src/test/resources/iosapp/My Demo App.app'
&amp#27;[38;5;93m[c258be5a]&amp#27;[0m&amp#27;[38;5;78m[XCUITestDriver@26e2]&amp#27;[0m Caching the manifest for com.saucelabs.mydemo.app.ios app from a file source using the key '50ae9f61a7148022a81cadea246374ad607a54e8'
&amp#27;[38;5;93m[c258be5a]&amp#27;[0m&amp#27;[38;5;78m[XCUITestDriver@26e2]&amp#27;[0m Event 'appConfigured' logged at 1736172705474 (21:11:45 GMT+0700 (Indochina Time))
&amp#27;[38;5;93m[c258be5a]&amp#27;[0m&amp#27;[38;5;135m[XCUITest]&amp#27;[0m Checking whether app '/Users/mac/Documents/Appium-Android-IOS-Automation/src/test/resources/iosapp/My Demo App.app' is actually present on file system
&amp#27;[38;5;93m[c258be5a]&amp#27;[0m&amp#27;[38;5;135m[XCUITest]&amp#27;[0m App is present
&amp#27;[38;5;93m[c258be5a]&amp#27;[0m&amp#27;[38;5;78m[XCUITestDriver@26e2]&amp#27;[0m CFBundleIdentifier: "com.saucelabs.mydemo.app.ios"
&amp#27;[38;5;93m[c258be5a]&amp#27;[0m&amp#27;[38;5;78m[XCUITestDriver@26e2]&amp#27;[0m Event 'resetStarted' logged at 1736172705476 (21:11:45 GMT+0700 (Indochina Time))
&amp#27;[38;5;93m[c258be5a]&amp#27;[0m&amp#27;[38;5;78m[XCUITestDriver@26e2]&amp#27;[0m Not scrubbing third party app in anticipation of uninstall
&amp#27;[38;5;93m[c258be5a]&amp#27;[0m&amp#27;[38;5;78m[XCUITestDriver@26e2]&amp#27;[0m Event 'resetComplete' logged at 1736172705623 (21:11:45 GMT+0700 (Indochina Time))
&amp#27;[38;5;93m[c258be5a]&amp#27;[0m&amp#27;[38;5;78m[XCUITestDriver@26e2]&amp#27;[0m Using WDA path: '/Users/mac/.appium/node_modules/appium-xcuitest-driver/node_modules/appium-webdriveragent'
&amp#27;[38;5;93m[c258be5a]&amp#27;[0m&amp#27;[38;5;78m[XCUITestDriver@26e2]&amp#27;[0m Using WDA agent: '/Users/mac/.appium/node_modules/appium-xcuitest-driver/node_modules/appium-webdriveragent/WebDriverAgent.xcodeproj'
&amp#27;[38;5;93m[c258be5a]&amp#27;[0m&amp#27;[38;5;78m[XCUITestDriver@26e2]&amp#27;[0m Starting log capture for iOS Simulator with udid '1C2AD9B1-C90B-448A-AD73-5B39FE753230' using simctl
&amp#27;[38;5;93m[c258be5a]&amp#27;[0m&amp#27;[38;5;78m[XCUITestDriver@26e2]&amp#27;[0m Event 'logCaptureStarted' logged at 1736172706187 (21:11:46 GMT+0700 (Indochina Time))
&amp#27;[38;5;93m[c258be5a]&amp#27;[0m&amp#27;[38;5;78m[XCUITestDriver@26e2]&amp#27;[0m Setting up simulator
&amp#27;[38;5;93m[c258be5a]&amp#27;[0m&amp#27;[38;5;78m[XCUITestDriver@26e2]&amp#27;[0m Setting preferences of 1C2AD9B1-C90B-448A-AD73-5B39FE753230 Simulator to {"ConnectHardwareKeyboard":false}
&amp#27;[38;5;93m[c258be5a]&amp#27;[0m&amp#27;[38;5;78m[XCUITestDriver@26e2]&amp#27;[0m Setting common Simulator preferences to {"RotateWindowWhenSignaledByGuest":true,"StartLastDeviceOnLaunch":false,"DetachOnWindowClose":false,"AttachBootedOnStart":true,"ConnectHardwareKeyboard":false,"PasteboardAutomaticSync":false}
&amp#27;[38;5;93m[c258be5a]&amp#27;[0m&amp#27;[38;5;78m[XCUITestDriver@26e2]&amp#27;[0m Updated 1C2AD9B1-C90B-448A-AD73-5B39FE753230 Simulator preferences at '/Users/mac/Library/Preferences/com.apple.iphonesimulator.plist' with {"RotateWindowWhenSignaledByGuest":true,"StartLastDeviceOnLaunch":false,"DetachOnWindowClose":false,"AttachBootedOnStart":true,"ConnectHardwareKeyboard":false,"PasteboardAutomaticSync":false,"DevicePreferences":{"1C2AD9B1-C90B-448A-AD73-5B39FE753230":{"ConnectHardwareKeyboard":false,"SimulatorExternalDisplay":2114,"SimulatorWindowGeometry":{"D04603FA-CD23-4F73-96E0-61E86768ECF3":{"WindowCenter":"{456, 416}","WindowScale":0.7512135922330098}},"SimulatorWindowOrientation":"Portrait","SimulatorWindowRotationAngle":0,"ChromeTint":""}}}
&amp#27;[38;5;93m[c258be5a]&amp#27;[0m&amp#27;[38;5;78m[XCUITestDriver@26e2]&amp#27;[0m Got Simulator UI client PID: 397
&amp#27;[38;5;93m[c258be5a]&amp#27;[0m&amp#27;[38;5;78m[XCUITestDriver@26e2]&amp#27;[0m Both Simulator with UDID '1C2AD9B1-C90B-448A-AD73-5B39FE753230' and the UI client are currently running
&amp#27;[38;5;93m[c258be5a]&amp#27;[0m&amp#27;[38;5;78m[XCUITestDriver@26e2]&amp#27;[0m Event 'simStarted' logged at 1736172706813 (21:11:46 GMT+0700 (Indochina Time))
&amp#27;[38;5;93m[c258be5a]&amp#27;[0m&amp#27;[38;5;78m[XCUITestDriver@26e2]&amp#27;[0m Verifying application platform
&amp#27;[38;5;93m[c258be5a]&amp#27;[0m&amp#27;[38;5;78m[XCUITestDriver@26e2]&amp#27;[0m CFBundleSupportedPlatforms: ["iPhoneSimulator"]
&amp#27;[38;5;93m[c258be5a]&amp#27;[0m&amp#27;[38;5;78m[XCUITestDriver@26e2]&amp#27;[0m CFBundleExecutable: "My Demo App"
&amp#27;[38;5;93m[c258be5a]&amp#27;[0m&amp#27;[38;5;78m[XCUITestDriver@26e2]&amp#27;[0m /Users/mac/Documents/Appium-Android-IOS-Automation/src/test/resources/iosapp/My Demo App.app/My Demo App: Mach-O universal binary with 2 architectures: [x86_64:Mach-O 64-bit executable x86_64
- Mach-O 64-bit executable x86_64] [arm64]
/Users/mac/Documents/Appium-Android-IOS-Automation/src/test/resources/iosapp/My Demo App.app/My Demo App (for architecture x86_64):	Mach-O 64-bit executable x86_64
/Users/mac/Documents/Appium-Android-IOS-Automation/src/test/resources/iosapp/My Demo App.app/My Demo App (for architecture arm64):	Mach-O 64-bit executable arm64
&amp#27;[38;5;93m[c258be5a]&amp#27;[0m&amp#27;[38;5;78m[XCUITestDriver@26e2]&amp#27;[0m App 'com.saucelabs.mydemo.app.ios' is already installed
&amp#27;[38;5;93m[c258be5a]&amp#27;[0m&amp#27;[38;5;78m[XCUITestDriver@26e2]&amp#27;[0m Reset requested. Removing app with id 'com.saucelabs.mydemo.app.ios' from the device
&amp#27;[38;5;93m[c258be5a]&amp#27;[0m&amp#27;[38;5;78m[XCUITestDriver@26e2]&amp#27;[0m Installing '/Users/mac/Documents/Appium-Android-IOS-Automation/src/test/resources/iosapp/My Demo App.app' on Simulator with UUID '1C2AD9B1-C90B-448A-AD73-5B39FE753230'...
&amp#27;[38;5;93m[c258be5a]&amp#27;[0m&amp#27;[38;5;78m[XCUITestDriver@26e2]&amp#27;[0m The app has been successfully installed in 1948ms
&amp#27;[38;5;93m[c258be5a]&amp#27;[0m&amp#27;[38;5;78m[XCUITestDriver@26e2]&amp#27;[0m Event 'appInstalled' logged at 1736172709856 (21:11:49 GMT+0700 (Indochina Time))
&amp#27;[38;5;93m[c258be5a]&amp#27;[0m&amp#27;[38;5;78m[XCUITestDriver@26e2]&amp#27;[0m No obsolete cached processes from previous WDA sessions listening on port 8100 have been found
&amp#27;[38;5;93m[c258be5a]&amp#27;[0m&amp#27;[38;5;23m[DevCon Factory]&amp#27;[0m Requesting connection for device 1C2AD9B1-C90B-448A-AD73-5B39FE753230 on local port 8100
&amp#27;[38;5;93m[c258be5a]&amp#27;[0m&amp#27;[38;5;23m[DevCon Factory]&amp#27;[0m Cached connections count: 0
&amp#27;[38;5;93m[c258be5a]&amp#27;[0m&amp#27;[38;5;23m[DevCon Factory]&amp#27;[0m Successfully requested the connection for 1C2AD9B1-C90B-448A-AD73-5B39FE753230:8100
&amp#27;[38;5;93m[c258be5a]&amp#27;[0m&amp#27;[38;5;78m[XCUITestDriver@26e2]&amp#27;[0m Starting WebDriverAgent initialization with the synchronization key 'XCUITestDriver'
&amp#27;[38;5;93m[c258be5a]&amp#27;[0m&amp#27;[38;5;151m[WD Proxy]&amp#27;[0m Matched '/status' to command name 'getStatus'
&amp#27;[38;5;93m[c258be5a]&amp#27;[0m&amp#27;[38;5;151m[WD Proxy]&amp#27;[0m Proxying [GET /status] to [GET http://127.0.0.1:8100/status] with no body
&amp#27;[38;5;93m[c258be5a]&amp#27;[0m&amp#27;[38;5;151m[WD Proxy]&amp#27;[0m connect ECONNREFUSED 127.0.0.1:8100
&amp#27;[38;5;93m[c258be5a]&amp#27;[0m&amp#27;[38;5;78m[XCUITestDriver@26e2]&amp#27;[0m WDA is not listening at 'http://127.0.0.1:8100/'. Original error:: An unknown server-side error occurred while processing the command. Original error: Could not proxy command to the remote server. Original error: connect ECONNREFUSED 127.0.0.1:8100
&amp#27;[38;5;93m[c258be5a]&amp#27;[0m&amp#27;[38;5;78m[XCUITestDriver@26e2]&amp#27;[0m WDA is currently not running. There is nothing to cache
&amp#27;[38;5;93m[c258be5a]&amp#27;[0m&amp#27;[38;5;78m[XCUITestDriver@26e2]&amp#27;[0m Trying to start WebDriverAgent 2 times with 10000ms interval
&amp#27;[38;5;93m[c258be5a]&amp#27;[0m&amp#27;[38;5;78m[XCUITestDriver@26e2]&amp#27;[0m These values can be customized by changing wdaStartupRetries/wdaStartupRetryInterval capabilities
&amp#27;[38;5;93m[c258be5a]&amp#27;[0m&amp#27;[38;5;78m[XCUITestDriver@26e2]&amp#27;[0m Event 'wdaStartAttempted' logged at 1736172710430 (21:11:50 GMT+0700 (Indochina Time))
&amp#27;[38;5;93m[c258be5a]&amp#27;[0m&amp#27;[38;5;78m[XCUITestDriver@26e2]&amp#27;[0m Launching WebDriverAgent on the device
&amp#27;[38;5;93m[c258be5a]&amp#27;[0m&amp#27;[38;5;78m[XCUITestDriver@26e2]&amp#27;[0m There is no need to perform the project cleanup. A fresh install has been detected
&amp#27;[38;5;93m[c258be5a]&amp#27;[0m&amp#27;[38;5;21m[WebDriverAgent]&amp#27;[0m Killing running processes 'xcodebuild.*1C2AD9B1-C90B-448A-AD73-5B39FE753230, 1C2AD9B1-C90B-448A-AD73-5B39FE753230.*XCTRunner, xctest.*1C2AD9B1-C90B-448A-AD73-5B39FE753230' for the device 1C2AD9B1-C90B-448A-AD73-5B39FE753230...
&amp#27;[38;5;93m[c258be5a]&amp#27;[0m&amp#27;[38;5;21m[WebDriverAgent]&amp#27;[0m 'pgrep -if xcodebuild.*1C2AD9B1-C90B-448A-AD73-5B39FE753230' didn't detect any matching processes. Return code: 1
&amp#27;[38;5;93m[c258be5a]&amp#27;[0m&amp#27;[38;5;21m[WebDriverAgent]&amp#27;[0m 'pgrep -if 1C2AD9B1-C90B-448A-AD73-5B39FE753230.*XCTRunner' didn't detect any matching processes. Return code: 1
&amp#27;[38;5;93m[c258be5a]&amp#27;[0m&amp#27;[38;5;21m[WebDriverAgent]&amp#27;[0m 'pgrep -if xctest.*1C2AD9B1-C90B-448A-AD73-5B39FE753230' didn't detect any matching processes. Return code: 1
&amp#27;[38;5;93m[c258be5a]&amp#27;[0m&amp#27;[38;5;78m[XCUITestDriver@26e2]&amp#27;[0m Beginning test with command 'xcodebuild build-for-testing test-without-building -project /Users/mac/.appium/node_modules/appium-xcuitest-driver/node_modules/appium-webdriveragent/WebDriverAgent.xcodeproj -scheme WebDriverAgentRunner -destination id=1C2AD9B1-C90B-448A-AD73-5B39FE753230 IPHONEOS_DEPLOYMENT_TARGET=1.0 GCC_TREAT_WARNINGS_AS_ERRORS=0 COMPILER_INDEX_STORE_ENABLE=NO' in directory '/Users/mac/.appium/node_modules/appium-xcuitest-driver/node_modules/appium-webdriveragent'
&amp#27;[38;5;93m[c258be5a]&amp#27;[0m&amp#27;[38;5;78m[XCUITestDriver@26e2]&amp#27;[0m Output from xcodebuild will be logged. To change this, use 'showXcodeLog' desired capability
&amp#27;[38;5;93m[c258be5a]&amp#27;[0m&amp#27;[38;5;173m[Xcode]&amp#27;[0m Command line invocation:
&amp#27;[38;5;93m[c258be5a]&amp#27;[0m&amp#27;[38;5;173m[Xcode]&amp#27;[0m     /Users/mac/Downloads/Xcode.app/Contents/Developer/usr/bin/xcodebuild build-for-testing test-without-building -project /Users/mac/.appium/node_modules/appium-xcuitest-driver/node_modules/appium-webdriveragent/WebDriverAgent.xcodeproj -scheme WebDriverAgentRunner -destination id=1C2AD9B1-C90B-448A-AD73-5B39FE753230 IPHONEOS_DEPLOYMENT_TARGET=1.0 GCC_TREAT_WARNINGS_AS_ERRORS=0 COMPILER_INDEX_STORE_ENABLE=NO
&amp#27;[38;5;93m[c258be5a]&amp#27;[0m&amp#27;[38;5;173m[Xcode]&amp#27;[0m 
&amp#27;[38;5;93m[c258be5a]&amp#27;[0m&amp#27;[38;5;173m[Xcode]&amp#27;[0m User defaults from command line:
&amp#27;[38;5;93m[c258be5a]&amp#27;[0m&amp#27;[38;5;173m[Xcode]&amp#27;[0m     IDEPackageSupportUseBuiltinSCM = YES
&amp#27;[38;5;93m[c258be5a]&amp#27;[0m&amp#27;[38;5;173m[Xcode]&amp#27;[0m 
&amp#27;[38;5;93m[c258be5a]&amp#27;[0m&amp#27;[38;5;173m[Xcode]&amp#27;[0m Build settings from command line:
&amp#27;[38;5;93m[c258be5a]&amp#27;[0m&amp#27;[38;5;173m[Xcode]&amp#27;[0m     COMPILER_INDEX_STORE_ENABLE = NO
&amp#27;[38;5;93m[c258be5a]&amp#27;[0m&amp#27;[38;5;173m[Xcode]&amp#27;[0m     GCC_TREAT_WARNINGS_AS_ERRORS = 0
&amp#27;[38;5;93m[c258be5a]&amp#27;[0m&amp#27;[38;5;173m[Xcode]&amp#27;[0m     IPHONEOS_DEPLOYMENT_TARGET = 1.0
&amp#27;[38;5;93m[c258be5a]&amp#27;[0m&amp#27;[38;5;173m[Xcode]&amp#27;[0m 
&amp#27;[38;5;93m[c258be5a]&amp#27;[0m&amp#27;[38;5;78m[XCUITestDriver@26e2]&amp#27;[0m Waiting up to 60000ms for WebDriverAgent to start
&amp#27;[38;5;93m[c258be5a]&amp#27;[0m&amp#27;[38;5;78m[XCUITestDriver@26e2]&amp#27;[0m Matched '/status' to command name 'getStatus'
&amp#27;[38;5;93m[c258be5a]&amp#27;[0m&amp#27;[38;5;78m[XCUITestDriver@26e2]&amp#27;[0m Proxying [GET /status] to [GET http://127.0.0.1:8100/status] with no body
&amp#27;[38;5;93m[c258be5a]&amp#27;[0m&amp#27;[38;5;78m[XCUITestDriver@26e2]&amp#27;[0m connect ECONNREFUSED 127.0.0.1:8100
&amp#27;[38;5;93m[c258be5a]&amp#27;[0m&amp#27;[38;5;78m[XCUITestDriver@26e2]&amp#27;[0m Parsed BUILD_DIR configuration value: '/Users/mac/Library/Developer/Xcode/DerivedData/WebDriverAgent-ftyyjphyaxmwnxbquukpkjatjqxc/Build/Products'
&amp#27;[38;5;93m[c258be5a]&amp#27;[0m&amp#27;[38;5;78m[XCUITestDriver@26e2]&amp#27;[0m Got derived data root: '/Users/mac/Library/Developer/Xcode/DerivedData/WebDriverAgent-ftyyjphyaxmwnxbquukpkjatjqxc'
&amp#27;[38;5;93m[c258be5a]&amp#27;[0m&amp#27;[38;5;78m[XCUITestDriver@26e2]&amp#27;[0m Matched '/status' to command name 'getStatus'
&amp#27;[38;5;93m[c258be5a]&amp#27;[0m&amp#27;[38;5;78m[XCUITestDriver@26e2]&amp#27;[0m Proxying [GET /status] to [GET http://127.0.0.1:8100/status] with no body
&amp#27;[38;5;93m[c258be5a]&amp#27;[0m&amp#27;[38;5;78m[XCUITestDriver@26e2]&amp#27;[0m connect ECONNREFUSED 127.0.0.1:8100
&amp#27;[38;5;93m[c258be5a]&amp#27;[0m&amp#27;[38;5;78m[XCUITestDriver@26e2]&amp#27;[0m Matched '/status' to command name 'getStatus'
&amp#27;[38;5;93m[c258be5a]&amp#27;[0m&amp#27;[38;5;78m[XCUITestDriver@26e2]&amp#27;[0m Proxying [GET /status] to [GET http://127.0.0.1:8100/status] with no body
&amp#27;[38;5;93m[c258be5a]&amp#27;[0m&amp#27;[38;5;78m[XCUITestDriver@26e2]&amp#27;[0m connect ECONNREFUSED 127.0.0.1:8100
&amp#27;[38;5;93m[c258be5a]&amp#27;[0m&amp#27;[38;5;173m[Xcode]&amp#27;[0m note: Using new build system
&amp#27;[38;5;93m[c258be5a]&amp#27;[0m&amp#27;[38;5;173m[Xcode]&amp#27;[0m note: Planning
&amp#27;[38;5;93m[c258be5a]&amp#27;[0m&amp#27;[38;5;173m[Xcode]&amp#27;[0m Analyze workspace
&amp#27;[38;5;93m[c258be5a]&amp#27;[0m&amp#27;[38;5;173m[Xcode]&amp#27;[0m 
&amp#27;[38;5;93m[c258be5a]&amp#27;[0m&amp#27;[38;5;173m[Xcode]&amp#27;[0m Create build description
&amp#27;[38;5;93m[c258be5a]&amp#27;[0m&amp#27;[38;5;78m[XCUITestDriver@26e2]&amp#27;[0m Matched '/status' to command name 'getStatus'
&amp#27;[38;5;93m[c258be5a]&amp#27;[0m&amp#27;[38;5;78m[XCUITestDriver@26e2]&amp#27;[0m Proxying [GET /status] to [GET http://127.0.0.1:8100/status] with no body
&amp#27;[38;5;93m[c258be5a]&amp#27;[0m&amp#27;[38;5;78m[XCUITestDriver@26e2]&amp#27;[0m connect ECONNREFUSED 127.0.0.1:8100
&amp#27;[38;5;93m[c258be5a]&amp#27;[0m&amp#27;[38;5;173m[Xcode]&amp#27;[0m Build description signature: 3cc4f0c55136a65f9260c02b1974d211
&amp#27;[38;5;93m[c258be5a]&amp#27;[0m&amp#27;[38;5;173m[Xcode]&amp#27;[0m Build description path: /Users/mac/Library/Developer/Xcode/DerivedData/WebDriverAgent-ftyyjphyaxmwnxbquukpkjatjqxc/Build/Intermediates.noindex/XCBuildData/3cc4f0c55136a65f9260c02b1974d211-desc.xcbuild
&amp#27;[38;5;93m[c258be5a]&amp#27;[0m&amp#27;[38;5;173m[Xcode]&amp#27;[0m 
&amp#27;[38;5;93m[c258be5a]&amp#27;[0m&amp#27;[38;5;173m[Xcode]&amp#27;[0m note: Build preparation complete
&amp#27;[38;5;93m[c258be5a]&amp#27;[0m&amp#27;[38;5;173m[Xcode]&amp#27;[0m note: Building targets in dependency order
&amp#27;[38;5;93m[c258be5a]&amp#27;[0m&amp#27;[38;5;173m[Xcode]&amp#27;[0m /Users/mac/.appium/node_modules/appium-xcuitest-driver/node_modules/appium-webdriveragent/WebDriverAgent.xcodeproj: warning: The iOS Simulator deployment target 'IPHONEOS_DEPLOYMENT_TARGET' is set to 1.0, but the range of supported deployment target versions is 9.0 to 15.2.99. (in target 'WebDriverAgentLib' from project 'WebDriverAgent')
&amp#27;[38;5;93m[c258be5a]&amp#27;[0m&amp#27;[38;5;173m[Xcode]&amp#27;[0m WriteAuxiliaryFile /Users/mac/Library/Developer/Xcode/DerivedData/WebDriverAgent-ftyyjphyaxmwnxbquukpkjatjqxc/Build/Intermediates.noindex/WebDriverAgent.build/Debug-iphonesimulator/WebDriverAgentLib.build/WebDriverAgentLib-all-non-framework-target-headers.hmap (in target 'WebDriverAgentLib' from project 'WebDriverAgent')
&amp#27;[38;5;93m[c258be5a]&amp#27;[0m&amp#27;[38;5;173m[Xcode]&amp#27;[0m     cd /Users/mac/.appium/node_modules/appium-xcuitest-driver/node_modules/appium-webdriveragent
&amp#27;[38;5;93m[c258be5a]&amp#27;[0m&amp#27;[38;5;173m[Xcode]&amp#27;[0m     write-file /Users/mac/Library/Developer/Xcode/DerivedData/WebDriverAgent-ftyyjphyaxmwnxbquukpkjatjqxc/Build/Intermediates.noindex/WebDriverAgent.build/Debug-iphonesimulator/WebDriverAgentLib.build/WebDriverAgentLib-all-non-framework-target-headers.hmap
&amp#27;[38;5;93m[c258be5a]&amp#27;[0m&amp#27;[38;5;173m[Xcode]&amp#27;[0m 
&amp#27;[38;5;93m[c258be5a]&amp#27;[0m&amp#27;[38;5;173m[Xcode]&amp#27;[0m CompileC /Users/mac/Library/Developer/Xcode/DerivedData/WebDriverAgent-ftyyjphyaxmwnxbquukpkjatjqxc/Build/Intermediates.noindex/WebDriverAgent.build/Debug-iphonesimulator/WebDriverAgentLib.build/Objects-normal/x86_64/XCUIElement+FBPickerWheel.o /Users/mac/.appium/node_modules/appium-xcuitest-driver/node_modules/appium-webdriveragent/WebDriverAgentLib/Categories/XCUIElement+FBPickerWheel.m normal x86_64 objective-c com.apple.compilers.llvm.clang.1_0.compiler (in target 'WebDriverAgentLib' from project 'WebDriverAgent')
&amp#27;[38;5;93m[c258be5a]&amp#27;[0m&amp#27;[38;5;173m[Xcode]&amp#27;[0m     cd /Users/mac/.appium/node_modules/appium-xcuitest-driver/node_modules/appium-webdriveragent
&amp#27;[38;5;93m[c258be5a]&amp#27;[0m&amp#27;[38;5;173m[Xcode]&amp#27;[0m     export LANG\=en_US.US-ASCII
&amp#27;[38;5;93m[c258be5a]&amp#27;[0m&amp#27;[38;5;173m[Xcode]&amp#27;[0m     /Users/mac/Downloads/Xcode.app/Contents/Developer/Toolchains/XcodeDefault.xctoolchain/usr/bin/clang -x objective-c -target x86_64-apple-ios1.0-simulator -fmessage-length\=0 -fdiagnostics-show-note-include-stack -fmacro-backtrace-limit\=0 -std\=gnu99 -fobjc-arc -fmodules -gmodules -fmodules-cache-path\=/Users/mac/Library/Developer/Xcode/DerivedData/ModuleCache.noindex -fmodules-prune-interval\=86400 -fmodules-prune-after\=345600 -fbuild-session-file\=/Users/mac/Library/Developer/Xcode/DerivedData/ModuleCache.noindex/Session.modulevalidation -fmodules-validate-once-per-build-session -Wno-trigraphs -fpascal-strings -O0 -fno-common -Wmissing-field-initializers -Wno-missing-prototypes -Werror\=return-type -Wunreachable-code -Wquoted-include-in-framework-header -Wno-implicit-atomic-properties -Werror\=deprecated-objc-isa-usage -Wno-objc-interface-ivars -Werror\=objc-root-class -Warc-repeated-use-of-weak -Wno-arc-maybe-repeated-use-of-weak -Wimplicit-retain-self -Wduplicate-method-match -Wno-missing-braces -Wparentheses -Wswitch -Wunused-function -Wno-unused-label -Wunused-parameter -Wunused-variable -Wunused-value -Wempty-body -Wuninitialized -Wconditional-uninitialized -Wno-unknown-pragmas -pedantic -Wshadow -Wno-four-char-constants -Wconversion -Wconstant-conversion -Wint-conversion -Wbool-conversion -Wenum-conversion -Wfloat-conversion -Wnon-literal-null-conversion -Wobjc-literal-conversion -Wassign-enum -Wsign-compare -Wshorten-64-to-32 -Wpointer-sign -Wno-newline-eof -Wno-selector -Wno-strict-selector-match -Wundeclared-selector -Wdeprecated-implementations -DDEBUG\=1 -DOBJC_OLD_DISPATCH_PROTOTYPES\=0 -isysroot /Users/mac/Downloads/Xcode.app/Contents/Developer/Platforms/iPhoneSimulator.platform/Developer/SDKs/iPhoneSimulator15.2.sdk -fasm-blocks -fstrict-aliasing -Wprotocol -Wdeprecated-declarations -g -Wno-sign-conversion -Winfinite-recursion -Wcomma -Wblock-capture-autoreleasing -Wstrict-prototypes -Wno-semicolon-before-method-body -fobjc-abi-version\=2 -fobjc-legacy-dispatch -iquote /Users/mac/Library/Developer/Xcode/DerivedData/WebDriverAgent-ftyyjphyaxmwnxbquukpkjatjqxc/Build/Intermediates.noindex/WebDriverAgent.build/Debug-iphonesimulator/WebDriverAgentLib.build/WebDriverAgentLib-generated-files.hmap -I/Users/mac/Library/Developer/Xcode/DerivedData/WebDriverAgent-ftyyjphyaxmwnxbquukpkjatjqxc/Build/Intermediates.noindex/WebDriverAgent.build/Debug-iphonesimulator/WebDriverAgentLib.build/WebDriverAgentLib-own-target-headers.hmap -I/Users/mac/Library/Developer/Xcode/DerivedData/WebDriverAgent-ftyyjphyaxmwnxbquukpkjatjqxc/Build/Intermediates.noindex/WebDriverAgent.build/Debug-iphonesimulator/WebDriverAgentLib.build/WebDriverAgentLib-all-target-headers.hmap -iquote /Users/mac/Library/Developer/Xcode/DerivedData/WebDriverAgent-ftyyjphyaxmwnxbquukpkjatjqxc/Build/Intermediates.noindex/WebDriverAgent.build/Debug-iphonesimulator/WebDriverAgentLib.build/WebDriverAgentLib-project-headers.hmap -I/Users/mac/Library/Developer/Xcode/DerivedData/WebDriverAgent-ftyyjphyaxmwnxbquukpkjatjqxc/Build/Products/Debug-iphonesimulator/include -I/Users/mac/Downloads/Xcode.app/Contents/Developer/Platforms/iPhoneSimulator.platform/Developer/SDKs/iPhoneSimulator15.2.sdk/usr/include/libxml2 -I/Users/mac/.appium/node_modules/appium-xcuitest-driver/node_modules/appium-webdriveragent/Modules -I/Users/mac/Library/Developer/Xcode/DerivedData/WebDriverAgent-ftyyjphyaxmwnxbquukpkjatjqxc/Build/Intermediates.noindex/WebDriverAgent.build/Debug-iphonesimulator/WebDriverAgentLib.build/DerivedSources-normal/x86_64 -I/Users/mac/Library/Developer/Xcode/DerivedData/WebDriverAgent-ftyyjphyaxmwnxbquukpkjatjqxc/Build/Intermediates.noindex/WebDriverAgent.build/Debug-iphonesimulator/WebDriverAgentLib.build/DerivedSources/x86_64 -I/Users/mac/Library/Developer/Xcode/DerivedData/WebDriverAgent-ftyyjphyaxmwnxbquukpkjatjqxc/Build/Intermediates.noindex/WebDriverAgent.build/Debug-iphonesimulator/WebDriverAgentLib.build/DerivedSources -Weverything -Wno-objc-missing-property-synthesis -Wno-unused-macros -Wno-disabled-macro-expansion -Wno-gnu-statement-expression -Wno-language-extension-token -Wno-overriding-method-mismatch -Wno-missing-variable-declarations -Rno-module-build -Wno-auto-import -Wno-objc-interface-ivars -Wno-documentation-unknown-command -Wno-reserved-id-macro -Wno-unused-parameter -Wno-gnu-conditional-omitted-operand -Wno-explicit-ownership-type -Wno-date-time -Wno-cast-align -Wno-cstring-format-directive -Wno-double-promotion -Wno-partial-availability -Weverything -Wno-objc-missing-property-synthesis -Wno-unused-macros -Wno-disabled-macro-expansion -Wno-gnu-statement-expression -Wno-language-extension-token -Wno-overriding-method-mismatch -Wno-missing-variable-declarations -Rno-module-build -Wno-auto-import -Wno-objc-interface-ivars -Wno-documentation-unknown-command -Wno-reserved-id-macro -Wno-unused-parameter -Wno-gnu-conditional-omitted-operand -Wno-explicit-ownership-type -Wno-date-time -Wno-cast-align -Wno-cstring-format-directive -Wno-double-promotion -Wno-partial-availability -Wno-objc-messaging-id -Wno-direct-ivar-access -Wno-cast-qual -Wno-declaration-after-statement -F/Users/mac/Library/Developer/Xcode/DerivedData/WebDriverAgent-ftyyjphyaxmwnxbquukpkjatjqxc/Build/Products/Debug-iphonesimulator -F/Users/mac/Downloads/Xcode.app/Contents/Developer/Platforms/iPhoneSimulator.platform/Developer/Library/Frameworks -F/Users/mac/Downloads/Xcode.app/Contents/Developer/Platforms/iPhoneSimulator.platform/Developer/Library/PrivateFrameworks -iframework /Users/mac/Downloads/Xcode.app/Contents/Developer/Platforms/iPhoneSimulator.platform/Developer/SDKs/iPhoneSimulator15.2.sdk/Developer/Library/Frameworks -MMD -MT dependencies -MF /Users/mac/Library/Developer/Xcode/DerivedData/WebDriverAgent-ftyyjphyaxmwnxbquukpkjatjqxc/Build/Intermediates.noindex/WebDriverAgent.build/Debug-iphonesimulator/WebDriverAgentLib.build/Objects-normal/x86_64/XCUIElement+FBPickerWheel.d --serialize-diagnostics /Users/mac/Library/Developer/Xcode/DerivedData/WebDriverAgent-ftyyjphyaxmwnxbquukpkjatjqxc/Build/Intermediates.noindex/WebDriverAgent.build/Debug-iphonesimulator/WebDriverAgentLib.build/Objects-normal/x86_64/XCUIElement+FBPickerWheel.dia -c /Users/mac/.appium/node_modules/appium-xcuitest-driver/node_modules/appium-webdriveragent/WebDriverAgentLib/Categories/XCUIElement+FBPickerWheel.m -o /Users/mac/Library/Developer/Xcode/DerivedData/WebDriverAgent-ftyyjphyaxmwnxbquukpkjatjqxc/Build/Intermediates.noindex/WebDriverAgent.build/Debug-iphonesimulator/WebDriverAgentLib.build/Objects-normal/x86_64/XCUIElement+FBPickerWheel.o
&amp#27;[38;5;93m[c258be5a]&amp#27;[0m&amp#27;[38;5;78m[XCUITestDriver@26e2]&amp#27;[0m Matched '/status' to command name 'getStatus'
&amp#27;[38;5;93m[c258be5a]&amp#27;[0m&amp#27;[38;5;78m[XCUITestDriver@26e2]&amp#27;[0m Proxying [GET /status] to [GET http://127.0.0.1:8100/status] with no body
&amp#27;[38;5;93m[c258be5a]&amp#27;[0m&amp#27;[38;5;78m[XCUITestDriver@26e2]&amp#27;[0m connect ECONNREFUSED 127.0.0.1:8100
&amp#27;[38;5;93m[c258be5a]&amp#27;[0m&amp#27;[38;5;78m[XCUITestDriver@26e2]&amp#27;[0m Matched '/status' to command name 'getStatus'
&amp#27;[38;5;93m[c258be5a]&amp#27;[0m&amp#27;[38;5;78m[XCUITestDriver@26e2]&amp#27;[0m Proxying [GET /status] to [GET http://127.0.0.1:8100/status] with no body
&amp#27;[38;5;93m[c258be5a]&amp#27;[0m&amp#27;[38;5;78m[XCUITestDriver@26e2]&amp#27;[0m connect ECONNREFUSED 127.0.0.1:8100
&amp#27;[38;5;93m[c258be5a]&amp#27;[0m&amp#27;[38;5;173m[Xcode]&amp#27;[0m 
&amp#27;[38;5;93m[c258be5a]&amp#27;[0m&amp#27;[38;5;173m[Xcode]&amp#27;[0m CompileC /Users/mac/Library/Developer/Xcode/DerivedData/WebDriverAgent-ftyyjphyaxmwnxbquukpkjatjqxc/Build/Intermediates.noindex/WebDriverAgent.build/Debug-iphonesimulator/WebDriverAgentLib.build/Objects-normal/x86_64/WebDriverAgentLib_vers.o /Users/mac/Library/Developer/Xcode/DerivedData/WebDriverAgent-ftyyjphyaxmwnxbquukpkjatjqxc/Build/Intermediates.noindex/WebDriverAgent.build/Debug-iphonesimulator/WebDriverAgentLib.build/DerivedSources/WebDriverAgentLib_vers.c normal x86_64 c com.apple.compilers.llvm.clang.1_0.compiler (in target 'WebDriverAgentLib' from project 'WebDriverAgent')
&amp#27;[38;5;93m[c258be5a]&amp#27;[0m&amp#27;[38;5;173m[Xcode]&amp#27;[0m     cd /Users/mac/.appium/node_modules/appium-xcuitest-driver/node_modules/appium-webdriveragent
&amp#27;[38;5;93m[c258be5a]&amp#27;[0m&amp#27;[38;5;173m[Xcode]&amp#27;[0m     export LANG\=en_US.US-ASCII
&amp#27;[38;5;93m[c258be5a]&amp#27;[0m&amp#27;[38;5;173m[Xcode]&amp#27;[0m     /Users/mac/Downloads/Xcode.app/Contents/Developer/Toolchains/XcodeDefault.xctoolchain/usr/bin/clang -x c -target x86_64-apple-ios1.0-simulator -fmessage-length\=0 -fdiagnostics-show-note-include-stack -fmacro-backtrace-limit\=0 -std\=gnu99 -fmodules -gmodules -fmodules-cache-path\=/Users/mac/Library/Developer/Xcode/DerivedData/ModuleCache.noindex -fmodules-prune-interval\=86400 -fmodules-prune-after\=345600 -fbuild-session-file\=/Users/mac/Library/Developer/Xcode/DerivedData/ModuleCache.noindex/Session.modulevalidation -fmodules-validate-once-per-build-session -Wno-trigraphs -fpascal-strings -O0 -fno-common -Wmissing-field-initializers -Wno-missing-prototypes -Werror\=return-type -Wunreachable-code -Wquoted-include-in-framework-header -Werror\=deprecated-objc-isa-usage -Werror\=objc-root-class -Wno-missing-braces -Wparentheses -Wswitch -Wunused-function -Wno-unused-label -Wunused-parameter -Wunused-variable -Wunused-value -Wempty-body -Wuninitialized -Wconditional-uninitialized -Wno-unknown-pragmas -pedantic -Wshadow -Wno-four-char-constants -Wconversion -Wconstant-conversion -Wint-conversion -Wbool-conversion -Wenum-conversion -Wfloat-conversion -Wnon-literal-null-conversion -Wobjc-literal-conversion -Wassign-enum -Wsign-compare -Wshorten-64-to-32 -Wpointer-sign -Wno-newline-eof -DDEBUG\=1 -isysroot /Users/mac/Downloads/Xcode.app/Contents/Developer/Platforms/iPhoneSimulator.platform/Developer/SDKs/iPhoneSimulator15.2.sdk -fasm-blocks -fstrict-aliasing -Wdeprecated-declarations -g -Wno-sign-conversion -Winfinite-recursion -Wcomma -Wblock-capture-autoreleasing -Wstrict-prototypes -Wno-semicolon-before-method-body -iquote /Users/mac/Library/Developer/Xcode/DerivedData/WebDriverAgent-ftyyjphyaxmwnxbquukpkjatjqxc/Build/Intermediates.noindex/WebDriverAgent.build/Debug-iphonesimulator/WebDriverAgentLib.build/WebDriverAgentLib-generated-files.hmap -I/Users/mac/Library/Developer/Xcode/DerivedData/WebDriverAgent-ftyyjphyaxmwnxbquukpkjatjqxc/Build/Intermediates.noindex/WebDriverAgent.build/Debug-iphonesimulator/WebDriverAgentLib.build/WebDriverAgentLib-own-target-headers.hmap -I/Users/mac/Library/Developer/Xcode/DerivedData/WebDriverAgent-ftyyjphyaxmwnxbquukpkjatjqxc/Build/Intermediates.noindex/WebDriverAgent.build/Debug-iphonesimulator/WebDriverAgentLib.build/WebDriverAgentLib-all-target-headers.hmap -iquote /Users/mac/Library/Developer/Xcode/DerivedData/WebDriverAgent-ftyyjphyaxmwnxbquukpkjatjqxc/Build/Intermediates.noindex/WebDriverAgent.build/Debug-iphonesimulator/WebDriverAgentLib.build/WebDriverAgentLib-project-headers.hmap -I/Users/mac/Library/Developer/Xcode/DerivedData/WebDriverAgent-ftyyjphyaxmwnxbquukpkjatjqxc/Build/Products/Debug-iphonesimulator/include -I/Users/mac/Downloads/Xcode.app/Contents/Developer/Platforms/iPhoneSimulator.platform/Developer/SDKs/iPhoneSimulator15.2.sdk/usr/include/libxml2 -I/Users/mac/.appium/node_modules/appium-xcuitest-driver/node_modules/appium-webdriveragent/Modules -I/Users/mac/Library/Developer/Xcode/DerivedData/WebDriverAgent-ftyyjphyaxmwnxbquukpkjatjqxc/Build/Intermediates.noindex/WebDriverAgent.build/Debug-iphonesimulator/WebDriverAgentLib.build/DerivedSources-normal/x86_64 -I/Users/mac/Library/Developer/Xcode/DerivedData/WebDriverAgent-ftyyjphyaxmwnxbquukpkjatjqxc/Build/Intermediates.noindex/WebDriverAgent.build/Debug-iphonesimulator/WebDriverAgentLib.build/DerivedSources/x86_64 -I/Users/mac/Library/Developer/Xcode/DerivedData/WebDriverAgent-ftyyjphyaxmwnxbquukpkjatjqxc/Build/Intermediates.noindex/WebDriverAgent.build/Debug-iphonesimulator/WebDriverAgentLib.build/DerivedSources -Weverything -Wno-objc-missing-property-synthesis -Wno-unused-macros -Wno-disabled-macro-expansion -Wno-gnu-statement-expression -Wno-language-extension-token -Wno-overriding-method-mismatch -Wno-missing-variable-declarations -Rno-module-build -Wno-auto-import -Wno-objc-interface-ivars -Wno-documentation-unknown-command -Wno-reserved-id-macro -Wno-unused-parameter -Wno-gnu-conditional-omitted-operand -Wno-explicit-ownership-type -Wno-date-time -Wno-cast-align -Wno-cstring-format-directive -Wno-double-promotion -Wno-partial-availability -Weverything -Wno-objc-missing-property-synthesis -Wno-unused-macros -Wno-disabled-macro-expansion -Wno-gnu-statement-expression -Wno-language-extension-token -Wno-overriding-method-mismatch -Wno-missing-variable-declarations -Rno-module-build -Wno-auto-import -Wno-objc-interface-ivars -Wno-documentation-unknown-command -Wno-reserved-id-macro -Wno-unused-parameter -Wno-gnu-conditional-omitted-operand -Wno-explicit-ownership-type -Wno-date-time -Wno-cast-align -Wno-cstring-format-directive -Wno-double-promotion -Wno-partial-availability -Wno-objc-messaging-id -Wno-direct-ivar-access -Wno-cast-qual -Wno-declaration-after-statement -F/Users/mac/Library/Developer/Xcode/DerivedData/WebDriverAgent-ftyyjphyaxmwnxbquukpkjatjqxc/Build/Products/Debug-iphonesimulator -F/Users/mac/Downloads/Xcode.app/Contents/Developer/Platforms/iPhoneSimulator.platform/Developer/Library/Frameworks -F/Users/mac/Downloads/Xcode.app/Contents/Developer/Platforms/iPhoneSimulator.platform/Developer/Library/PrivateFrameworks -iframework /Users/mac/Downloads/Xcode.app/Contents/Developer/Platforms/iPhoneSimulator.platform/Developer/SDKs/iPhoneSimulator15.2.sdk/Developer/Library/Frameworks -MMD -MT dependencies -MF /Users/mac/Library/Developer/Xcode/DerivedData/WebDriverAgent-ftyyjphyaxmwnxbquukpkjatjqxc/Build/Intermediates.noindex/WebDriverAgent.build/Debug-iphonesimulator/WebDriverAgentLib.build/Objects-normal/x86_64/WebDriverAgentLib_vers.d --serialize-diagnostics /Users/mac/Library/Developer/Xcode/DerivedData/WebDriverAgent-ftyyjphyaxmwnxbquukpkjatjqxc/Build/Intermediates.noindex/WebDriverAgent.build/Debug-iphonesimulator/WebDriverAgentLib.build/Objects-normal/x86_64/WebDriverAgentLib_vers.dia -c /Users/mac/Library/Developer/Xcode/DerivedData/WebDriverAgent-ftyyjphyaxmwnxbquukpkjatjqxc/Build/Intermediates.noindex/WebDriverAgent.build/Debug-iphonesimulator/WebDriverAgentLib.build/DerivedSources/WebDriverAgentLib_vers.c -o /Users/mac/Library/Developer/Xcode/DerivedData/WebDriverAgent-ftyyjphyaxmwnxbquukpkjatjqxc/Build/Intermediates.noindex/WebDriverAgent.build/Debug-iphonesimulator/WebDriverAgentLib.build/Objects-normal/x86_64/WebDriverAgentLib_vers.o
&amp#27;[38;5;93m[c258be5a]&amp#27;[0m&amp#27;[38;5;173m[Xcode]&amp#27;[0m 
&amp#27;[38;5;93m[c258be5a]&amp#27;[0m&amp#27;[38;5;173m[Xcode]&amp#27;[0m CompileC /Users/mac/Library/Developer/Xcode/DerivedData/WebDriverAgent-ftyyjphyaxmwnxbquukpkjatjqxc/Build/Intermediates.noindex/WebDriverAgent.build/Debug-iphonesimulator/WebDriverAgentLib.build/Objects-normal/x86_64/HTTPConnection.o /Users/mac/.appium/node_modules/appium-xcuitest-driver/node_modules/appium-webdriveragent/WebDriverAgentLib/Vendor/CocoaHTTPServer/HTTPConnection.m normal x86_64 objective-c com.apple.compilers.llvm.clang.1_0.compiler (in target 'WebDriverAgentLib' from project 'WebDriverAgent')
&amp#27;[38;5;93m[c258be5a]&amp#27;[0m&amp#27;[38;5;173m[Xcode]&amp#27;[0m     cd /Users/mac/.appium/node_modules/appium-xcuitest-driver/node_modules/appium-webdriveragent
&amp#27;[38;5;93m[c258be5a]&amp#27;[0m&amp#27;[38;5;173m[Xcode]&amp#27;[0m     export LANG\=en_US.US-ASCII
&amp#27;[38;5;93m[c258be5a]&amp#27;[0m&amp#27;[38;5;173m[Xcode]&amp#27;[0m     /Users/mac/Downloads/Xcode.app/Contents/Developer/Toolchains/XcodeDefault.xctoolchain/usr/bin/clang -x objective-c -target x86_64-apple-ios1.0-simulator -fmessage-length\=0 -fdiagnostics-show-note-include-stack -fmacro-backtrace-limit\=0 -std\=gnu99 -fobjc-arc -fmodules -gmodules -fmodules-cache-path\=/Users/mac/Library/Developer/Xcode/DerivedData/ModuleCache.noindex -fmodules-prune-interval\=86400 -fmodules-prune-after\=345600 -fbuild-session-file\=/Users/mac/Library/Developer/Xcode/DerivedData/ModuleCache.noindex/Session.modulevalidation -fmodules-validate-once-per-build-session -Wno-trigraphs -fpascal-strings -O0 -fno-common -Wmissing-field-initializers -Wno-missing-prototypes -Werror\=return-type -Wunreachable-code -Wquoted-include-in-framework-header -Wno-implicit-atomic-properties -Werror\=deprecated-objc-isa-usage -Wno-objc-interface-ivars -Werror\=objc-root-class -Warc-repeated-use-of-weak -Wno-arc-maybe-repeated-use-of-weak -Wimplicit-retain-self -Wduplicate-method-match -Wno-missing-braces -Wparentheses -Wswitch -Wunused-function -Wno-unused-label -Wunused-parameter -Wunused-variable -Wunused-value -Wempty-body -Wuninitialized -Wconditional-uninitialized -Wno-unknown-pragmas -pedantic -Wshadow -Wno-four-char-constants -Wconversion -Wconstant-conversion -Wint-conversion -Wbool-conversion -Wenum-conversion -Wfloat-conversion -Wnon-literal-null-conversion -Wobjc-literal-conversion -Wassign-enum -Wsign-compare -Wshorten-64-to-32 -Wpointer-sign -Wno-newline-eof -Wno-selector -Wno-strict-selector-match -Wundeclared-selector -Wdeprecated-implementations -DDEBUG\=1 -DOBJC_OLD_DISPATCH_PROTOTYPES\=0 -isysroot /Users/mac/Downloads/Xcode.app/Contents/Developer/Platforms/iPhoneSimulator.platform/Developer/SDKs/iPhoneSimulator15.2.sdk -fasm-blocks -fstrict-aliasing -Wprotocol -Wdeprecated-declarations -g -Wno-sign-conversion -Winfinite-recursion -Wcomma -Wblock-capture-autoreleasing -Wstrict-prototypes -Wno-semicolon-before-method-body -fobjc-abi-version\=2 -fobjc-legacy-dispatch -iquote /Users/mac/Library/Developer/Xcode/DerivedData/WebDriverAgent-ftyyjphyaxmwnxbquukpkjatjqxc/Build/Intermediates.noindex/WebDriverAgent.build/Debug-iphonesimulator/WebDriverAgentLib.build/WebDriverAgentLib-generated-files.hmap -I/Users/mac/Library/Developer/Xcode/DerivedData/WebDriverAgent-ftyyjphyaxmwnxbquukpkjatjqxc/Build/Intermediates.noindex/WebDriverAgent.build/Debug-iphonesimulator/WebDriverAgentLib.build/WebDriverAgentLib-own-target-headers.hmap -I/Users/mac/Library/Developer/Xcode/DerivedData/WebDriverAgent-ftyyjphyaxmwnxbquukpkjatjqxc/Build/Intermediates.noindex/WebDriverAgent.build/Debug-iphonesimulator/WebDriverAgentLib.build/WebDriverAgentLib-all-target-headers.hmap -iquote /Users/mac/Library/Developer/Xcode/DerivedData/WebDriverAgent-ftyyjphyaxmwnxbquukpkjatjqxc/Build/Intermediates.noindex/WebDriverAgent.build/Debug-iphonesimulator/WebDriverAgentLib.build/WebDriverAgentLib-project-headers.hmap -I/Users/mac/Library/Developer/Xcode/DerivedData/WebDriverAgent-ftyyjphyaxmwnxbquukpkjatjqxc/Build/Products/Debug-iphonesimulator/include -I/Users/mac/Downloads/Xcode.app/Contents/Developer/Platforms/iPhoneSimulator.platform/Developer/SDKs/iPhoneSimulator15.2.sdk/usr/include/libxml2 -I/Users/mac/.appium/node_modules/appium-xcuitest-driver/node_modules/appium-webdriveragent/Modules -I/Users/mac/Library/Developer/Xcode/DerivedData/WebDriverAgent-ftyyjphyaxmwnxbquukpkjatjqxc/Build/Intermediates.noindex/WebDriverAgent.build/Debug-iphonesimulator/WebDriverAgentLib.build/DerivedSources-normal/x86_64 -I/Users/mac/Library/Developer/Xcode/DerivedData/WebDriverAgent-ftyyjphyaxmwnxbquukpkjatjqxc/Build/Intermediates.noindex/WebDriverAgent.build/Debug-iphonesimulator/WebDriverAgentLib.build/DerivedSources/x86_64 -I/Users/mac/Library/Developer/Xcode/DerivedData/WebDriverAgent-ftyyjphyaxmwnxbquukpkjatjqxc/Build/Intermediates.noindex/WebDriverAgent.build/Debug-iphonesimulator/WebDriverAgentLib.build/DerivedSources -Weverything -Wno-objc-missing-property-synthesis -Wno-unused-macros -Wno-disabled-macro-expansion -Wno-gnu-statement-expression -Wno-language-extension-token -Wno-overriding-method-mismatch -Wno-missing-variable-declarations -Rno-module-build -Wno-auto-import -Wno-objc-interface-ivars -Wno-documentation-unknown-command -Wno-reserved-id-macro -Wno-unused-parameter -Wno-gnu-conditional-omitted-operand -Wno-explicit-ownership-type -Wno-date-time -Wno-cast-align -Wno-cstring-format-directive -Wno-double-promotion -Wno-partial-availability -Weverything -Wno-objc-missing-property-synthesis -Wno-unused-macros -Wno-disabled-macro-expansion -Wno-gnu-statement-expression -Wno-language-extension-token -Wno-overriding-method-mismatch -Wno-missing-variable-declarations -Rno-module-build -Wno-auto-import -Wno-objc-interface-ivars -Wno-documentation-unknown-command -Wno-reserved-id-macro -Wno-unused-parameter -Wno-gnu-conditional-omitted-operand -Wno-explicit-ownership-type -Wno-date-time -Wno-cast-align -Wno-cstring-format-directive -Wno-double-promotion -Wno-partial-availability -Wno-objc-messaging-id -Wno-direct-ivar-access -Wno-cast-qual -Wno-declaration-after-statement -F/Users/mac/Library/Developer/Xcode/DerivedData/WebDriverAgent-ftyyjphyaxmwnxbquukpkjatjqxc/Build/Products/Debug-iphonesimulator -F/Users/mac/Downloads/Xcode.app/Contents/Developer/Platforms/iPhoneSimulator.platform/Developer/Library/Frameworks -F/Users/mac/Downloads/Xcode.app/Contents/Developer/Platforms/iPhoneSimulator.platform/Developer/Library/PrivateFrameworks -iframework /Users/mac/Downloads/Xcode.app/Contents/Developer/Platforms/iPhoneSimulator.platform/Developer/SDKs/iPhoneSimulator15.2.sdk/Developer/Library/Frameworks -MMD -MT dependencies -MF /Users/mac/Library/Developer/Xcode/DerivedData/WebDriverAgent-ftyyjphyaxmwnxbquukpkjatjqxc/Build/Intermediates.noindex/WebDriverAgent.build/Debug-iphonesimulator/WebDriverAgentLib.build/Objects-normal/x86_64/HTTPConnection.d --serialize-diagnostics /Users/mac/Library/Developer/Xcode/DerivedData/WebDriverAgent-ftyyjphyaxmwnxbquukpkjatjqxc/Build/Intermediates.noindex/WebDriverAgent.build/Debug-iphonesimulator/WebDriverAgentLib.build/Objects-normal/x86_64/HTTPConnection.dia -c /Users/mac/.appium/node_modules/appium-xcuitest-driver/node_modules/appium-webdriveragent/WebDriverAgentLib/Vendor/CocoaHTTPServer/HTTPConnection.m -o /Users/mac/Library/Developer/Xcode/DerivedData/WebDriverAgent-ftyyjphyaxmwnxbquukpkjatjqxc/Build/Intermediates.noindex/WebDriverAgent.build/Debug-iphonesimulator/WebDriverAgentLib.build/Objects-normal/x86_64/HTTPConnection.o
&amp#27;[38;5;93m[c258be5a]&amp#27;[0m&amp#27;[38;5;173m[Xcode]&amp#27;[0m 
&amp#27;[38;5;93m[c258be5a]&amp#27;[0m&amp#27;[38;5;173m[Xcode]&amp#27;[0m CompileC /Users/mac/Library/Developer/Xcode/DerivedData/WebDriverAgent-ftyyjphyaxmwnxbquukpkjatjqxc/Build/Intermediates.noindex/WebDriverAgent.build/Debug-iphonesimulator/WebDriverAgentLib.build/Objects-normal/x86_64/FBScreenshotCommands.o /Users/mac/.appium/node_modules/appium-xcuitest-driver/node_modules/appium-webdriveragent/WebDriverAgentLib/Commands/FBScreenshotCommands.m normal x86_64 objective-c com.apple.compilers.llvm.clang.1_0.compiler (in target 'WebDriverAgentLib' from project 'WebDriverAgent')
&amp#27;[38;5;93m[c258be5a]&amp#27;[0m&amp#27;[38;5;173m[Xcode]&amp#27;[0m     cd /Users/mac/.appium/node_modules/appium-xcuitest-driver/node_modules/appium-webdriveragent
&amp#27;[38;5;93m[c258be5a]&amp#27;[0m&amp#27;[38;5;173m[Xcode]&amp#27;[0m     export LANG\=en_US.US-ASCII
&amp#27;[38;5;93m[c258be5a]&amp#27;[0m&amp#27;[38;5;173m[Xcode]&amp#27;[0m     /Users/mac/Downloads/Xcode.app/Contents/Developer/Toolchains/XcodeDefault.xctoolchain/usr/bin/clang -x objective-c -target x86_64-apple-ios1.0-simulator -fmessage-length\=0 -fdiagnostics-show-note-include-stack -fmacro-backtrace-limit\=0 -std\=gnu99 -fobjc-arc -fmodules -gmodules -fmodules-cache-path\=/Users/mac/Library/Developer/Xcode/DerivedData/ModuleCache.noindex -fmodules-prune-interval\=86400 -fmodules-prune-after\=345600 -fbuild-session-file\=/Users/mac/Library/Developer/Xcode/DerivedData/ModuleCache.noindex/Session.modulevalidation -fmodules-validate-once-per-build-session -Wno-trigraphs -fpascal-strings -O0 -fno-common -Wmissing-field-initializers -Wno-missing-prototypes -Werror\=return-type -Wunreachable-code -Wquoted-include-in-framework-header -Wno-implicit-atomic-properties -Werror\=deprecated-objc-isa-usage -Wno-objc-interface-ivars -Werror\=objc-root-class -Warc-repeated-use-of-weak -Wno-arc-maybe-repeated-use-of-weak -Wimplicit-retain-self -Wduplicate-method-match -Wno-missing-braces -Wparentheses -Wswitch -Wunused-function -Wno-unused-label -Wunused-parameter -Wunused-variable -Wunused-value -Wempty-body -Wuninitialized -Wconditional-uninitialized -Wno-unknown-pragmas -pedantic -Wshadow -Wno-four-char-constants -Wconversion -Wconstant-conversion -Wint-conversion -Wbool-conversion -Wenum-conversion -Wfloat-conversion -Wnon-literal-null-conversion -Wobjc-literal-conversion -Wassign-enum -Wsign-compare -Wshorten-64-to-32 -Wpointer-sign -Wno-newline-eof -Wno-selector -Wno-strict-selector-match -Wundeclared-selector -Wdeprecated-implementations -DDEBUG\=1 -DOBJC_OLD_DISPATCH_PROTOTYPES\=0 -isysroot /Users/mac/Downloads/Xcode.app/Contents/Developer/Platforms/iPhoneSimulator.platform/Developer/SDKs/iPhoneSimulator15.2.sdk -fasm-blocks -fstrict-aliasing -Wprotocol -Wdeprecated-declarations -g -Wno-sign-conversion -Winfinite-recursion -Wcomma -Wblock-capture-autoreleasing -Wstrict-prototypes -Wno-semicolon-before-method-body -fobjc-abi-version\=2 -fobjc-legacy-dispatch -iquote /Users/mac/Library/Developer/Xcode/DerivedData/WebDriverAgent-ftyyjphyaxmwnxbquukpkjatjqxc/Build/Intermediates.noindex/WebDriverAgent.build/Debug-iphonesimulator/WebDriverAgentLib.build/WebDriverAgentLib-generated-files.hmap -I/Users/mac/Library/Developer/Xcode/DerivedData/WebDriverAgent-ftyyjphyaxmwnxbquukpkjatjqxc/Build/Intermediates.noindex/WebDriverAgent.build/Debug-iphonesimulator/WebDriverAgentLib.build/WebDriverAgentLib-own-target-headers.hmap -I/Users/mac/Library/Developer/Xcode/DerivedData/WebDriverAgent-ftyyjphyaxmwnxbquukpkjatjqxc/Build/Intermediates.noindex/WebDriverAgent.build/Debug-iphonesimulator/WebDriverAgentLib.build/WebDriverAgentLib-all-target-headers.hmap -iquote /Users/mac/Library/Developer/Xcode/DerivedData/WebDriverAgent-ftyyjphyaxmwnxbquukpkjatjqxc/Build/Intermediates.noindex/WebDriverAgent.build/Debug-iphonesimulator/WebDriverAgentLib.build/WebDriverAgentLib-project-headers.hmap -I/Users/mac/Library/Developer/Xcode/DerivedData/WebDriverAgent-ftyyjphyaxmwnxbquukpkjatjqxc/Build/Products/Debug-iphonesimulator/include -I/Users/mac/Downloads/Xcode.app/Contents/Developer/Platforms/iPhoneSimulator.platform/Developer/SDKs/iPhoneSimulator15.2.sdk/usr/include/libxml2 -I/Users/mac/.appium/node_modules/appium-xcuitest-driver/node_modules/appium-webdriveragent/Modules -I/Users/mac/Library/Developer/Xcode/DerivedData/WebDriverAgent-ftyyjphyaxmwnxbquukpkjatjqxc/Build/Intermediates.noindex/WebDriverAgent.build/Debug-iphonesimulator/WebDriverAgentLib.build/DerivedSources-normal/x86_64 -I/Users/mac/Library/Developer/Xcode/DerivedData/WebDriverAgent-ftyyjphyaxmwnxbquukpkjatjqxc/Build/Intermediates.noindex/WebDriverAgent.build/Debug-iphonesimulator/WebDriverAgentLib.build/DerivedSources/x86_64 -I/Users/mac/Library/Developer/Xcode/DerivedData/WebDriverAgent-ftyyjphyaxmwnxbquukpkjatjqxc/Build/Intermediates.noindex/WebDriverAgent.build/Debug-iphonesimulator/WebDriverAgentLib.build/DerivedSources -Weverything -Wno-objc-missing-property-synthesis -Wno-unused-macros -Wno-disabled-macro-expansion -Wno-gnu-statement-expression -Wno-language-extension-token -Wno-overriding-method-mismatch -Wno-missing-variable-declarations -Rno-module-build -Wno-auto-import -Wno-objc-interface-ivars -Wno-documentation-unknown-command -Wno-reserved-id-macro -Wno-unused-parameter -Wno-gnu-conditional-omitted-operand -Wno-explicit-ownership-type -Wno-date-time -Wno-cast-align -Wno-cstring-format-directive -Wno-double-promotion -Wno-partial-availability -Weverything -Wno-objc-missing-property-synthesis -Wno-unused-macros -Wno-disabled-macro-expansion -Wno-gnu-statement-expression -Wno-language-extension-token -Wno-overriding-method-mismatch -Wno-missing-variable-declarations -Rno-module-build -Wno-auto-import -Wno-objc-interface-ivars -Wno-documentation-unknown-command -Wno-reserved-id-macro -Wno-unused-parameter -Wno-gnu-conditional-omitted-operand -Wno-explicit-ownership-type -Wno-date-time -Wno-cast-align -Wno-cstring-format-directive -Wno-double-promotion -Wno-partial-availability -Wno-objc-messaging-id -Wno-direct-ivar-access -Wno-cast-qual -Wno-declaration-after-statement -F/Users/mac/Library/Developer/Xcode/DerivedData/WebDriverAgent-ftyyjphyaxmwnxbquukpkjatjqxc/Build/Products/Debug-iphonesimulator -F/Users/mac/Downloads/Xcode.app/Contents/Developer/Platforms/iPhoneSimulator.platform/Developer/Library/Frameworks -F/Users/mac/Downloads/Xcode.app/Contents/Developer/Platforms/iPhoneSimulator.platform/Developer/Library/PrivateFrameworks -iframework /Users/mac/Downloads/Xcode.app/Contents/Developer/Platforms/iPhoneSimulator.platform/Developer/SDKs/iPhoneSimulator15.2.sdk/Developer/Library/Frameworks -MMD -MT dependencies -MF /Users/mac/Library/Developer/Xcode/DerivedData/WebDriverAgent-ftyyjphyaxmwnxbquukpkjatjqxc/Build/Intermediates.noindex/WebDriverAgent.build/Debug-iphonesimulator/WebDriverAgentLib.build/Objects-normal/x86_64/FBScreenshotCommands.d --serialize-diagnostics /Users/mac/Library/Developer/Xcode/DerivedData/WebDriverAgent-ftyyjphyaxmwnxbquukpkjatjqxc/Build/Intermediates.noindex/WebDriverAgent.build/Debug-iphonesimulator/WebDriverAgentLib.build/Objects-normal/x86_64/FBScreenshotCommands.dia -c /Users/mac/.appium/node_modules/appium-xcuitest-driver/node_modules/appium-webdriveragent/WebDriverAgentLib/Commands/FBScreenshotCommands.m -o /Users/mac/Library/Developer/Xcode/DerivedData/WebDriverAgent-ftyyjphyaxmwnxbquukpkjatjqxc/Build/Intermediates.noindex/WebDriverAgent.build/Debug-iphonesimulator/WebDriverAgentLib.build/Objects-normal/x86_64/FBScreenshotCommands.o
&amp#27;[38;5;93m[c258be5a]&amp#27;[0m&amp#27;[38;5;173m[Xcode]&amp#27;[0m 
&amp#27;[38;5;93m[c258be5a]&amp#27;[0m&amp#27;[38;5;173m[Xcode]&amp#27;[0m CompileC /Users/mac/Library/Developer/Xcode/DerivedData/WebDriverAgent-ftyyjphyaxmwnxbquukpkjatjqxc/Build/Intermediates.noindex/WebDriverAgent.build/Debug-iphonesimulator/WebDriverAgentLib.build/Objects-normal/x86_64/XCUIElementQuery+FBHelpers.o /Users/mac/.appium/node_modules/appium-xcuitest-driver/node_modules/appium-webdriveragent/WebDriverAgentLib/Categories/XCUIElementQuery+FBHelpers.m normal x86_64 objective-c com.apple.compilers.llvm.clang.1_0.compiler (in target 'WebDriverAgentLib' from project 'WebDriverAgent')
&amp#27;[38;5;93m[c258be5a]&amp#27;[0m&amp#27;[38;5;173m[Xcode]&amp#27;[0m     cd /Users/mac/.appium/node_modules/appium-xcuitest-driver/node_modules/appium-webdriveragent
&amp#27;[38;5;93m[c258be5a]&amp#27;[0m&amp#27;[38;5;173m[Xcode]&amp#27;[0m     export LANG\=en_US.US-ASCII
&amp#27;[38;5;93m[c258be5a]&amp#27;[0m&amp#27;[38;5;173m[Xcode]&amp#27;[0m     /Users/mac/Downloads/Xcode.app/Contents/Developer/Toolchains/XcodeDefault.xctoolchain/usr/bin/clang -x objective-c -target x86_64-apple-ios1.0-simulator -fmessage-length\=0 -fdiagnostics-show-note-include-stack -fmacro-backtrace-limit\=0 -std\=gnu99 -fobjc-arc -fmodules -gmodules -fmodules-cache-path\=/Users/mac/Library/Developer/Xcode/DerivedData/ModuleCache.noindex -fmodules-prune-interval\=86400 -fmodules-prune-after\=345600 -fbuild-session-file\=/Users/mac/Library/Developer/Xcode/DerivedData/ModuleCache.noindex/Session.modulevalidation -fmodules-validate-once-per-build-session -Wno-trigraphs -fpascal-strings -O0 -fno-common -Wmissing-field-initializers -Wno-missing-prototypes -Werror\=return-type -Wunreachable-code -Wquoted-include-in-framework-header -Wno-implicit-atomic-properties -Werror\=deprecated-objc-isa-usage -Wno-objc-interface-ivars -Werror\=objc-root-class -Warc-repeated-use-of-weak -Wno-arc-maybe-repeated-use-of-weak -Wimplicit-retain-self -Wduplicate-method-match -Wno-missing-braces -Wparentheses -Wswitch -Wunused-function -Wno-unused-label -Wunused-parameter -Wunused-variable -Wunused-value -Wempty-body -Wuninitialized -Wconditional-uninitialized -Wno-unknown-pragmas -pedantic -Wshadow -Wno-four-char-constants -Wconversion -Wconstant-conversion -Wint-conversion -Wbool-conversion -Wenum-conversion -Wfloat-conversion -Wnon-literal-null-conversion -Wobjc-literal-conversion -Wassign-enum -Wsign-compare -Wshorten-64-to-32 -Wpointer-sign -Wno-newline-eof -Wno-selector -Wno-strict-selector-match -Wundeclared-selector -Wdeprecated-implementations -DDEBUG\=1 -DOBJC_OLD_DISPATCH_PROTOTYPES\=0 -isysroot /Users/mac/Downloads/Xcode.app/Contents/Developer/Platforms/iPhoneSimulator.platform/Developer/SDKs/iPhoneSimulator15.2.sdk -fasm-blocks -fstrict-aliasing -Wprotocol -Wdeprecated-declarations -g -Wno-sign-conversion -Winfinite-recursion -Wcomma -Wblock-capture-autoreleasing -Wstrict-prototypes -Wno-semicolon-before-method-body -fobjc-abi-version\=2 -fobjc-legacy-dispatch -iquote /Users/mac/Library/Developer/Xcode/DerivedData/WebDriverAgent-ftyyjphyaxmwnxbquukpkjatjqxc/Build/Intermediates.noindex/WebDriverAgent.build/Debug-iphonesimulator/WebDriverAgentLib.build/WebDriverAgentLib-generated-files.hmap -I/Users/mac/Library/Developer/Xcode/DerivedData/WebDriverAgent-ftyyjphyaxmwnxbquukpkjatjqxc/Build/Intermediates.noindex/WebDriverAgent.build/Debug-iphonesimulator/WebDriverAgentLib.build/WebDriverAgentLib-own-target-headers.hmap -I/Users/mac/Library/Developer/Xcode/DerivedData/WebDriverAgent-ftyyjphyaxmwnxbquukpkjatjqxc/Build/Intermediates.noindex/WebDriverAgent.build/Debug-iphonesimulator/WebDriverAgentLib.build/WebDriverAgentLib-all-target-headers.hmap -iquote /Users/mac/Library/Developer/Xcode/DerivedData/WebDriverAgent-ftyyjphyaxmwnxbquukpkjatjqxc/Build/Intermediates.noindex/WebDriverAgent.build/Debug-iphonesimulator/WebDriverAgentLib.build/WebDriverAgentLib-project-headers.hmap -I/Users/mac/Library/Developer/Xcode/DerivedData/WebDriverAgent-ftyyjphyaxmwnxbquukpkjatjqxc/Build/Products/Debug-iphonesimulator/include -I/Users/mac/Downloads/Xcode.app/Contents/Developer/Platforms/iPhoneSimulator.platform/Developer/SDKs/iPhoneSimulator15.2.sdk/usr/include/libxml2 -I/Users/mac/.appium/node_modules/appium-xcuitest-driver/node_modules/appium-webdriveragent/Modules -I/Users/mac/Library/Developer/Xcode/DerivedData/WebDriverAgent-ftyyjphyaxmwnxbquukpkjatjqxc/Build/Intermediates.noindex/WebDriverAgent.build/Debug-iphonesimulator/WebDriverAgentLib.build/DerivedSources-normal/x86_64 -I/Users/mac/Library/Developer/Xcode/DerivedData/WebDriverAgent-ftyyjphyaxmwnxbquukpkjatjqxc/Build/Intermediates.noindex/WebDriverAgent.build/Debug-iphonesimulator/WebDriverAgentLib.build/DerivedSources/x86_64 -I/Users/mac/Library/Developer/Xcode/DerivedData/WebDriverAgent-ftyyjphyaxmwnxbquukpkjatjqxc/Build/Intermediates.noindex/WebDriverAgent.build/Debug-iphonesimulator/WebDriverAgentLib.build/DerivedSources -Weverything -Wno-objc-missing-property-synthesis -Wno-unused-macros -Wno-disabled-macro-expansion -Wno-gnu-statement-expression -Wno-language-extension-token -Wno-overriding-method-mismatch -Wno-missing-variable-declarations -Rno-module-build -Wno-auto-import -Wno-objc-interface-ivars -Wno-documentation-unknown-command -Wno-reserved-id-macro -Wno-unused-parameter -Wno-gnu-conditional-omitted-operand -Wno-explicit-ownership-type -Wno-date-time -Wno-cast-align -Wno-cstring-format-directive -Wno-double-promotion -Wno-partial-availability -Weverything -Wno-objc-missing-property-synthesis -Wno-unused-macros -Wno-disabled-macro-expansion -Wno-gnu-statement-expression -Wno-language-extension-token -Wno-overriding-method-mismatch -Wno-missing-variable-declarations -Rno-module-build -Wno-auto-import -Wno-objc-interface-ivars -Wno-documentation-unknown-command -Wno-reserved-id-macro -Wno-unused-parameter -Wno-gnu-conditional-omitted-operand -Wno-explicit-ownership-type -Wno-date-time -Wno-cast-align -Wno-cstring-format-directive -Wno-double-promotion -Wno-partial-availability -Wno-objc-messaging-id -Wno-direct-ivar-access -Wno-cast-qual -Wno-declaration-after-statement -F/Users/mac/Library/Developer/Xcode/DerivedData/WebDriverAgent-ftyyjphyaxmwnxbquukpkjatjqxc/Build/Products/Debug-iphonesimulator -F/Users/mac/Downloads/Xcode.app/Contents/Developer/Platforms/iPhoneSimulator.platform/Developer/Library/Frameworks -F/Users/mac/Downloads/Xcode.app/Contents/Developer/Platforms/iPhoneSimulator.platform/Developer/Library/PrivateFrameworks -iframework /Users/mac/Downloads/Xcode.app/Contents/Developer/Platforms/iPhoneSimulator.platform/Developer/SDKs/iPhoneSimulator15.2.sdk/Developer/Library/Frameworks -MMD -MT dependencies -MF /Users/mac/Library/Developer/Xcode/DerivedData/WebDriverAgent-ftyyjphyaxmwnxbquukpkjatjqxc/Build/Intermediates.noindex/WebDriverAgent.build/Debug-iphonesimulator/WebDriverAgentLib.build/Objects-normal/x86_64/XCUIElementQuery+FBHelpers.d --serialize-diagnostics /Users/mac/Library/Developer/Xcode/DerivedData/WebDriverAgent-ftyyjphyaxmwnxbquukpkjatjqxc/Build/Intermediates.noindex/WebDriverAgent.build/Debug-iphonesimulator/WebDriverAgentLib.build/Objects-normal/x86_64/XCUIElementQuery+FBHelpers.dia -c /Users/mac/.appium/node_modules/appium-xcuitest-driver/node_modules/appium-webdriveragent/WebDriverAgentLib/Categories/XCUIElementQuery+FBHelpers.m -o /Users/mac/Library/Developer/Xcode/DerivedData/WebDriverAgent-ftyyjphyaxmwnxbquukpkjatjqxc/Build/Intermediates.noindex/WebDriverAgent.build/Debug-iphonesimulator/WebDriverAgentLib.build/Objects-normal/x86_64/XCUIElementQuery+FBHelpers.o
&amp#27;[38;5;93m[c258be5a]&amp#27;[0m&amp#27;[38;5;173m[Xcode]&amp#27;[0m 
&amp#27;[38;5;93m[c258be5a]&amp#27;[0m&amp#27;[38;5;173m[Xcode]&amp#27;[0m CompileC /Users/mac/Library/Developer/Xcode/DerivedData/WebDriverAgent-ftyyjphyaxmwnxbquukpkjatjqxc/Build/Intermediates.noindex/WebDriverAgent.build/Debug-iphonesimulator/WebDriverAgentLib.build/Objects-normal/x86_64/XCUIElement+FBWebDriverAttributes.o /Users/mac/.appium/node_modules/appium-xcuitest-driver/node_modules/appium-webdriveragent/WebDriverAgentLib/Categories/XCUIElement+FBWebDriverAttributes.m normal x86_64 objective-c com.apple.compilers.llvm.clang.1_0.compiler (in target 'WebDriverAgentLib' from project 'WebDriverAgent')
&amp#27;[38;5;93m[c258be5a]&amp#27;[0m&amp#27;[38;5;173m[Xcode]&amp#27;[0m     cd /Users/mac/.appium/node_modules/appium-xcuitest-driver/node_modules/appium-webdriveragent
&amp#27;[38;5;93m[c258be5a]&amp#27;[0m&amp#27;[38;5;173m[Xcode]&amp#27;[0m     export LANG\=en_US.US-ASCII
&amp#27;[38;5;93m[c258be5a]&amp#27;[0m&amp#27;[38;5;173m[Xcode]&amp#27;[0m     /Users/mac/Downloads/Xcode.app/Contents/Developer/Toolchains/XcodeDefault.xctoolchain/usr/bin/clang -x objective-c -target x86_64-apple-ios1.0-simulator -fmessage-length\=0 -fdiagnostics-show-note-include-stack -fmacro-backtrace-limit\=0 -std\=gnu99 -fobjc-arc -fmodules -gmodules -fmodules-cache-path\=/Users/mac/Library/Developer/Xcode/DerivedData/ModuleCache.noindex -fmodules-prune-interval\=86400 -fmodules-prune-after\=345600 -fbuild-session-file\=/Users/mac/Library/Developer/Xcode/DerivedData/ModuleCache.noindex/Session.modulevalidation -fmodules-validate-once-per-build-session -Wno-trigraphs -fpascal-strings -O0 -fno-common -Wmissing-field-initializers -Wno-missing-prototypes -Werror\=return-type -Wunreachable-code -Wquoted-include-in-framework-header -Wno-implicit-atomic-properties -Werror\=deprecated-objc-isa-usage -Wno-objc-interface-ivars -Werror\=objc-root-class -Warc-repeated-use-of-weak -Wno-arc-maybe-repeated-use-of-weak -Wimplicit-retain-self -Wduplicate-method-match -Wno-missing-braces -Wparentheses -Wswitch -Wunused-function -Wno-unused-label -Wunused-parameter -Wunused-variable -Wunused-value -Wempty-body -Wuninitialized -Wconditional-uninitialized -Wno-unknown-pragmas -pedantic -Wshadow -Wno-four-char-constants -Wconversion -Wconstant-conversion -Wint-conversion -Wbool-conversion -Wenum-conversion -Wfloat-conversion -Wnon-literal-null-conversion -Wobjc-literal-conversion -Wassign-enum -Wsign-compare -Wshorten-64-to-32 -Wpointer-sign -Wno-newline-eof -Wno-selector -Wno-strict-selector-match -Wundeclared-selector -Wdeprecated-implementations -DDEBUG\=1 -DOBJC_OLD_DISPATCH_PROTOTYPES\=0 -isysroot /Users/mac/Downloads/Xcode.app/Contents/Developer/Platforms/iPhoneSimulator.platform/Developer/SDKs/iPhoneSimulator15.2.sdk -fasm-blocks -fstrict-aliasing -Wprotocol -Wdeprecated-declarations -g -Wno-sign-conversion -Winfinite-recursion -Wcomma -Wblock-capture-autoreleasing -Wstrict-prototypes -Wno-semicolon-before-method-body -fobjc-abi-version\=2 -fobjc-legacy-dispatch -iquote /Users/mac/Library/Developer/Xcode/DerivedData/WebDriverAgent-ftyyjphyaxmwnxbquukpkjatjqxc/Build/Intermediates.noindex/WebDriverAgent.build/Debug-iphonesimulator/WebDriverAgentLib.build/WebDriverAgentLib-generated-files.hmap -I/Users/mac/Library/Developer/Xcode/DerivedData/WebDriverAgent-ftyyjphyaxmwnxbquukpkjatjqxc/Build/Intermediates.noindex/WebDriverAgent.build/Debug-iphonesimulator/WebDriverAgentLib.build/WebDriverAgentLib-own-target-headers.hmap -I/Users/mac/Library/Developer/Xcode/DerivedData/WebDriverAgent-ftyyjphyaxmwnxbquukpkjatjqxc/Build/Intermediates.noindex/WebDriverAgent.build/Debug-iphonesimulator/WebDriverAgentLib.build/WebDriverAgentLib-all-target-headers.hmap -iquote /Users/mac/Library/Developer/Xcode/DerivedData/WebDriverAgent-ftyyjphyaxmwnxbquukpkjatjqxc/Build/Intermediates.noindex/WebDriverAgent.build/Debug-iphonesimulator/WebDriverAgentLib.build/WebDriverAgentLib-project-headers.hmap -I/Users/mac/Library/Developer/Xcode/DerivedData/WebDriverAgent-ftyyjphyaxmwnxbquukpkjatjqxc/Build/Products/Debug-iphonesimulator/include -I/Users/mac/Downloads/Xcode.app/Contents/Developer/Platforms/iPhoneSimulator.platform/Developer/SDKs/iPhoneSimulator15.2.sdk/usr/include/libxml2 -I/Users/mac/.appium/node_modules/appium-xcuitest-driver/node_modules/appium-webdriveragent/Modules -I/Users/mac/Library/Developer/Xcode/DerivedData/WebDriverAgent-ftyyjphyaxmwnxbquukpkjatjqxc/Build/Intermediates.noindex/WebDriverAgent.build/Debug-iphonesimulator/WebDriverAgentLib.build/DerivedSources-normal/x86_64 -I/Users/mac/Library/Developer/Xcode/DerivedData/WebDriverAgent-ftyyjphyaxmwnxbquukpkjatjqxc/Build/Intermediates.noindex/WebDriverAgent.build/Debug-iphonesimulator/WebDriverAgentLib.build/DerivedSources/x86_64 -I/Users/mac/Library/Developer/Xcode/DerivedData/WebDriverAgent-ftyyjphyaxmwnxbquukpkjatjqxc/Build/Intermediates.noindex/WebDriverAgent.build/Debug-iphonesimulator/WebDriverAgentLib.build/DerivedSources -Weverything -Wno-objc-missing-property-synthesis -Wno-unused-macros -Wno-disabled-macro-expansion -Wno-gnu-statement-expression -Wno-language-extension-token -Wno-overriding-method-mismatch -Wno-missing-variable-declarations -Rno-module-build -Wno-auto-import -Wno-objc-interface-ivars -Wno-documentation-unknown-command -Wno-reserved-id-macro -Wno-unused-parameter -Wno-gnu-conditional-omitted-operand -Wno-explicit-ownership-type -Wno-date-time -Wno-cast-align -Wno-cstring-format-directive -Wno-double-promotion -Wno-partial-availability -Weverything -Wno-objc-missing-property-synthesis -Wno-unused-macros -Wno-disabled-macro-expansion -Wno-gnu-statement-expression -Wno-language-extension-token -Wno-overriding-method-mismatch -Wno-missing-variable-declarations -Rno-module-build -Wno-auto-import -Wno-objc-interface-ivars -Wno-documentation-unknown-command -Wno-reserved-id-macro -Wno-unused-parameter -Wno-gnu-conditional-omitted-operand -Wno-explicit-ownership-type -Wno-date-time -Wno-cast-align -Wno-cstring-format-directive -Wno-double-promotion -Wno-partial-availability -Wno-objc-messaging-id -Wno-direct-ivar-access -Wno-cast-qual -Wno-declaration-after-statement -F/Users/mac/Library/Developer/Xcode/DerivedData/WebDriverAgent-ftyyjphyaxmwnxbquukpkjatjqxc/Build/Products/Debug-iphonesimulator -F/Users/mac/Downloads/Xcode.app/Contents/Developer/Platforms/iPhoneSimulator.platform/Developer/Library/Frameworks -F/Users/mac/Downloads/Xcode.app/Contents/Developer/Platforms/iPhoneSimulator.platform/Developer/Library/PrivateFrameworks -iframework /Users/mac/Downloads/Xcode.app/Contents/Developer/Platforms/iPhoneSimulator.platform/Developer/SDKs/iPhoneSimulator15.2.sdk/Developer/Library/Frameworks -MMD -MT dependencies -MF /Users/mac/Library/Developer/Xcode/DerivedData/WebDriverAgent-ftyyjphyaxmwnxbquukpkjatjqxc/Build/Intermediates.noindex/WebDriverAgent.build/Debug-iphonesimulator/WebDriverAgentLib.build/Objects-normal/x86_64/XCUIElement+FBWebDriverAttributes.d --serialize-diagnostics /Users/mac/Library/Developer/Xcode/DerivedData/WebDriverAgent-ftyyjphyaxmwnxbquukpkjatjqxc/Build/Intermediates.noindex/WebDriverAgent.build/Debug-iphonesimulator/WebDriverAgentLib.build/Objects-normal/x86_64/XCUIElement+FBWebDriverAttributes.dia -c /Users/mac/.appium/node_modules/appium-xcuitest-driver/node_modules/appium-webdriveragent/WebDriverAgentLib/Categories/XCUIElement+FBWebDriverAttributes.m -o /Users/mac/Library/Developer/Xcode/DerivedData/WebDriverAgent-ftyyjphyaxmwnxbquukpkjatjqxc/Build/Intermediates.noindex/WebDriverAgent.build/Debug-iphonesimulator/WebDriverAgentLib.build/Objects-normal/x86_64/XCUIElement+FBWebDriverAttributes.o
&amp#27;[38;5;93m[c258be5a]&amp#27;[0m&amp#27;[38;5;173m[Xcode]&amp#27;[0m 
&amp#27;[38;5;93m[c258be5a]&amp#27;[0m&amp#27;[38;5;173m[Xcode]&amp#27;[0m CompileC /Users/mac/Library/Developer/Xcode/DerivedData/WebDriverAgent-ftyyjphyaxmwnxbquukpkjatjqxc/Build/Intermediates.noindex/WebDriverAgent.build/Debug-iphonesimulator/WebDriverAgentLib.build/Objects-normal/x86_64/XCUIElement+FBUtilities.o /Users/mac/.appium/node_modules/appium-xcuitest-driver/node_modules/appium-webdriveragent/WebDriverAgentLib/Categories/XCUIElement+FBUtilities.m normal x86_64 objective-c com.apple.compilers.llvm.clang.1_0.compiler (in target 'WebDriverAgentLib' from project 'WebDriverAgent')
&amp#27;[38;5;93m[c258be5a]&amp#27;[0m&amp#27;[38;5;173m[Xcode]&amp#27;[0m     cd /Users/mac/.appium/node_modules/appium-xcuitest-driver/node_modules/appium-webdriveragent
&amp#27;[38;5;93m[c258be5a]&amp#27;[0m&amp#27;[38;5;173m[Xcode]&amp#27;[0m     export LANG\=en_US.US-ASCII
&amp#27;[38;5;93m[c258be5a]&amp#27;[0m&amp#27;[38;5;173m[Xcode]&amp#27;[0m     /Users/mac/Downloads/Xcode.app/Contents/Developer/Toolchains/XcodeDefault.xctoolchain/usr/bin/clang -x objective-c -target x86_64-apple-ios1.0-simulator -fmessage-length\=0 -fdiagnostics-show-note-include-stack -fmacro-backtrace-limit\=0 -std\=gnu99 -fobjc-arc -fmodules -gmodules -fmodules-cache-path\=/Users/mac/Library/Developer/Xcode/DerivedData/ModuleCache.noindex -fmodules-prune-interval\=86400 -fmodules-prune-after\=345600 -fbuild-session-file\=/Users/mac/Library/Developer/Xcode/DerivedData/ModuleCache.noindex/Session.modulevalidation -fmodules-validate-once-per-build-session -Wno-trigraphs -fpascal-strings -O0 -fno-common -Wmissing-field-initializers -Wno-missing-prototypes -Werror\=return-type -Wunreachable-code -Wquoted-include-in-framework-header -Wno-implicit-atomic-properties -Werror\=deprecated-objc-isa-usage -Wno-objc-interface-ivars -Werror\=objc-root-class -Warc-repeated-use-of-weak -Wno-arc-maybe-repeated-use-of-weak -Wimplicit-retain-self -Wduplicate-method-match -Wno-missing-braces -Wparentheses -Wswitch -Wunused-function -Wno-unused-label -Wunused-parameter -Wunused-variable -Wunused-value -Wempty-body -Wuninitialized -Wconditional-uninitialized -Wno-unknown-pragmas -pedantic -Wshadow -Wno-four-char-constants -Wconversion -Wconstant-conversion -Wint-conversion -Wbool-conversion -Wenum-conversion -Wfloat-conversion -Wnon-literal-null-conversion -Wobjc-literal-conversion -Wassign-enum -Wsign-compare -Wshorten-64-to-32 -Wpointer-sign -Wno-newline-eof -Wno-selector -Wno-strict-selector-match -Wundeclared-selector -Wdeprecated-implementations -DDEBUG\=1 -DOBJC_OLD_DISPATCH_PROTOTYPES\=0 -isysroot /Users/mac/Downloads/Xcode.app/Contents/Developer/Platforms/iPhoneSimulator.platform/Developer/SDKs/iPhoneSimulator15.2.sdk -fasm-blocks -fstrict-aliasing -Wprotocol -Wdeprecated-declarations -g -Wno-sign-conversion -Winfinite-recursion -Wcomma -Wblock-capture-autoreleasing -Wstrict-prototypes -Wno-semicolon-before-method-body -fobjc-abi-version\=2 -fobjc-legacy-dispatch -iquote /Users/mac/Library/Developer/Xcode/DerivedData/WebDriverAgent-ftyyjphyaxmwnxbquukpkjatjqxc/Build/Intermediates.noindex/WebDriverAgent.build/Debug-iphonesimulator/WebDriverAgentLib.build/WebDriverAgentLib-generated-files.hmap -I/Users/mac/Library/Developer/Xcode/DerivedData/WebDriverAgent-ftyyjphyaxmwnxbquukpkjatjqxc/Build/Intermediates.noindex/WebDriverAgent.build/Debug-iphonesimulator/WebDriverAgentLib.build/WebDriverAgentLib-own-target-headers.hmap -I/Users/mac/Library/Developer/Xcode/DerivedData/WebDriverAgent-ftyyjphyaxmwnxbquukpkjatjqxc/Build/Intermediates.noindex/WebDriverAgent.build/Debug-iphonesimulator/WebDriverAgentLib.build/WebDriverAgentLib-all-target-headers.hmap -iquote /Users/mac/Library/Developer/Xcode/DerivedData/WebDriverAgent-ftyyjphyaxmwnxbquukpkjatjqxc/Build/Intermediates.noindex/WebDriverAgent.build/Debug-iphonesimulator/WebDriverAgentLib.build/WebDriverAgentLib-project-headers.hmap -I/Users/mac/Library/Developer/Xcode/DerivedData/WebDriverAgent-ftyyjphyaxmwnxbquukpkjatjqxc/Build/Products/Debug-iphonesimulator/include -I/Users/mac/Downloads/Xcode.app/Contents/Developer/Platforms/iPhoneSimulator.platform/Developer/SDKs/iPhoneSimulator15.2.sdk/usr/include/libxml2 -I/Users/mac/.appium/node_modules/appium-xcuitest-driver/node_modules/appium-webdriveragent/Modules -I/Users/mac/Library/Developer/Xcode/DerivedData/WebDriverAgent-ftyyjphyaxmwnxbquukpkjatjqxc/Build/Intermediates.noindex/WebDriverAgent.build/Debug-iphonesimulator/WebDriverAgentLib.build/DerivedSources-normal/x86_64 -I/Users/mac/Library/Developer/Xcode/DerivedData/WebDriverAgent-ftyyjphyaxmwnxbquukpkjatjqxc/Build/Intermediates.noindex/WebDriverAgent.build/Debug-iphonesimulator/WebDriverAgentLib.build/DerivedSources/x86_64 -I/Users/mac/Library/Developer/Xcode/DerivedData/WebDriverAgent-ftyyjphyaxmwnxbquukpkjatjqxc/Build/Intermediates.noindex/WebDriverAgent.build/Debug-iphonesimulator/WebDriverAgentLib.build/DerivedSources -Weverything -Wno-objc-missing-property-synthesis -Wno-unused-macros -Wno-disabled-macro
[...]
&amp#27;[38;5;199m[c479743b]&amp#27;[0m&amp#27;[38;5;229m[ADB]&amp#27;[0m Running '/Users/mac/Library/Android/sdk/platform-tools/adb -P 5037 reconnect offline'
&amp#27;[38;5;199m[c479743b]&amp#27;[0m&amp#27;[38;5;229m[ADB]&amp#27;[0m Getting connected devices
&amp#27;[38;5;199m[c479743b]&amp#27;[0m&amp#27;[38;5;229m[ADB]&amp#27;[0m No connected devices have been detected
&amp#27;[38;5;199m[c479743b]&amp#27;[0m&amp#27;[38;5;229m[ADB]&amp#27;[0m Could not find online devices
&amp#27;[38;5;199m[c479743b]&amp#27;[0m&amp#27;[38;5;229m[ADB]&amp#27;[0m Reconnecting adb (target offline)
&amp#27;[38;5;199m[c479743b]&amp#27;[0m&amp#27;[38;5;229m[ADB]&amp#27;[0m Running '/Users/mac/Library/Android/sdk/platform-tools/adb -P 5037 reconnect offline'
&amp#27;[38;5;199m[c479743b]&amp#27;[0m&amp#27;[38;5;229m[ADB]&amp#27;[0m Getting connected devices
&amp#27;[38;5;199m[c479743b]&amp#27;[0m&amp#27;[38;5;229m[ADB]&amp#27;[0m No connected devices have been detected
&amp#27;[38;5;199m[c479743b]&amp#27;[0m&amp#27;[38;5;229m[ADB]&amp#27;[0m Could not find online devices
&amp#27;[38;5;199m[c479743b]&amp#27;[0m&amp#27;[38;5;229m[ADB]&amp#27;[0m Reconnecting adb (target offline)
&amp#27;[38;5;199m[c479743b]&amp#27;[0m&amp#27;[38;5;229m[ADB]&amp#27;[0m Running '/Users/mac/Library/Android/sdk/platform-tools/adb -P 5037 reconnect offline'
&amp#27;[38;5;199m[c479743b]&amp#27;[0m&amp#27;[38;5;229m[ADB]&amp#27;[0m Getting connected devices
&amp#27;[38;5;199m[c479743b]&amp#27;[0m&amp#27;[38;5;229m[ADB]&amp#27;[0m No connected devices have been detected
&amp#27;[38;5;199m[c479743b]&amp#27;[0m&amp#27;[38;5;229m[ADB]&amp#27;[0m Could not find online devices
&amp#27;[38;5;199m[c479743b]&amp#27;[0m&amp#27;[38;5;229m[ADB]&amp#27;[0m Reconnecting adb (target offline)
&amp#27;[38;5;199m[c479743b]&amp#27;[0m&amp#27;[38;5;229m[ADB]&amp#27;[0m Running '/Users/mac/Library/Android/sdk/platform-tools/adb -P 5037 reconnect offline'
&amp#27;[38;5;199m[c479743b]&amp#27;[0m&amp#27;[38;5;229m[ADB]&amp#27;[0m Getting connected devices
&amp#27;[38;5;199m[c479743b]&amp#27;[0m&amp#27;[38;5;229m[ADB]&amp#27;[0m No connected devices have been detected
&amp#27;[38;5;199m[c479743b]&amp#27;[0m&amp#27;[38;5;229m[ADB]&amp#27;[0m Could not find online devices
&amp#27;[38;5;199m[c479743b]&amp#27;[0m&amp#27;[38;5;229m[ADB]&amp#27;[0m Reconnecting adb (target offline)
&amp#27;[38;5;199m[c479743b]&amp#27;[0m&amp#27;[38;5;229m[ADB]&amp#27;[0m Running '/Users/mac/Library/Android/sdk/platform-tools/adb -P 5037 reconnect offline'
&amp#27;[38;5;199m[c479743b]&amp#27;[0m&amp#27;[38;5;229m[ADB]&amp#27;[0m Getting connected devices
&amp#27;[38;5;199m[c479743b]&amp#27;[0m&amp#27;[38;5;229m[ADB]&amp#27;[0m No connected devices have been detected
&amp#27;[38;5;199m[c479743b]&amp#27;[0m&amp#27;[38;5;229m[ADB]&amp#27;[0m Could not find online devices
&amp#27;[38;5;199m[c479743b]&amp#27;[0m&amp#27;[38;5;229m[ADB]&amp#27;[0m Reconnecting adb (target offline)
&amp#27;[38;5;199m[c479743b]&amp#27;[0m&amp#27;[38;5;229m[ADB]&amp#27;[0m Running '/Users/mac/Library/Android/sdk/platform-tools/adb -P 5037 reconnect offline'
&amp#27;[38;5;199m[c479743b]&amp#27;[0m&amp#27;[38;5;229m[ADB]&amp#27;[0m Getting connected devices
&amp#27;[38;5;199m[c479743b]&amp#27;[0m&amp#27;[38;5;229m[ADB]&amp#27;[0m No connected devices have been detected
&amp#27;[38;5;199m[c479743b]&amp#27;[0m&amp#27;[38;5;229m[ADB]&amp#27;[0m Could not find online devices
&amp#27;[38;5;199m[c479743b]&amp#27;[0m&amp#27;[38;5;229m[ADB]&amp#27;[0m Reconnecting adb (target offline)
&amp#27;[38;5;199m[c479743b]&amp#27;[0m&amp#27;[38;5;229m[ADB]&amp#27;[0m Running '/Users/mac/Library/Android/sdk/platform-tools/adb -P 5037 reconnect offline'
&amp#27;[38;5;199m[c479743b]&amp#27;[0m&amp#27;[38;5;229m[ADB]&amp#27;[0m Getting connected devices
&amp#27;[38;5;199m[c479743b]&amp#27;[0m&amp#27;[38;5;229m[ADB]&amp#27;[0m No connected devices have been detected
&amp#27;[38;5;199m[c479743b]&amp#27;[0m&amp#27;[38;5;229m[ADB]&amp#27;[0m Could not find online devices
&amp#27;[38;5;199m[c479743b]&amp#27;[0m&amp#27;[38;5;229m[ADB]&amp#27;[0m Reconnecting adb (target offline)
&amp#27;[38;5;199m[c479743b]&amp#27;[0m&amp#27;[38;5;229m[ADB]&amp#27;[0m Running '/Users/mac/Library/Android/sdk/platform-tools/adb -P 5037 reconnect offline'
&amp#27;[38;5;199m[c479743b]&amp#27;[0m&amp#27;[38;5;229m[ADB]&amp#27;[0m Getting connected devices
&amp#27;[38;5;199m[c479743b]&amp#27;[0m&amp#27;[38;5;229m[ADB]&amp#27;[0m No connected devices have been detected
&amp#27;[38;5;199m[c479743b]&amp#27;[0m&amp#27;[38;5;229m[ADB]&amp#27;[0m Could not find online devices
&amp#27;[38;5;199m[c479743b]&amp#27;[0m&amp#27;[38;5;229m[ADB]&amp#27;[0m Reconnecting adb (target offline)
&amp#27;[38;5;199m[c479743b]&amp#27;[0m&amp#27;[38;5;229m[ADB]&amp#27;[0m Running '/Users/mac/Library/Android/sdk/platform-tools/adb -P 5037 reconnect offline'
&amp#27;[38;5;199m[c479743b]&amp#27;[0m&amp#27;[38;5;229m[ADB]&amp#27;[0m Getting connected devices
&amp#27;[38;5;199m[c479743b]&amp#27;[0m&amp#27;[38;5;229m[ADB]&amp#27;[0m No connected devices have been detected
&amp#27;[38;5;199m[c479743b]&amp#27;[0m&amp#27;[38;5;229m[ADB]&amp#27;[0m Could not find online devices
&amp#27;[38;5;199m[c479743b]&amp#27;[0m&amp#27;[38;5;229m[ADB]&amp#27;[0m Reconnecting adb (target offline)
&amp#27;[38;5;199m[c479743b]&amp#27;[0m&amp#27;[38;5;229m[ADB]&amp#27;[0m Running '/Users/mac/Library/Android/sdk/platform-tools/adb -P 5037 reconnect offline'
&amp#27;[38;5;199m[c479743b]&amp#27;[0m&amp#27;[38;5;229m[ADB]&amp#27;[0m Getting connected devices
&amp#27;[38;5;199m[c479743b]&amp#27;[0m&amp#27;[38;5;229m[ADB]&amp#27;[0m No connected devices have been detected
&amp#27;[38;5;199m[c479743b]&amp#27;[0m&amp#27;[38;5;229m[ADB]&amp#27;[0m Could not find online devices
&amp#27;[38;5;199m[c479743b]&amp#27;[0m&amp#27;[38;5;229m[ADB]&amp#27;[0m Reconnecting adb (target offline)
&amp#27;[38;5;199m[c479743b]&amp#27;[0m&amp#27;[38;5;229m[ADB]&amp#27;[0m Running '/Users/mac/Library/Android/sdk/platform-tools/adb -P 5037 reconnect offline'
&amp#27;[38;5;199m[c479743b]&amp#27;[0m&amp#27;[38;5;229m[ADB]&amp#27;[0m Getting connected devices
&amp#27;[38;5;199m[c479743b]&amp#27;[0m&amp#27;[38;5;229m[ADB]&amp#27;[0m No connected devices have been detected
&amp#27;[38;5;199m[c479743b]&amp#27;[0m&amp#27;[38;5;229m[ADB]&amp#27;[0m Could not find online devices
&amp#27;[38;5;199m[c479743b]&amp#27;[0m&amp#27;[38;5;229m[ADB]&amp#27;[0m Reconnecting adb (target offline)
&amp#27;[38;5;199m[c479743b]&amp#27;[0m&amp#27;[38;5;229m[ADB]&amp#27;[0m Running '/Users/mac/Library/Android/sdk/platform-tools/adb -P 5037 reconnect offline'
&amp#27;[38;5;199m[c479743b]&amp#27;[0m&amp#27;[38;5;229m[ADB]&amp#27;[0m Getting connected devices
&amp#27;[38;5;199m[c479743b]&amp#27;[0m&amp#27;[38;5;229m[ADB]&amp#27;[0m No connected devices have been detected
&amp#27;[38;5;199m[c479743b]&amp#27;[0m&amp#27;[38;5;229m[ADB]&amp#27;[0m Could not find online devices
&amp#27;[38;5;199m[c479743b]&amp#27;[0m&amp#27;[38;5;229m[ADB]&amp#27;[0m Reconnecting adb (target offline)
&amp#27;[38;5;199m[c479743b]&amp#27;[0m&amp#27;[38;5;229m[ADB]&amp#27;[0m Running '/Users/mac/Library/Android/sdk/platform-tools/adb -P 5037 reconnect offline'
&amp#27;[38;5;199m[c479743b]&amp#27;[0m&amp#27;[38;5;229m[ADB]&amp#27;[0m Getting connected devices
&amp#27;[38;5;199m[c479743b]&amp#27;[0m&amp#27;[38;5;229m[ADB]&amp#27;[0m No connected devices have been detected
&amp#27;[38;5;199m[c479743b]&amp#27;[0m&amp#27;[38;5;229m[ADB]&amp#27;[0m Could not find online devices
&amp#27;[38;5;199m[c479743b]&amp#27;[0m&amp#27;[38;5;229m[ADB]&amp#27;[0m Reconnecting adb (target offline)
&amp#27;[38;5;199m[c479743b]&amp#27;[0m&amp#27;[38;5;229m[ADB]&amp#27;[0m Running '/Users/mac/Library/Android/sdk/platform-tools/adb -P 5037 reconnect offline'
&amp#27;[38;5;199m[c479743b]&amp#27;[0m&amp#27;[38;5;229m[ADB]&amp#27;[0m Getting connected devices
&amp#27;[38;5;199m[c479743b]&amp#27;[0m&amp#27;[38;5;229m[ADB]&amp#27;[0m No connected devices have been detected
&amp#27;[38;5;199m[c479743b]&amp#27;[0m&amp#27;[38;5;229m[ADB]&amp#27;[0m Could not find online devices
&amp#27;[38;5;199m[c479743b]&amp#27;[0m&amp#27;[38;5;229m[ADB]&amp#27;[0m Reconnecting adb (target offline)
&amp#27;[38;5;199m[c479743b]&amp#27;[0m&amp#27;[38;5;229m[ADB]&amp#27;[0m Running '/Users/mac/Library/Android/sdk/platform-tools/adb -P 5037 reconnect offline'
&amp#27;[38;5;199m[c479743b]&amp#27;[0m&amp#27;[38;5;229m[ADB]&amp#27;[0m Getting connected devices
&amp#27;[38;5;199m[c479743b]&amp#27;[0m&amp#27;[38;5;229m[ADB]&amp#27;[0m No connected devices have been detected
&amp#27;[38;5;199m[c479743b]&amp#27;[0m&amp#27;[38;5;229m[ADB]&amp#27;[0m Could not find online devices
&amp#27;[38;5;199m[c479743b]&amp#27;[0m&amp#27;[38;5;229m[ADB]&amp#27;[0m Reconnecting adb (target offline)
&amp#27;[38;5;199m[c479743b]&amp#27;[0m&amp#27;[38;5;229m[ADB]&amp#27;[0m Running '/Users/mac/Library/Android/sdk/platform-tools/adb -P 5037 reconnect offline'
&amp#27;[38;5;199m[c479743b]&amp#27;[0m&amp#27;[38;5;229m[ADB]&amp#27;[0m Getting connected devices
&amp#27;[38;5;199m[c479743b]&amp#27;[0m&amp#27;[38;5;229m[ADB]&amp#27;[0m No connected devices have been detected
&amp#27;[38;5;199m[c479743b]&amp#27;[0m&amp#27;[38;5;229m[ADB]&amp#27;[0m Could not find online devices
&amp#27;[38;5;199m[c479743b]&amp#27;[0m&amp#27;[38;5;229m[ADB]&amp#27;[0m Reconnecting adb (target offline)
&amp#27;[38;5;199m[c479743b]&amp#27;[0m&amp#27;[38;5;229m[ADB]&amp#27;[0m Running '/Users/mac/Library/Android/sdk/platform-tools/adb -P 5037 reconnect offline'
&amp#27;[38;5;199m[c479743b]&amp#27;[0m&amp#27;[38;5;229m[ADB]&amp#27;[0m Getting connected devices
&amp#27;[38;5;199m[c479743b]&amp#27;[0m&amp#27;[38;5;229m[ADB]&amp#27;[0m No connected devices have been detected
&amp#27;[38;5;199m[c479743b]&amp#27;[0m&amp#27;[38;5;229m[ADB]&amp#27;[0m Could not find online devices
&amp#27;[38;5;199m[c479743b]&amp#27;[0m&amp#27;[38;5;229m[ADB]&amp#27;[0m Reconnecting adb (target offline)
&amp#27;[38;5;199m[c479743b]&amp#27;[0m&amp#27;[38;5;229m[ADB]&amp#27;[0m Running '/Users/mac/Library/Android/sdk/platform-tools/adb -P 5037 reconnect offline'
&amp#27;[38;5;199m[c479743b]&amp#27;[0m&amp#27;[38;5;229m[ADB]&amp#27;[0m Getting connected devices
&amp#27;[38;5;199m[c479743b]&amp#27;[0m&amp#27;[38;5;229m[ADB]&amp#27;[0m No connected devices have been detected
&amp#27;[38;5;199m[c479743b]&amp#27;[0m&amp#27;[38;5;229m[ADB]&amp#27;[0m Could not find online devices
&amp#27;[38;5;199m[c479743b]&amp#27;[0m&amp#27;[38;5;229m[ADB]&amp#27;[0m Reconnecting adb (target offline)
&amp#27;[38;5;199m[c479743b]&amp#27;[0m&amp#27;[38;5;229m[ADB]&amp#27;[0m Running '/Users/mac/Library/Android/sdk/platform-tools/adb -P 5037 reconnect offline'
&amp#27;[38;5;199m[c479743b]&amp#27;[0m&amp#27;[38;5;229m[ADB]&amp#27;[0m Getting connected devices
&amp#27;[38;5;199m[c479743b]&amp#27;[0m&amp#27;[38;5;229m[ADB]&amp#27;[0m No connected devices have been detected
&amp#27;[38;5;199m[c479743b]&amp#27;[0m&amp#27;[38;5;229m[ADB]&amp#27;[0m Could not find online devices
&amp#27;[38;5;199m[c479743b]&amp#27;[0m&amp#27;[38;5;229m[ADB]&amp#27;[0m Reconnecting adb (target offline)
&amp#27;[38;5;199m[c479743b]&amp#27;[0m&amp#27;[38;5;229m[ADB]&amp#27;[0m Running '/Users/mac/Library/Android/sdk/platform-tools/adb -P 5037 reconnect offline'
&amp#27;[38;5;199m[c479743b]&amp#27;[0m&amp#27;[38;5;229m[ADB]&amp#27;[0m Getting connected devices
&amp#27;[38;5;199m[c479743b]&amp#27;[0m&amp#27;[38;5;229m[ADB]&amp#27;[0m No connected devices have been detected
&amp#27;[38;5;199m[c479743b]&amp#27;[0m&amp#27;[38;5;229m[ADB]&amp#27;[0m Could not find online devices
&amp#27;[38;5;199m[c479743b]&amp#27;[0m&amp#27;[38;5;229m[ADB]&amp#27;[0m Reconnecting adb (target offline)
&amp#27;[38;5;199m[c479743b]&amp#27;[0m&amp#27;[38;5;229m[ADB]&amp#27;[0m Running '/Users/mac/Library/Android/sdk/platform-tools/adb -P 5037 reconnect offline'
&amp#27;[38;5;199m[c479743b]&amp#27;[0m&amp#27;[38;5;229m[ADB]&amp#27;[0m Getting connected devices
&amp#27;[38;5;199m[c479743b]&amp#27;[0m&amp#27;[38;5;229m[ADB]&amp#27;[0m No connected devices have been detected
&amp#27;[38;5;199m[c479743b]&amp#27;[0m&amp#27;[38;5;229m[ADB]&amp#27;[0m Could not find online devices
&amp#27;[38;5;199m[c479743b]&amp#27;[0m&amp#27;[38;5;229m[ADB]&amp#27;[0m Reconnecting adb (target offline)
&amp#27;[38;5;199m[c479743b]&amp#27;[0m&amp#27;[38;5;229m[ADB]&amp#27;[0m Running '/Users/mac/Library/Android/sdk/platform-tools/adb -P 5037 reconnect offline'
&amp#27;[38;5;199m[c479743b]&amp#27;[0m&amp#27;[38;5;229m[ADB]&amp#27;[0m Getting connected devices
&amp#27;[38;5;199m[c479743b]&amp#27;[0m&amp#27;[38;5;229m[ADB]&amp#27;[0m No connected devices have been detected
&amp#27;[38;5;199m[c479743b]&amp#27;[0m&amp#27;[38;5;229m[ADB]&amp#27;[0m Could not find online devices
&amp#27;[38;5;199m[c479743b]&amp#27;[0m&amp#27;[38;5;229m[ADB]&amp#27;[0m Reconnecting adb (target offline)
&amp#27;[38;5;199m[c479743b]&amp#27;[0m&amp#27;[38;5;229m[ADB]&amp#27;[0m Running '/Users/mac/Library/Android/sdk/platform-tools/adb -P 5037 reconnect offline'
&amp#27;[38;5;199m[c479743b]&amp#27;[0m&amp#27;[38;5;229m[ADB]&amp#27;[0m Getting connected devices
&amp#27;[38;5;199m[c479743b]&amp#27;[0m&amp#27;[38;5;229m[ADB]&amp#27;[0m No connected devices have been detected
&amp#27;[38;5;199m[c479743b]&amp#27;[0m&amp#27;[38;5;229m[ADB]&amp#27;[0m Could not find online devices
&amp#27;[38;5;199m[c479743b]&amp#27;[0m&amp#27;[38;5;229m[ADB]&amp#27;[0m Reconnecting adb (target offline)
&amp#27;[38;5;199m[c479743b]&amp#27;[0m&amp#27;[38;5;229m[ADB]&amp#27;[0m Running '/Users/mac/Library/Android/sdk/platform-tools/adb -P 5037 reconnect offline'
&amp#27;[38;5;199m[c479743b]&amp#27;[0m&amp#27;[38;5;229m[ADB]&amp#27;[0m Getting connected devices
&amp#27;[38;5;199m[c479743b]&amp#27;[0m&amp#27;[38;5;229m[ADB]&amp#27;[0m No connected devices have been detected
&amp#27;[38;5;199m[c479743b]&amp#27;[0m&amp#27;[38;5;229m[ADB]&amp#27;[0m Could not find online devices
&amp#27;[38;5;199m[c479743b]&amp#27;[0m&amp#27;[38;5;229m[ADB]&amp#27;[0m Reconnecting adb (target offline)
&amp#27;[38;5;199m[c479743b]&amp#27;[0m&amp#27;[38;5;229m[ADB]&amp#27;[0m Running '/Users/mac/Library/Android/sdk/platform-tools/adb -P 5037 reconnect offline'
&amp#27;[38;5;199m[c479743b]&amp#27;[0m&amp#27;[38;5;229m[ADB]&amp#27;[0m Getting connected devices
&amp#27;[38;5;199m[c479743b]&amp#27;[0m&amp#27;[38;5;229m[ADB]&amp#27;[0m No connected devices have been detected
&amp#27;[38;5;199m[c479743b]&amp#27;[0m&amp#27;[38;5;229m[ADB]&amp#27;[0m Could not find online devices
&amp#27;[38;5;199m[c479743b]&amp#27;[0m&amp#27;[38;5;229m[ADB]&amp#27;[0m Reconnecting adb (target offline)
&amp#27;[38;5;199m[c479743b]&amp#27;[0m&amp#27;[38;5;229m[ADB]&amp#27;[0m Running '/Users/mac/Library/Android/sdk/platform-tools/adb -P 5037 reconnect offline'
&amp#27;[38;5;199m[c479743b]&amp#27;[0m&amp#27;[38;5;229m[ADB]&amp#27;[0m Getting connected devices
&amp#27;[38;5;199m[c479743b]&amp#27;[0m&amp#27;[38;5;229m[ADB]&amp#27;[0m No connected devices have been detected
&amp#27;[38;5;199m[c479743b]&amp#27;[0m&amp#27;[38;5;229m[ADB]&amp#27;[0m Could not find online devices
&amp#27;[38;5;199m[c479743b]&amp#27;[0m&amp#27;[38;5;229m[ADB]&amp#27;[0m Reconnecting adb (target offline)
&amp#27;[38;5;199m[c479743b]&amp#27;[0m&amp#27;[38;5;229m[ADB]&amp#27;[0m Running '/Users/mac/Library/Android/sdk/platform-tools/adb -P 5037 reconnect offline'
&amp#27;[38;5;199m[c479743b]&amp#27;[0m&amp#27;[38;5;229m[ADB]&amp#27;[0m Getting connected devices
&amp#27;[38;5;199m[c479743b]&amp#27;[0m&amp#27;[38;5;229m[ADB]&amp#27;[0m No connected devices have been detected
&amp#27;[38;5;199m[c479743b]&amp#27;[0m&amp#27;[38;5;229m[ADB]&amp#27;[0m Could not find online devices
&amp#27;[38;5;199m[c479743b]&amp#27;[0m&amp#27;[38;5;229m[ADB]&amp#27;[0m Reconnecting adb (target offline)
&amp#27;[38;5;199m[c479743b]&amp#27;[0m&amp#27;[38;5;229m[ADB]&amp#27;[0m Running '/Users/mac/Library/Android/sdk/platform-tools/adb -P 5037 reconnect offline'
&amp#27;[38;5;199m[c479743b]&amp#27;[0m&amp#27;[38;5;229m[ADB]&amp#27;[0m Getting connected devices
&amp#27;[38;5;199m[c479743b]&amp#27;[0m&amp#27;[38;5;229m[ADB]&amp#27;[0m No connected devices have been detected
&amp#27;[38;5;199m[c479743b]&amp#27;[0m&amp#27;[38;5;229m[ADB]&amp#27;[0m Could not find online devices
&amp#27;[38;5;199m[c479743b]&amp#27;[0m&amp#27;[38;5;229m[ADB]&amp#27;[0m Reconnecting adb (target offline)
&amp#27;[38;5;199m[c479743b]&amp#27;[0m&amp#27;[38;5;229m[ADB]&amp#27;[0m Running '/Users/mac/Library/Android/sdk/platform-tools/adb -P 5037 reconnect offline'
&amp#27;[38;5;199m[c479743b]&amp#27;[0m&amp#27;[38;5;229m[ADB]&amp#27;[0m Getting connected devices
&amp#27;[38;5;199m[c479743b]&amp#27;[0m&amp#27;[38;5;229m[ADB]&amp#27;[0m No connected devices have been detected
&amp#27;[38;5;199m[c479743b]&amp#27;[0m&amp#27;[38;5;229m[ADB]&amp#27;[0m Could not find online devices
&amp#27;[38;5;199m[c479743b]&amp#27;[0m&amp#27;[38;5;229m[ADB]&amp#27;[0m Reconnecting adb (target offline)
&amp#27;[38;5;199m[c479743b]&amp#27;[0m&amp#27;[38;5;229m[ADB]&amp#27;[0m Running '/Users/mac/Library/Android/sdk/platform-tools/adb -P 5037 reconnect offline'
&amp#27;[38;5;199m[c479743b]&amp#27;[0m&amp#27;[38;5;-118m[AndroidUiautomator2Driver@8328]&amp#27;[0m Deleting UiAutomator2 session
&amp#27;[38;5;199m[c479743b]&amp#27;[0m&amp#27;[38;5;48m[AppiumDriver@9377]&amp#27;[0m Event 'newSessionStarted' logged at 1736172904235 (21:15:04 GMT+0700 (Indochina Time))
&amp#27;[38;5;199m[c479743b]&amp#27;[0m&amp#27;[38;5;48m[AppiumDriver@9377]&amp#27;[0m Encountered internal error running command: Error: Could not find a connected Android device in 20000ms
    at ADB.getDevicesWithRetry (/Users/mac/.appium/node_modules/appium-uiautomator2-driver/node_modules/appium-adb/lib/tools/system-calls.js:331:13)
    at AndroidUiautomator2Driver.getDeviceInfoFromCaps (/Users/mac/.appium/node_modules/appium-uiautomator2-driver/node_modules/appium-android-driver/lib/commands/device/common.js:41:21)
    at AndroidUiautomator2Driver.createSession (/Users/mac/.appium/node_modules/appium-uiautomator2-driver/lib/driver.ts:365:30)
    at AppiumDriver.createSession (/usr/local/lib/node_modules/appium/lib/appium.js:740:35)
&amp#27;[38;5;199m[c479743b]&amp#27;[0m&amp#27;[38;5;86m[HTTP]&amp#27;[0m &amp#27;[37m<-- POST /session &amp#27;[39m&amp#27;[31m500&amp#27;[39m &amp#27;[90m23222 ms - 604&amp#27;[39m &amp#27;[90m&amp#27;[39m
]]></system-out>
  </testcase>
  <testcase name="placeOrder" classname="com.thoaikx.android.LoginTest" time="0.0">
    <skipped message="Could not start a new session. Response code 500. Message: An unknown server-side error occurred while processing the command. Original error: Could not find a connected Android device in 20000ms &#10;Host info: host: &apos;192.168.1.248.non-exists.ptr.local&apos;, ip: &apos;2402:800:6d3e:e88d:0:0:0:3%en0&apos;&#10;Build info: version: &apos;4.27.0&apos;, revision: &apos;d6e718d134&apos;&#10;System info: os.name: &apos;Mac OS X&apos;, os.arch: &apos;x86_64&apos;, os.version: &apos;12.7.4&apos;, java.version: &apos;17.0.13&apos;&#10;Driver info: io.appium.java_client.android.AndroidDriver&#10;Command: [null, newSession {capabilities=[Capabilities {appium:app: /Users/mac/Documents/Appium..., appium:appActivity: com.saucelabs.mydemoapp.and..., appium:appPackage: com.saucelabs.mydemoapp.and..., appium:automationName: UiAutomator2, appium:deviceName: emulator-5554, appium:platformVersion: 15, platformName: ANDROID}]}]&#10;Capabilities {appium:app: /Users/mac/Documents/Appium..., appium:appActivity: com.saucelabs.mydemoapp.and..., appium:appPackage: com.saucelabs.mydemoapp.and..., appium:automationName: UiAutomator2, appium:deviceName: emulator-5554, appium:platformVersion: 15, platformName: ANDROID}"/>
  </testcase>
  <testcase name="tearDown" classname="com.thoaikx.android.LoginTest" time="0.0">
    <skipped/>
  </testcase>
</testsuite>