<?xml version="1.0" encoding="UTF-8"?>
<testsuite xmlns:xsi="http://www.w3.org/2001/XMLSchema-instance" xsi:noNamespaceSchemaLocation="https://maven.apache.org/surefire/maven-surefire-plugin/xsd/surefire-test-report.xsd" version="3.0.2" name="TestSuite" time="158.053" tests="1" errors="0" skipped="0" failures="0">
  <properties>
[...]
</properties>
  <testcase name="placeOrder" classname="com.dan.ios.PlaceOrderTest" time="107.229">
    <system-out><![CDATA[ Local IP: 192.168.1.248
 android.json: hubHost updated from 192.168.1.248 to 192.168.1.248
 grid.json: hubHost not found, skipped
 ios.json: hubHost updated from 192.168.1.248 to 192.168.1.248
 Killed processes on ports: 4444, 9999, 4723, 4727, 4733, 5555, 5556, 5565
Web interface: http://localhost:9999
Deleted log file: android.log
Deleted log file: ios.log
[android] &amp#27;[38;5;112m[Appium]&amp#27;[0m Welcome to Appium v2.17.1

[android] &amp#27;[38;5;112m[Appium]&amp#27;[0m Non-default server args:

[android] &amp#27;[38;5;112m[Appium]&amp#27;[0m { basePath: &amp#27;[32m'/wd/hub'&amp#27;[39m }

[android] &amp#27;[38;5;112m[Appium]&amp#27;[0m The autodetected Appium home path: /Users/mac/.appium

[android] &amp#27;[38;5;112m[Appium]&amp#27;[0m Attempting to load driver xcuitest...

[android] &amp#27;[38;5;112m[Appium]&amp#27;[0m Attempting to load driver uiautomator2...

[android] &amp#27;[38;5;112m[Appium]&amp#27;[0m Requiring driver at /Users/mac/.appium/node_modules/appium-xcuitest-driver/build/index.js

[android] &amp#27;[38;5;112m[Appium]&amp#27;[0m Requiring driver at /Users/mac/.appium/node_modules/appium-uiautomator2-driver/build/index.js

[android] &amp#27;[38;5;112m[Appium]&amp#27;[0m XCUITestDriver has been successfully loaded in 2.300s
&amp#27;[38;5;112m[Appium]&amp#27;[0m AndroidUiautomator2Driver has been successfully loaded in 2.300s

[android] &amp#27;[38;5;112m[Appium]&amp#27;[0m Starting auto register thread for the grid. Will try to register every 1000 ms.
&amp#27;[38;5;112m[Appium]&amp#27;[0m Appium REST http interface listener started on http://0.0.0.0:4723/wd/hub
&amp#27;[38;5;112m[Appium]&amp#27;[0m You can provide the following URLs in your client code to connect to this server:
	http://127.0.0.1:4723/wd/hub (only accessible from the same host)
	http://192.168.1.248:4723/wd/hub
&amp#27;[38;5;112m[Appium]&amp#27;[0m Available drivers:
&amp#27;[38;5;112m[Appium]&amp#27;[0m   - xcuitest@7.26.4 (automationName 'XCUITest')
&amp#27;[38;5;112m[Appium]&amp#27;[0m   - uiautomator2@3.8.0 (automationName 'UiAutomator2')
&amp#27;[38;5;112m[Appium]&amp#27;[0m No plugins have been installed. Use the "appium plugin" command to install the one(s) you want to use.

[ios] &amp#27;[38;5;112m[Appium]&amp#27;[0m Welcome to Appium v2.17.1

[ios] &amp#27;[38;5;112m[Appium]&amp#27;[0m Non-default server args:

[ios] &amp#27;[38;5;112m[Appium]&amp#27;[0m { basePath: &amp#27;[32m'/wd/hub'&amp#27;[39m, port: &amp#27;[33m4727&amp#27;[39m }

[ios] &amp#27;[38;5;112m[Appium]&amp#27;[0m The autodetected Appium home path: /Users/mac/.appium

[ios] &amp#27;[38;5;112m[Appium]&amp#27;[0m Attempting to load driver xcuitest...

[ios] &amp#27;[38;5;112m[Appium]&amp#27;[0m Attempting to load driver uiautomator2...

[ios] &amp#27;[38;5;112m[Appium]&amp#27;[0m Requiring driver at /Users/mac/.appium/node_modules/appium-xcuitest-driver/build/index.js

[ios] &amp#27;[38;5;112m[Appium]&amp#27;[0m Requiring driver at /Users/mac/.appium/node_modules/appium-uiautomator2-driver/build/index.js

[android] &amp#27;[38;5;112m[Appium]&amp#27;[0m Appium successfully registered with the the grid on http://192.168.1.248:4444

[ios] &amp#27;[38;5;112m[Appium]&amp#27;[0m XCUITestDriver has been successfully loaded in 1.388s

[ios] &amp#27;[38;5;112m[Appium]&amp#27;[0m AndroidUiautomator2Driver has been successfully loaded in 1.388s

[ios] &amp#27;[38;5;112m[Appium]&amp#27;[0m Starting auto register thread for the grid. Will try to register every 1000 ms.

[ios] &amp#27;[38;5;112m[Appium]&amp#27;[0m Appium REST http interface listener started on http://0.0.0.0:4727/wd/hub

[ios] &amp#27;[38;5;112m[Appium]&amp#27;[0m You can provide the following URLs in your client code to connect to this server:
	http://127.0.0.1:4727/wd/hub (only accessible from the same host)
	http://192.168.1.248:4727/wd/hub

[ios] &amp#27;[38;5;112m[Appium]&amp#27;[0m Available drivers:

[ios] &amp#27;[38;5;112m[Appium]&amp#27;[0m   - xcuitest@7.26.4 (automationName 'XCUITest')

[ios] &amp#27;[38;5;112m[Appium]&amp#27;[0m   - uiautomator2@3.8.0 (automationName 'UiAutomator2')
&amp#27;[38;5;112m[Appium]&amp#27;[0m No plugins have been installed. Use the "appium plugin" command to install the one(s) you want to use.

[ios] &amp#27;[38;5;112m[Appium]&amp#27;[0m Appium successfully registered with the the grid on http://192.168.1.248:4444

[ios] &amp#27;[38;5;86m[HTTP]&amp#27;[0m Request idempotency key: 4e68fc49-89e3-4491-b79d-f39ec245767e

[ios] &amp#27;[38;5;86m[HTTP]&amp#27;[0m &amp#27;[37m-->&amp#27;[39m &amp#27;[37mPOST&amp#27;[39m &amp#27;[37m/wd/hub/session&amp#27;[39m &amp#27;[90m{"desiredCapabilities":{"server:CONFIG_UUID":"2bd9af68-dbf3-4fa1-98c5-628a8628afdf","appium:wdaStartupRetryInterval":5000,"appium:newCommandTimeout":1800,"appium:automationName":"XCuiTest","appium:platformVersion":"com.apple.CoreSimulator.SimRuntime.iOS-15-0","appium:udid":"91CC769D-8C83-4310-A6EB-9F3471F04082","appium:wdaLaunchTimeout":60000,"appium:connectHardwareKeyboard":true,"appium:connectTimeout":60000,"appium:deviceName":"iPhone 13","platformName":"ios","appium:app":"/Users/mac/Documents/Appium-Android-IOS-Automation/app/My Demo App.app","appium:wdaStartupRetries":3,"appium:usePrebuiltWDA":true},"capabilities":{"firstMatch":[{"appium:app":"/Users/mac/Documents/Appium-Android-IOS-Automation/app/My Demo App.app","appium:automationName":"XCuiTest","appium:connectHardwareKeyboard":true,"appium:connectTimeout":60000,"appium:deviceName":"iPhone 13","appium:newCommandTimeout":1800,"appium:platformVersion":"com.apple.CoreSimulator.SimRuntime.iOS-15-0","appium:udid":"91CC769D-8C83-4310-A6EB-9F3471F04082","a...&amp#27;[39m

[ios] &amp#27;[38;5;172m[AppiumDriver@bc1b]&amp#27;[0m Calling AppiumDriver.createSession() with args: [{"server:CONFIG_UUID":"2bd9af68-dbf3-4fa1-98c5-628a8628afdf","appium:wdaStartupRetryInterval":5000,"appium:newCommandTimeout":1800,"appium:automationName":"XCuiTest","appium:platformVersion":"com.apple.CoreSimulator.SimRuntime.iOS-15-0","appium:udid":"91CC769D-8C83-4310-A6EB-9F3471F04082","appium:wdaLaunchTimeout":60000,"appium:connectHardwareKeyboard":true,"appium:connectTimeout":60000,"appium:deviceName":"iPhone 13","platformName":"ios","appium:app":"/Users/mac/Documents/Appium-Android-IOS-Automation/app/My Demo App.app","appium:wdaStartupRetries":3,"appium:usePrebuiltWDA":true},null,{"firstMatch":[{"appium:app":"/Users/mac/Documents/Appium-Android-IOS-Automation/app/My Demo App.app","appium:automationName":"XCuiTest","appium:connectHardwareKeyboard":true,"appium:connectTimeout":60000,"appium:deviceName":"iPhone 13","appium:newCommandTimeout":1800,"appium:platformVersion":"com.apple.CoreSimulator.SimRuntime.iOS-15-0","appium:udid":"91CC769D-8C83-4310-A6EB-9F3471F04082","appium:usePrebuiltWDA":true,"appi...

[ios] &amp#27;[38;5;172m[AppiumDriver@bc1b]&amp#27;[0m Event 'newSessionRequested' logged at 1746271018249 (18:16:58 GMT+0700 (Indochina Time))

[ios] &amp#27;[38;5;112m[Appium]&amp#27;[0m Attempting to find matching driver for automationName 'XCuiTest' and platformName 'ios'

[ios] &amp#27;[38;5;112m[Appium]&amp#27;[0m The 'xcuitest' driver was installed and matched caps.

[ios] &amp#27;[38;5;112m[Appium]&amp#27;[0m Will require it at /Users/mac/.appium/node_modules/appium-xcuitest-driver

[ios] &amp#27;[38;5;112m[Appium]&amp#27;[0m Requiring driver at /Users/mac/.appium/node_modules/appium-xcuitest-driver/build/index.js

[ios] &amp#27;[38;5;172m[AppiumDriver@bc1b]&amp#27;[0m Appium v2.17.1 creating new XCUITestDriver (v7.26.4) session

[ios] &amp#27;[38;5;172m[AppiumDriver@bc1b]&amp#27;[0m Checking BaseDriver versions for Appium and XCUITestDriver
&amp#27;[38;5;172m[AppiumDriver@bc1b]&amp#27;[0m Appium's BaseDriver version is 9.16.4

[ios] &amp#27;[38;5;172m[AppiumDriver@bc1b]&amp#27;[0m XCUITestDriver's BaseDriver version is 9.16.4

[ios] &amp#27;[38;5;75m[XCUITestDriver@42e7]&amp#27;[0m 

[ios] &amp#27;[38;5;75m[XCUITestDriver@42e7]&amp#27;[0m Creating session with W3C capabilities: {
  "alwaysMatch": {
    "platformName": "ios",
    "server:CONFIG_UUID": "2bd9af68-dbf3-4fa1-98c5-628a8628afdf",
    "appium:app": "/Users/mac/Documents/Appium-Android-IOS-Automation/app/My Demo App.app",
    "appium:automationName": "XCuiTest",
    "appium:connectHardwareKeyboard": true,
    "appium:connectTimeout": 60000,
    "appium:deviceName": "iPhone 13",
    "appium:newCommandTimeout": 1800,
    "appium:platformVersion": "com.apple.CoreSimulator.SimRuntime.iOS-15-0",
    "appium:udid": "91CC769D-8C83-4310-A6EB-9F3471F04082",
    "appium:usePrebuiltWDA": true,
    "appium:wdaLaunchTimeout": 60000,
    "appium:wdaStartupRetries": 3,
    "appium:wdaStartupRetryInterval": 5000
  },
  "firstMatch": [
    {}
  ]
}

[ios] &amp#27;[38;5;75m[XCUITestDriver@42e7]&amp#27;[0m The following provided capabilities were not recognized by this driver:

[ios] &amp#27;[38;5;75m[XCUITestDriver@42e7]&amp#27;[0m   server:CONFIG_UUID
&amp#27;[38;5;75m[XCUITestDriver@42e7]&amp#27;[0m   connectTimeout

[ios] &amp#27;[38;5;145m[f589dace]&amp#27;[0m&amp#27;[38;5;75m[XCUITestDriver@42e7]&amp#27;[0m Session created with session id: f589dace-53ae-4a2e-adc8-cff341384157

[ios] &amp#27;[38;5;145m[f589dace]&amp#27;[0m&amp#27;[38;5;135m[XCUITest]&amp#27;[0m Current user: 'mac'

[ios] &amp#27;[38;5;145m[f589dace]&amp#27;[0m&amp#27;[38;5;75m[XCUITestDriver@42e7]&amp#27;[0m Available real devices: 

[ios] &amp#27;[38;5;145m[f589dace]&amp#27;[0m&amp#27;[38;5;75m[XCUITestDriver@42e7]&amp#27;[0m Constructing iOS simulator for Xcode version 13.0 with udid '91CC769D-8C83-4310-A6EB-9F3471F04082'

[ios] &amp#27;[38;5;145m[f589dace]&amp#27;[0m&amp#27;[38;5;75m[XCUITestDriver@42e7]&amp#27;[0m Determining device to run tests on: udid: '91CC769D-8C83-4310-A6EB-9F3471F04082', real device: false

[ios] &amp#27;[38;5;145m[f589dace]&amp#27;[0m&amp#27;[38;5;75m[XCUITestDriver@42e7]&amp#27;[0m Normalized platformVersion capability value 'com.apple.CoreSimulator.SimRuntime.iOS-15-0' to '15.0'

[ios] &amp#27;[38;5;145m[f589dace]&amp#27;[0m&amp#27;[38;5;75m[XCUITestDriver@42e7]&amp#27;[0m Event 'xcodeDetailsRetrieved' logged at 1746271018719 (18:16:58 GMT+0700 (Indochina Time))

[ios] &amp#27;[38;5;145m[f589dace]&amp#27;[0m&amp#27;[38;5;123m[BaseDriver]&amp#27;[0m Using local app '/Users/mac/Documents/Appium-Android-IOS-Automation/app/My Demo App.app'

[ios] &amp#27;[38;5;145m[f589dace]&amp#27;[0m&amp#27;[38;5;75m[XCUITestDriver@42e7]&amp#27;[0m Caching the manifest for com.saucelabs.mydemo.app.ios app from a file source using the key '50ae9f61a7148022a81cadea246374ad607a54e8'

[ios] &amp#27;[38;5;145m[f589dace]&amp#27;[0m&amp#27;[38;5;75m[XCUITestDriver@42e7]&amp#27;[0m Event 'appConfigured' logged at 1746271018728 (18:16:58 GMT+0700 (Indochina Time))

[ios] &amp#27;[38;5;145m[f589dace]&amp#27;[0m&amp#27;[38;5;135m[XCUITest]&amp#27;[0m Checking whether app '/Users/mac/Documents/Appium-Android-IOS-Automation/app/My Demo App.app' is actually present on file system

[ios] &amp#27;[38;5;145m[f589dace]&amp#27;[0m&amp#27;[38;5;135m[XCUITest]&amp#27;[0m App is present

[ios] &amp#27;[38;5;145m[f589dace]&amp#27;[0m&amp#27;[38;5;75m[XCUITestDriver@42e7]&amp#27;[0m CFBundleIdentifier: "com.saucelabs.mydemo.app.ios"

[ios] &amp#27;[38;5;145m[f589dace]&amp#27;[0m&amp#27;[38;5;75m[XCUITestDriver@42e7]&amp#27;[0m Event 'resetStarted' logged at 1746271018731 (18:16:58 GMT+0700 (Indochina Time))

[ios] &amp#27;[38;5;145m[f589dace]&amp#27;[0m&amp#27;[38;5;75m[XCUITestDriver@42e7]&amp#27;[0m Not scrubbing third party app in anticipation of uninstall

[ios] &amp#27;[38;5;145m[f589dace]&amp#27;[0m&amp#27;[38;5;75m[XCUITestDriver@42e7]&amp#27;[0m Event 'resetComplete' logged at 1746271019082 (18:16:59 GMT+0700 (Indochina Time))

[ios] &amp#27;[38;5;145m[f589dace]&amp#27;[0m&amp#27;[38;5;75m[XCUITestDriver@42e7]&amp#27;[0m Using WDA path: '/Users/mac/.appium/node_modules/appium-xcuitest-driver/node_modules/appium-webdriveragent'

[ios] &amp#27;[38;5;145m[f589dace]&amp#27;[0m&amp#27;[38;5;75m[XCUITestDriver@42e7]&amp#27;[0m Using WDA agent: '/Users/mac/.appium/node_modules/appium-xcuitest-driver/node_modules/appium-webdriveragent/WebDriverAgent.xcodeproj'

[ios] &amp#27;[38;5;145m[f589dace]&amp#27;[0m&amp#27;[38;5;75m[XCUITestDriver@42e7]&amp#27;[0m Starting log capture for iOS Simulator with udid '91CC769D-8C83-4310-A6EB-9F3471F04082' using simctl

[android] &amp#27;[38;5;86m[HTTP]&amp#27;[0m &amp#27;[37m-->&amp#27;[39m &amp#27;[37mGET&amp#27;[39m &amp#27;[37m/wd/hub/status&amp#27;[39m &amp#27;[90m{}&amp#27;[39m

[android] &amp#27;[38;5;141m[AppiumDriver@bb74]&amp#27;[0m Calling AppiumDriver.getStatus() with args: []

[android] &amp#27;[38;5;141m[AppiumDriver@bb74]&amp#27;[0m Responding to client with driver.getStatus() result: {"ready":true,"message":"The server is ready to accept new connections","build":{"version":"2.17.1"}}

[android] &amp#27;[38;5;86m[HTTP]&amp#27;[0m &amp#27;[37m<-- GET /wd/hub/status &amp#27;[39m&amp#27;[32m200&amp#27;[39m &amp#27;[90m8 ms - 111&amp#27;[39m &amp#27;[90m&amp#27;[39m

[ios] &amp#27;[38;5;145m[f589dace]&amp#27;[0m&amp#27;[38;5;75m[XCUITestDriver@42e7]&amp#27;[0m Event 'logCaptureStarted' logged at 1746271020049 (18:17:00 GMT+0700 (Indochina Time))

[ios] &amp#27;[38;5;145m[f589dace]&amp#27;[0m&amp#27;[38;5;75m[XCUITestDriver@42e7]&amp#27;[0m Setting up simulator

[ios] &amp#27;[38;5;145m[f589dace]&amp#27;[0m&amp#27;[38;5;75m[XCUITestDriver@42e7]&amp#27;[0m Setting preferences of 91CC769D-8C83-4310-A6EB-9F3471F04082 Simulator to {"ConnectHardwareKeyboard":true}
&amp#27;[38;5;145m[f589dace]&amp#27;[0m&amp#27;[38;5;75m[XCUITestDriver@42e7]&amp#27;[0m Setting common Simulator preferences to {"RotateWindowWhenSignaledByGuest":true,"StartLastDeviceOnLaunch":false,"DetachOnWindowClose":false,"AttachBootedOnStart":true,"ConnectHardwareKeyboard":true,"PasteboardAutomaticSync":false}

[ios] &amp#27;[38;5;145m[f589dace]&amp#27;[0m&amp#27;[38;5;75m[XCUITestDriver@42e7]&amp#27;[0m Updated 91CC769D-8C83-4310-A6EB-9F3471F04082 Simulator preferences at '/Users/mac/Library/Preferences/com.apple.iphonesimulator.plist' with {"RotateWindowWhenSignaledByGuest":true,"StartLastDeviceOnLaunch":false,"DetachOnWindowClose":false,"AttachBootedOnStart":true,"ConnectHardwareKeyboard":true,"PasteboardAutomaticSync":false,"DevicePreferences":{"91CC769D-8C83-4310-A6EB-9F3471F04082":{"ConnectHardwareKeyboard":true,"SimulatorExternalDisplay":2114,"ChromeTint":"","SimulatorWindowOrientation":"Portrait","SimulatorWindowRotationAngle":0,"SimulatorWindowGeometry":{"D04603FA-CD23-4F73-96E0-61E86768ECF3":{"WindowCenter":"{1125, 422}","WindowScale":0.6846846846846847}}}}}

[ios] &amp#27;[38;5;145m[f589dace]&amp#27;[0m&amp#27;[38;5;75m[XCUITestDriver@42e7]&amp#27;[0m Got Simulator UI client PID: 385

[ios] &amp#27;[38;5;145m[f589dace]&amp#27;[0m&amp#27;[38;5;75m[XCUITestDriver@42e7]&amp#27;[0m Both Simulator with UDID '91CC769D-8C83-4310-A6EB-9F3471F04082' and the UI client are currently running

[ios] &amp#27;[38;5;145m[f589dace]&amp#27;[0m&amp#27;[38;5;75m[XCUITestDriver@42e7]&amp#27;[0m Event 'simStarted' logged at 1746271021016 (18:17:01 GMT+0700 (Indochina Time))

[ios] &amp#27;[38;5;145m[f589dace]&amp#27;[0m&amp#27;[38;5;75m[XCUITestDriver@42e7]&amp#27;[0m Verifying application platform

[ios] &amp#27;[38;5;145m[f589dace]&amp#27;[0m&amp#27;[38;5;75m[XCUITestDriver@42e7]&amp#27;[0m CFBundleSupportedPlatforms: ["iPhoneSimulator"]

[ios] &amp#27;[38;5;145m[f589dace]&amp#27;[0m&amp#27;[38;5;75m[XCUITestDriver@42e7]&amp#27;[0m CFBundleExecutable: "My Demo App"

[ios] &amp#27;[38;5;145m[f589dace]&amp#27;[0m&amp#27;[38;5;75m[XCUITestDriver@42e7]&amp#27;[0m /Users/mac/Documents/Appium-Android-IOS-Automation/app/My Demo App.app/My Demo App: Mach-O universal binary with 2 architectures: [x86_64:Mach-O 64-bit executable x86_64
- Mach-O 64-bit executable x86_64] [arm64]
/Users/mac/Documents/Appium-Android-IOS-Automation/app/My Demo App.app/My Demo App (for architecture x86_64):	Mach-O 64-bit executable x86_64
/Users/mac/Documents/Appium-Android-IOS-Automation/app/My Demo App.app/My Demo App (for architecture arm64):	Mach-O 64-bit executable arm64

[ios] &amp#27;[38;5;86m[HTTP]&amp#27;[0m &amp#27;[37m-->&amp#27;[39m &amp#27;[37mGET&amp#27;[39m &amp#27;[37m/wd/hub/status&amp#27;[39m &amp#27;[90m{}&amp#27;[39m

[ios] &amp#27;[38;5;172m[AppiumDriver@bc1b]&amp#27;[0m Calling AppiumDriver.getStatus() with args: []

[ios] &amp#27;[38;5;172m[AppiumDriver@bc1b]&amp#27;[0m Responding to client with driver.getStatus() result: {"ready":true,"message":"The server is ready to accept new connections","build":{"version":"2.17.1"}}

[ios] &amp#27;[38;5;86m[HTTP]&amp#27;[0m &amp#27;[37m<-- GET /wd/hub/status &amp#27;[39m&amp#27;[32m200&amp#27;[39m &amp#27;[90m8 ms - 111&amp#27;[39m &amp#27;[90m&amp#27;[39m

[ios] &amp#27;[38;5;145m[f589dace]&amp#27;[0m&amp#27;[38;5;75m[XCUITestDriver@42e7]&amp#27;[0m App 'com.saucelabs.mydemo.app.ios' is already installed

[ios] &amp#27;[38;5;145m[f589dace]&amp#27;[0m&amp#27;[38;5;75m[XCUITestDriver@42e7]&amp#27;[0m Reset requested. Removing app with id 'com.saucelabs.mydemo.app.ios' from the device

[ios] &amp#27;[38;5;145m[f589dace]&amp#27;[0m&amp#27;[38;5;75m[XCUITestDriver@42e7]&amp#27;[0m Installing '/Users/mac/Documents/Appium-Android-IOS-Automation/app/My Demo App.app' on Simulator with UUID '91CC769D-8C83-4310-A6EB-9F3471F04082'...

[ios] &amp#27;[38;5;145m[f589dace]&amp#27;[0m&amp#27;[38;5;75m[XCUITestDriver@42e7]&amp#27;[0m Parsed BUILD_DIR configuration value: '/Users/mac/Library/Developer/Xcode/DerivedData/WebDriverAgent-ftyyjphyaxmwnxbquukpkjatjqxc/Build/Products'

[ios] &amp#27;[38;5;145m[f589dace]&amp#27;[0m&amp#27;[38;5;75m[XCUITestDriver@42e7]&amp#27;[0m Got derived data root: '/Users/mac/Library/Developer/Xcode/DerivedData/WebDriverAgent-ftyyjphyaxmwnxbquukpkjatjqxc'

[android] &amp#27;[38;5;86m[HTTP]&amp#27;[0m &amp#27;[37m-->&amp#27;[39m &amp#27;[37mGET&amp#27;[39m &amp#27;[37m/wd/hub/status&amp#27;[39m &amp#27;[90m{}&amp#27;[39m

[android] &amp#27;[38;5;141m[AppiumDriver@bb74]&amp#27;[0m Calling AppiumDriver.getStatus() with args: []
&amp#27;[38;5;141m[AppiumDriver@bb74]&amp#27;[0m Responding to client with driver.getStatus() result: {"ready":true,"message":"The server is ready to accept new connections","build":{"version":"2.17.1"}}

[android] &amp#27;[38;5;86m[HTTP]&amp#27;[0m &amp#27;[37m<-- GET /wd/hub/status &amp#27;[39m&amp#27;[32m200&amp#27;[39m &amp#27;[90m1 ms - 111&amp#27;[39m &amp#27;[90m&amp#27;[39m

[ios] &amp#27;[38;5;145m[f589dace]&amp#27;[0m&amp#27;[38;5;75m[XCUITestDriver@42e7]&amp#27;[0m The app has been successfully installed in 2320ms

[ios] &amp#27;[38;5;145m[f589dace]&amp#27;[0m&amp#27;[38;5;75m[XCUITestDriver@42e7]&amp#27;[0m Event 'appInstalled' logged at 1746271025147 (18:17:05 GMT+0700 (Indochina Time))

[ios] &amp#27;[38;5;145m[f589dace]&amp#27;[0m&amp#27;[38;5;75m[XCUITestDriver@42e7]&amp#27;[0m No obsolete cached processes from previous WDA sessions listening on port 8100 have been found

[ios] &amp#27;[38;5;145m[f589dace]&amp#27;[0m&amp#27;[38;5;23m[DevCon Factory]&amp#27;[0m Requesting connection for device 91CC769D-8C83-4310-A6EB-9F3471F04082 on local port 8100

[ios] &amp#27;[38;5;145m[f589dace]&amp#27;[0m&amp#27;[38;5;23m[DevCon Factory]&amp#27;[0m Cached connections count: 0

[ios] &amp#27;[38;5;145m[f589dace]&amp#27;[0m&amp#27;[38;5;23m[DevCon Factory]&amp#27;[0m Successfully requested the connection for 91CC769D-8C83-4310-A6EB-9F3471F04082:8100

[ios] &amp#27;[38;5;145m[f589dace]&amp#27;[0m&amp#27;[38;5;75m[XCUITestDriver@42e7]&amp#27;[0m Starting WebDriverAgent initialization with the synchronization key 'XCUITestDriver'

[ios] &amp#27;[38;5;145m[f589dace]&amp#27;[0m&amp#27;[38;5;151m[WD Proxy]&amp#27;[0m Matched '/status' to command name 'getStatus'

[ios] &amp#27;[38;5;145m[f589dace]&amp#27;[0m&amp#27;[38;5;151m[WD Proxy]&amp#27;[0m Proxying [GET /status] to [GET http://127.0.0.1:8100/status] with no body

[ios] &amp#27;[38;5;145m[f589dace]&amp#27;[0m&amp#27;[38;5;151m[WD Proxy]&amp#27;[0m Got response with status 200: {"value":{"build":{"upgradedAt":"1726760607391","version":"8.9.2","time":"Apr 30 2025 13:35:47","productBundleIdentifier":"com.facebook.WebDriverAgentRunner"},"os":{"testmanagerdVersion":28,"name":"iOS","sdkVersion":"15.0","version":"15.0"},"device":"iphone","ios":{"simulatorVersion":"15.0","ip":"192.168.1.248"},"message":"WebDriverAgent is ready to accept commands","state":"success","ready":true},"sessionId":null}

[ios] &amp#27;[38;5;145m[f589dace]&amp#27;[0m&amp#27;[38;5;75m[XCUITestDriver@42e7]&amp#27;[0m Upgrade timestamp of the currently bundled WDA: 1726760607391

[ios] &amp#27;[38;5;145m[f589dace]&amp#27;[0m&amp#27;[38;5;75m[XCUITestDriver@42e7]&amp#27;[0m Upgrade timestamp of the WDA on the device: 1726760607391

[ios] &amp#27;[38;5;145m[f589dace]&amp#27;[0m&amp#27;[38;5;75m[XCUITestDriver@42e7]&amp#27;[0m Will reuse previously cached WDA instance at 'http://127.0.0.1:8100/' with 'com.facebook.WebDriverAgentRunner'. Set the wdaLocalPort capability to a value different from 8100 if this is an undesired behavior.

[ios] &amp#27;[38;5;145m[f589dace]&amp#27;[0m&amp#27;[38;5;75m[XCUITestDriver@42e7]&amp#27;[0m Trying to start WebDriverAgent 3 times with 5000ms interval

[ios] &amp#27;[38;5;145m[f589dace]&amp#27;[0m&amp#27;[38;5;75m[XCUITestDriver@42e7]&amp#27;[0m Event 'wdaStartAttempted' logged at 1746271025287 (18:17:05 GMT+0700 (Indochina Time))

[ios] &amp#27;[38;5;145m[f589dace]&amp#27;[0m&amp#27;[38;5;75m[XCUITestDriver@42e7]&amp#27;[0m Using provided WebdriverAgent at 'http://127.0.0.1:8100/'

[ios] &amp#27;[38;5;145m[f589dace]&amp#27;[0m&amp#27;[38;5;151m[WD Proxy]&amp#27;[0m Matched '/status' to command name 'getStatus'

[ios] &amp#27;[38;5;145m[f589dace]&amp#27;[0m&amp#27;[38;5;151m[WD Proxy]&amp#27;[0m Proxying [GET /status] to [GET http://127.0.0.1:8100/status] with no body

[ios] &amp#27;[38;5;145m[f589dace]&amp#27;[0m&amp#27;[38;5;151m[WD Proxy]&amp#27;[0m Got response with status 200: {"value":{"build":{"upgradedAt":"1726760607391","version":"8.9.2","time":"Apr 30 2025 13:35:47","productBundleIdentifier":"com.facebook.WebDriverAgentRunner"},"os":{"testmanagerdVersion":28,"name":"iOS","sdkVersion":"15.0","version":"15.0"},"device":"iphone","ios":{"simulatorVersion":"15.0","ip":"192.168.1.248"},"message":"WebDriverAgent is ready to accept commands","state":"success","ready":true},"sessionId":null}

[ios] &amp#27;[38;5;145m[f589dace]&amp#27;[0m&amp#27;[38;5;75m[XCUITestDriver@42e7]&amp#27;[0m Event 'wdaSessionAttempted' logged at 1746271025293 (18:17:05 GMT+0700 (Indochina Time))
&amp#27;[38;5;145m[f589dace]&amp#27;[0m&amp#27;[38;5;75m[XCUITestDriver@42e7]&amp#27;[0m Sending createSession command to WDA

[ios] &amp#27;[38;5;145m[f589dace]&amp#27;[0m&amp#27;[38;5;75m[XCUITestDriver@42e7]&amp#27;[0m Matched '/session' to command name 'createSession'

[ios] &amp#27;[38;5;145m[f589dace]&amp#27;[0m&amp#27;[38;5;75m[XCUITestDriver@42e7]&amp#27;[0m Proxying [POST /session] to [POST http://127.0.0.1:8100/session] with body: {"capabilities":{"firstMatch":[{"bundleId":"com.saucelabs.mydemo.app.ios","arguments":[],"environment":{},"eventloopIdleDelaySec":0,"shouldWaitForQuiescence":true,"shouldUseTestManagerForVisibilityDetection":false,"maxTypingFrequency":60,"shouldUseSingletonTestManager":true,"shouldTerminateApp":true,"forceAppLaunch":true,"useNativeCachingStrategy":true,"forceSimulatorSoftwareKeyboardPresence":false}],"alwaysMatch":{}}}

[ios] &amp#27;[38;5;86m[HTTP]&amp#27;[0m &amp#27;[37m-->&amp#27;[39m &amp#27;[37mGET&amp#27;[39m &amp#27;[37m/wd/hub/status&amp#27;[39m &amp#27;[90m{}&amp#27;[39m

[ios] &amp#27;[38;5;172m[AppiumDriver@bc1b]&amp#27;[0m Calling AppiumDriver.getStatus() with args: []

[ios] &amp#27;[38;5;172m[AppiumDriver@bc1b]&amp#27;[0m Responding to client with driver.getStatus() result: {"ready":true,"message":"The server is ready to accept new connections","build":{"version":"2.17.1"}}

[ios] &amp#27;[38;5;86m[HTTP]&amp#27;[0m &amp#27;[37m<-- GET /wd/hub/status &amp#27;[39m&amp#27;[32m200&amp#27;[39m &amp#27;[90m29 ms - 111&amp#27;[39m &amp#27;[90m&amp#27;[39m

[ios] &amp#27;[38;5;145m[f589dace]&amp#27;[0m&amp#27;[38;5;75m[XCUITestDriver@42e7]&amp#27;[0m Got response with status 200: {"value":{"sessionId":"94F7662D-12AD-4C7D-BEE3-AE76BA5805B8","capabilities":{"sdkVersion":"15.0","device":"iphone"}},"sessionId":"94F7662D-12AD-4C7D-BEE3-AE76BA5805B8"}

[ios] &amp#27;[38;5;145m[f589dace]&amp#27;[0m&amp#27;[38;5;75m[XCUITestDriver@42e7]&amp#27;[0m Determined the downstream protocol as 'W3C'

[ios] &amp#27;[38;5;145m[f589dace]&amp#27;[0m&amp#27;[38;5;75m[XCUITestDriver@42e7]&amp#27;[0m WDA session startup took 3284ms

[ios] &amp#27;[38;5;145m[f589dace]&amp#27;[0m&amp#27;[38;5;75m[XCUITestDriver@42e7]&amp#27;[0m Event 'wdaSessionStarted' logged at 1746271028578 (18:17:08 GMT+0700 (Indochina Time))

[ios] &amp#27;[38;5;145m[f589dace]&amp#27;[0m&amp#27;[38;5;75m[XCUITestDriver@42e7]&amp#27;[0m Event 'wdaStarted' logged at 1746271028578 (18:17:08 GMT+0700 (Indochina Time))

[ios] &amp#27;[38;5;145m[f589dace]&amp#27;[0m&amp#27;[38;5;123m[BaseDriver]&amp#27;[0m The value of 'elementResponseAttributes' setting did not change. Skipping the update for it
&amp#27;[38;5;145m[f589dace]&amp#27;[0m&amp#27;[38;5;123m[BaseDriver]&amp#27;[0m The value of 'shouldUseCompactResponses' setting did not change. Skipping the update for it
&amp#27;[38;5;145m[f589dace]&amp#27;[0m&amp#27;[38;5;172m[AppiumDriver@bc1b]&amp#27;[0m New XCUITestDriver session created successfully, session f589dace-53ae-4a2e-adc8-cff341384157 added to master session list

[ios] &amp#27;[38;5;145m[f589dace]&amp#27;[0m&amp#27;[38;5;172m[AppiumDriver@bc1b]&amp#27;[0m Event 'newSessionStarted' logged at 1746271028579 (18:17:08 GMT+0700 (Indochina Time))
&amp#27;[38;5;145m[f589dace]&amp#27;[0m&amp#27;[38;5;75m[XCUITestDriver@42e7]&amp#27;[0m Cached the protocol value 'W3C' for the new session f589dace-53ae-4a2e-adc8-cff341384157

[ios] &amp#27;[38;5;145m[f589dace]&amp#27;[0m&amp#27;[38;5;75m[XCUITestDriver@42e7]&amp#27;[0m Responding to client with driver.createSession() result: {"capabilities":{"webStorageEnabled":false,"locationContextEnabled":false,"browserName":"","platform":"MAC","javascriptEnabled":true,"databaseEnabled":false,"takesScreenshot":true,"networkConnectionEnabled":false,"platformName":"ios","server:CONFIG_UUID":"2bd9af68-dbf3-4fa1-98c5-628a8628afdf","app":"/Users/mac/Documents/Appium-Android-IOS-Automation/app/My Demo App.app","automationName":"XCuiTest","connectHardwareKeyboard":true,"connectTimeout":60000,"deviceName":"iPhone 13","newCommandTimeout":1800,"platformVersion":"15.0","udid":"91CC769D-8C83-4310-A6EB-9F3471F04082","usePrebuiltWDA":true,"wdaLaunchTimeout":60000,"wdaStartupRetries":3,"wdaStartupRetryInterval":5000}}

[ios] &amp#27;[38;5;145m[f589dace]&amp#27;[0m&amp#27;[38;5;86m[HTTP]&amp#27;[0m &amp#27;[37m<-- POST /wd/hub/session &amp#27;[39m&amp#27;[32m200&amp#27;[39m &amp#27;[90m10334 ms - 738&amp#27;[39m &amp#27;[90m&amp#27;[39m

[ios] &amp#27;[38;5;145m[f589dace]&amp#27;[0m&amp#27;[38;5;86m[HTTP]&amp#27;[0m &amp#27;[37m-->&amp#27;[39m &amp#27;[37mPOST&amp#27;[39m &amp#27;[37m/wd/hub/session/f589dace-53ae-4a2e-adc8-cff341384157/appium/start_recording_screen&amp#27;[39m &amp#27;[90m{"options":{"timeLimit":300}}&amp#27;[39m

[ios] &amp#27;[38;5;145m[f589dace]&amp#27;[0m&amp#27;[38;5;75m[XCUITestDriver@42e7]&amp#27;[0m Calling AppiumDriver.startRecordingScreen() with args: [{"timeLimit":300},"f589dace-53ae-4a2e-adc8-cff341384157"]
&amp#27;[38;5;145m[f589dace]&amp#27;[0m&amp#27;[38;5;75m[XCUITestDriver@42e7]&amp#27;[0m Executing command 'startRecordingScreen'
&amp#27;[38;5;145m[f589dace]&amp#27;[0m&amp#27;[38;5;75m[XCUITestDriver@42e7]&amp#27;[0m Checking if there is/was a previous screen recording. Set 'forceRestart' option to 'true' if you'd like to skip this step.
&amp#27;[38;5;145m[f589dace]&amp#27;[0m&amp#27;[38;5;75m[XCUITestDriver@42e7]&amp#27;[0m Screen recording is not running. There is nothing to stop.

[ios] &amp#27;[38;5;145m[f589dace]&amp#27;[0m&amp#27;[38;5;23m[DevCon Factory]&amp#27;[0m Releasing connections for 91CC769D-8C83-4310-A6EB-9F3471F04082 device on 9100 port number

[ios] &amp#27;[38;5;145m[f589dace]&amp#27;[0m&amp#27;[38;5;23m[DevCon Factory]&amp#27;[0m No cached connections have been found

[ios] &amp#27;[38;5;145m[f589dace]&amp#27;[0m&amp#27;[38;5;75m[XCUITestDriver@42e7]&amp#27;[0m Matched '/appium/settings' to command name 'getSettings'
&amp#27;[38;5;145m[f589dace]&amp#27;[0m&amp#27;[38;5;75m[XCUITestDriver@42e7]&amp#27;[0m Proxying [GET /appium/settings] to [GET http://127.0.0.1:8100/session/94F7662D-12AD-4C7D-BEE3-AE76BA5805B8/appium/settings] with no body

[ios] &amp#27;[38;5;145m[f589dace]&amp#27;[0m&amp#27;[38;5;75m[XCUITestDriver@42e7]&amp#27;[0m Got response with status 200: {"value":{"mjpegFixOrientation":false,"boundElementsByIndex":false,"mjpegServerFramerate":10,"maxTypingFrequency":60,"reduceMotion":false,"respectSystemAlerts":false,"elementResponseAttributes":"type,label","screenshotQuality":3,"mjpegScalingFactor":100,"screenshotOrientation":"auto","keyboardPrediction":0,"defaultActiveApplication":"auto","mjpegServerScreenshotQuality":25,"defaultAlertAction":"","keyboardAutocorrection":0,"useFirstMatch":false,"shouldUseCompactResponses":true,"customSnapshotTimeout":15,"dismissAlertButtonSelector":"","activeAppDetectionPoint":"64.00,64.00","snapshotMaxDepth":50,"waitForIdleTimeout":10,"includeNonModalElements":false,"acceptAlertButtonSelector":"","animationCoolOffTimeout":2},"sessionId":"94F7662D-12AD-4C7D-BEE3-AE76BA5805B8"}

[ios] &amp#27;[38;5;145m[f589dace]&amp#27;[0m&amp#27;[38;5;23m[DevCon Factory]&amp#27;[0m Requesting connection for device 91CC769D-8C83-4310-A6EB-9F3471F04082 on local port 9100, device port 9100

[ios] &amp#27;[38;5;145m[f589dace]&amp#27;[0m&amp#27;[38;5;23m[DevCon Factory]&amp#27;[0m Cached connections count: 1

[ios] &amp#27;[38;5;145m[f589dace]&amp#27;[0m&amp#27;[38;5;23m[DevCon Factory]&amp#27;[0m Successfully requested the connection for 91CC769D-8C83-4310-A6EB-9F3471F04082:9100

[ios] &amp#27;[38;5;145m[f589dace]&amp#27;[0m&amp#27;[38;5;107m[ffmpeg]&amp#27;[0m ffmpeg version N-118584-g469b7a0ee4-tessus  https://evermeet.cx/ffmpeg/  Copyright (c) 2000-2025 the FFmpeg developers

[ios] &amp#27;[38;5;145m[f589dace]&amp#27;[0m&amp#27;[38;5;107m[ffmpeg]&amp#27;[0m   built with Apple clang version 16.0.0 (clang-1600.0.26.6)

[ios] &amp#27;[38;5;145m[f589dace]&amp#27;[0m&amp#27;[38;5;107m[ffmpeg]&amp#27;[0m   configuration: --cc=/usr/bin/clang --prefix=/opt/ffmpeg --extra-version=tessus --enable-avisynth --enable-fontconfig --enable-gpl --enable-libaom --enable-libass --enable-libbluray --enable-libdav1d --enable-libfreetype --enable-libgsm --enable-libharfbuzz --enable-libmodplug --enable-libmp3lame --enable-libmysofa --enable-libopencore-amrnb --enable-libopencore-amrwb --enable-libopenh264 --enable-libopenjpeg --enable-libopus --enable-librubberband --enable-libshine --enable-libsnappy --enable-libsoxr --enable-libspeex --enable-libtheora --enable-libtwolame --enable-libvidstab --enable-libvmaf --enable-libvo-amrwbenc --enable-libvorbis --enable-libvpx --enable-libwebp --enable-libx264 --enable-libx265 --enable-libxavs --enable-libxml2 --enable-libxvid --enable-libzimg --enable-libzmq --enable-libzvbi --enable-version3 --pkg-config-flags=--static --disable-ffplay

[ios] &amp#27;[38;5;145m[f589dace]&amp#27;[0m&amp#27;[38;5;107m[ffmpeg]&amp#27;[0m   libavutil      59. 57.100 / 59. 57.100

[ios] &amp#27;[38;5;145m[f589dace]&amp#27;[0m&amp#27;[38;5;107m[ffmpeg]&amp#27;[0m   libavcodec     61. 33.102 / 61. 33.102

[ios] &amp#27;[38;5;145m[f589dace]&amp#27;[0m&amp#27;[38;5;107m[ffmpeg]&amp#27;[0m   libavformat    61.  9.107 / 61.  9.107
&amp#27;[38;5;145m[f589dace]&amp#27;[0m&amp#27;[38;5;107m[ffmpeg]&amp#27;[0m   libavdevice    61.  4.100 / 61.  4.100

[ios] &amp#27;[38;5;145m[f589dace]&amp#27;[0m&amp#27;[38;5;107m[ffmpeg]&amp#27;[0m   libavfilter    10.  9.100 / 10.  9.100

[ios] &amp#27;[38;5;145m[f589dace]&amp#27;[0m&amp#27;[38;5;107m[ffmpeg]&amp#27;[0m   libswscale      8. 13.100 /  8. 13.100

[ios] &amp#27;[38;5;145m[f589dace]&amp#27;[0m&amp#27;[38;5;107m[ffmpeg]&amp#27;[0m   libswresample   5.  4.100 /  5.  4.100

[ios] &amp#27;[38;5;145m[f589dace]&amp#27;[0m&amp#27;[38;5;107m[ffmpeg]&amp#27;[0m   libpostproc    58.  4.100 / 58.  4.100

[android] &amp#27;[38;5;86m[HTTP]&amp#27;[0m &amp#27;[37m-->&amp#27;[39m &amp#27;[37mGET&amp#27;[39m &amp#27;[37m/wd/hub/status&amp#27;[39m &amp#27;[90m{}&amp#27;[39m
&amp#27;[38;5;141m[AppiumDriver@bb74]&amp#27;[0m Calling AppiumDriver.getStatus() with args: []
&amp#27;[38;5;141m[AppiumDriver@bb74]&amp#27;[0m Responding to client with driver.getStatus() result: {"ready":true,"message":"The server is ready to accept new connections","build":{"version":"2.17.1"}}
&amp#27;[38;5;86m[HTTP]&amp#27;[0m &amp#27;[37m<-- GET /wd/hub/status &amp#27;[39m&amp#27;[32m200&amp#27;[39m &amp#27;[90m1 ms - 111&amp#27;[39m &amp#27;[90m&amp#27;[39m

[ios] &amp#27;[38;5;86m[HTTP]&amp#27;[0m &amp#27;[37m-->&amp#27;[39m &amp#27;[37mGET&amp#27;[39m &amp#27;[37m/wd/hub/status&amp#27;[39m &amp#27;[90m{}&amp#27;[39m

[ios] &amp#27;[38;5;172m[AppiumDriver@bc1b]&amp#27;[0m Calling AppiumDriver.getStatus() with args: []
&amp#27;[38;5;172m[AppiumDriver@bc1b]&amp#27;[0m Responding to client with driver.getStatus() result: {"ready":true,"message":"The server is ready to accept new connections","build":{"version":"2.17.1"}}

[ios] &amp#27;[38;5;86m[HTTP]&amp#27;[0m &amp#27;[37m<-- GET /wd/hub/status &amp#27;[39m&amp#27;[32m200&amp#27;[39m &amp#27;[90m2 ms - 111&amp#27;[39m &amp#27;[90m&amp#27;[39m

[ios] &amp#27;[38;5;145m[f589dace]&amp#27;[0m&amp#27;[38;5;75m[XCUITestDriver@42e7]&amp#27;[0m Screen capture process did not start within 5000ms. Continuing anyway

[ios] &amp#27;[38;5;145m[f589dace]&amp#27;[0m&amp#27;[38;5;75m[XCUITestDriver@42e7]&amp#27;[0m Starting screen capture on the device '91CC769D-8C83-4310-A6EB-9F3471F04082' with command: 'ffmpeg -f mjpeg -reconnect 1 -reconnect_at_eof 1 -reconnect_streamed 1 -reconnect_delay_max 301 -i http://127.0.0.1:9100 -vcodec mjpeg -y /var/folders/qh/0br_shq51mg8gjrzbmqrt1c00000gn/T/202543-19629-5udy4y.c85ds/appium_4b8f69.mp4'. Will timeout in 300000ms

[ios] &amp#27;[38;5;145m[f589dace]&amp#27;[0m&amp#27;[38;5;75m[XCUITestDriver@42e7]&amp#27;[0m Responding to client with driver.startRecordingScreen() result: ""

[ios] &amp#27;[38;5;145m[f589dace]&amp#27;[0m&amp#27;[38;5;86m[HTTP]&amp#27;[0m &amp#27;[37m<-- POST /wd/hub/session/f589dace-53ae-4a2e-adc8-cff341384157/appium/start_recording_screen &amp#27;[39m&amp#27;[32m200&amp#27;[39m &amp#27;[90m5069 ms - 12&amp#27;[39m &amp#27;[90m&amp#27;[39m

[ios] &amp#27;[38;5;145m[f589dace]&amp#27;[0m&amp#27;[38;5;107m[ffmpeg]&amp#27;[0m Input #0, mjpeg, from 'http://127.0.0.1:9100':
&amp#27;[38;5;145m[f589dace]&amp#27;[0m&amp#27;[38;5;107m[ffmpeg]&amp#27;[0m   Duration: N/A, bitrate: N/A
&amp#27;[38;5;145m[f589dace]&amp#27;[0m&amp#27;[38;5;107m[ffmpeg]&amp#27;[0m   Stream #0:0: Video: mjpeg (Baseline), yuvj420p(pc, bt470bg/unknown/unknown), 1170x2532 [SAR 72:72 DAR 195:422], 25 fps, 25 tbr, 1200k tbn

[ios] &amp#27;[38;5;145m[f589dace]&amp#27;[0m&amp#27;[38;5;107m[ffmpeg]&amp#27;[0m Stream mapping:
&amp#27;[38;5;145m[f589dace]&amp#27;[0m&amp#27;[38;5;107m[ffmpeg]&amp#27;[0m   Stream #0:0 -> #0:0 (mjpeg (native) -> mjpeg (native))

[ios] &amp#27;[38;5;145m[f589dace]&amp#27;[0m&amp#27;[38;5;107m[ffmpeg]&amp#27;[0m Press [q] to stop, [?] for help

[ios] &amp#27;[38;5;145m[f589dace]&amp#27;[0m&amp#27;[38;5;107m[ffmpeg]&amp#27;[0m Output #0, mp4, to '/var/folders/qh/0br_shq51mg8gjrzbmqrt1c00000gn/T/202543-19629-5udy4y.c85ds/appium_4b8f69.mp4':
&amp#27;[38;5;145m[f589dace]&amp#27;[0m&amp#27;[38;5;107m[ffmpeg]&amp#27;[0m   Metadata:
&amp#27;[38;5;145m[f589dace]&amp#27;[0m&amp#27;[38;5;107m[ffmpeg]&amp#27;[0m     encoder         : Lavf61.9.107
&amp#27;[38;5;145m[f589dace]&amp#27;[0m&amp#27;[38;5;107m[ffmpeg]&amp#27;[0m   Stream #0:0: Video: mjpeg (mp4v / 0x7634706D), yuvj420p(pc, bt470bg/unknown/unknown, progressive), 1170x2532 [SAR 72:72 DAR 195:422], q=2-31, 200 kb/s, 25 fps, 12800 tbn
&amp#27;[38;5;145m[f589dace]&amp#27;[0m&amp#27;[38;5;107m[ffmpeg]&amp#27;[0m     Metadata:
&amp#27;[38;5;145m[f589dace]&amp#27;[0m&amp#27;[38;5;107m[ffmpeg]&amp#27;[0m       encoder         : Lavc61.33.102 mjpeg
&amp#27;[38;5;145m[f589dace]&amp#27;[0m&amp#27;[38;5;107m[ffmpeg]&amp#27;[0m     Side data:
&amp#27;[38;5;145m[f589dace]&amp#27;[0m&amp#27;[38;5;107m[ffmpeg]&amp#27;[0m       cpb: bitrate max/min/avg: 0/0/200000 buffer size: 0 vbv_delay: N/A

[android] &amp#27;[38;5;86m[HTTP]&amp#27;[0m &amp#27;[37m-->&amp#27;[39m &amp#27;[37mGET&amp#27;[39m &amp#27;[37m/wd/hub/status&amp#27;[39m &amp#27;[90m{}&amp#27;[39m

[android] &amp#27;[38;5;141m[AppiumDriver@bb74]&amp#27;[0m Calling AppiumDriver.getStatus() with args: []

[android] &amp#27;[38;5;141m[AppiumDriver@bb74]&amp#27;[0m Responding to client with driver.getStatus() result: {"ready":true,"message":"The server is ready to accept new connections","build":{"version":"2.17.1"}}

[android] &amp#27;[38;5;86m[HTTP]&amp#27;[0m &amp#27;[37m<-- GET /wd/hub/status &amp#27;[39m&amp#27;[32m200&amp#27;[39m &amp#27;[90m2 ms - 111&amp#27;[39m &amp#27;[90m&amp#27;[39m

[ios] &amp#27;[38;5;145m[f589dace]&amp#27;[0m&amp#27;[38;5;86m[HTTP]&amp#27;[0m &amp#27;[37m-->&amp#27;[39m &amp#27;[37mPOST&amp#27;[39m &amp#27;[37m/wd/hub/session/f589dace-53ae-4a2e-adc8-cff341384157/element&amp#27;[39m &amp#27;[90m{"using":"xpath","value":"//XCUIElementTypeButton[@name=\"More-tab-item\"]"}&amp#27;[39m

[ios] &amp#27;[38;5;145m[f589dace]&amp#27;[0m&amp#27;[38;5;75m[XCUITestDriver@42e7]&amp#27;[0m Calling AppiumDriver.findElement() with args: ["xpath","//XCUIElementTypeButton[@name=\"More-tab-item\"]","f589dace-53ae-4a2e-adc8-cff341384157"]

[ios] &amp#27;[38;5;145m[f589dace]&amp#27;[0m&amp#27;[38;5;75m[XCUITestDriver@42e7]&amp#27;[0m Executing command 'findElement'
&amp#27;[38;5;145m[f589dace]&amp#27;[0m&amp#27;[38;5;75m[XCUITestDriver@42e7]&amp#27;[0m Valid locator strategies for this request: xpath, id, name, class name, -ios predicate string, -ios class chain, accessibility id, css selector

[ios] &amp#27;[38;5;145m[f589dace]&amp#27;[0m&amp#27;[38;5;75m[XCUITestDriver@42e7]&amp#27;[0m Waiting up to 0 ms for condition

[ios] &amp#27;[38;5;145m[f589dace]&amp#27;[0m&amp#27;[38;5;75m[XCUITestDriver@42e7]&amp#27;[0m Matched '/element' to command name 'findElement'
&amp#27;[38;5;145m[f589dace]&amp#27;[0m&amp#27;[38;5;75m[XCUITestDriver@42e7]&amp#27;[0m Proxying [POST /element] to [POST http://127.0.0.1:8100/session/94F7662D-12AD-4C7D-BEE3-AE76BA5805B8/element] with body: {"using":"xpath","value":"//XCUIElementTypeButton[@name=\"More-tab-item\"]"}

[ios] &amp#27;[38;5;86m[HTTP]&amp#27;[0m &amp#27;[37m-->&amp#27;[39m &amp#27;[37mGET&amp#27;[39m &amp#27;[37m/wd/hub/status&amp#27;[39m &amp#27;[90m{}&amp#27;[39m

[ios] &amp#27;[38;5;172m[AppiumDriver@bc1b]&amp#27;[0m Calling AppiumDriver.getStatus() with args: []

[ios] &amp#27;[38;5;172m[AppiumDriver@bc1b]&amp#27;[0m Responding to client with driver.getStatus() result: {"ready":true,"message":"The server is ready to accept new connections","build":{"version":"2.17.1"}}

[ios] &amp#27;[38;5;86m[HTTP]&amp#27;[0m &amp#27;[37m<-- GET /wd/hub/status &amp#27;[39m&amp#27;[32m200&amp#27;[39m &amp#27;[90m8 ms - 111&amp#27;[39m &amp#27;[90m&amp#27;[39m

[ios] &amp#27;[38;5;145m[f589dace]&amp#27;[0m&amp#27;[38;5;75m[XCUITestDriver@42e7]&amp#27;[0m Got response with status 200: {"value":{"ELEMENT":"34000000-0000-0000-814E-000000000000","element-6066-11e4-a52e-4f735466cecf":"34000000-0000-0000-814E-000000000000"},"sessionId":"94F7662D-12AD-4C7D-BEE3-AE76BA5805B8"}

[ios] &amp#27;[38;5;145m[f589dace]&amp#27;[0m&amp#27;[38;5;75m[XCUITestDriver@42e7]&amp#27;[0m Responding to client with driver.findElement() result: {"element-6066-11e4-a52e-4f735466cecf":"34000000-0000-0000-814E-000000000000","ELEMENT":"34000000-0000-0000-814E-000000000000"}

[ios] &amp#27;[38;5;145m[f589dace]&amp#27;[0m&amp#27;[38;5;86m[HTTP]&amp#27;[0m &amp#27;[37m<-- POST /wd/hub/session/f589dace-53ae-4a2e-adc8-cff341384157/element &amp#27;[39m&amp#27;[32m200&amp#27;[39m &amp#27;[90m3231 ms - 137&amp#27;[39m &amp#27;[90m&amp#27;[39m

[ios] &amp#27;[38;5;145m[f589dace]&amp#27;[0m&amp#27;[38;5;86m[HTTP]&amp#27;[0m &amp#27;[37m-->&amp#27;[39m &amp#27;[37mGET&amp#27;[39m &amp#27;[37m/wd/hub/session/f589dace-53ae-4a2e-adc8-cff341384157/element/34000000-0000-0000-814E-000000000000/displayed&amp#27;[39m &amp#27;[90m{}&amp#27;[39m

[ios] &amp#27;[38;5;145m[f589dace]&amp#27;[0m&amp#27;[38;5;75m[XCUITestDriver@42e7]&amp#27;[0m Driver proxy active, passing request on via HTTP proxy

[ios] &amp#27;[38;5;145m[f589dace]&amp#27;[0m&amp#27;[38;5;75m[XCUITestDriver@42e7]&amp#27;[0m Executing command 'proxyReqRes'

[ios] &amp#27;[38;5;145m[f589dace]&amp#27;[0m&amp#27;[38;5;75m[XCUITestDriver@42e7]&amp#27;[0m Matched '/wd/hub/session/f589dace-53ae-4a2e-adc8-cff341384157/element/34000000-0000-0000-814E-000000000000/displayed' to command name 'elementDisplayed'

[ios] &amp#27;[38;5;145m[f589dace]&amp#27;[0m&amp#27;[38;5;75m[XCUITestDriver@42e7]&amp#27;[0m Proxying [GET /wd/hub/session/f589dace-53ae-4a2e-adc8-cff341384157/element/34000000-0000-0000-814E-000000000000/displayed] to [GET http://127.0.0.1:8100/session/94F7662D-12AD-4C7D-BEE3-AE76BA5805B8/element/34000000-0000-0000-814E-000000000000/displayed] with no body

[ios] &amp#27;[38;5;145m[f589dace]&amp#27;[0m&amp#27;[38;5;75m[XCUITestDriver@42e7]&amp#27;[0m Got response with status 200: {"value":true,"sessionId":"94F7662D-12AD-4C7D-BEE3-AE76BA5805B8"}

[ios] &amp#27;[38;5;145m[f589dace]&amp#27;[0m&amp#27;[38;5;75m[XCUITestDriver@42e7]&amp#27;[0m Replacing sessionId 94F7662D-12AD-4C7D-BEE3-AE76BA5805B8 with f589dace-53ae-4a2e-adc8-cff341384157

[ios] &amp#27;[38;5;145m[f589dace]&amp#27;[0m&amp#27;[38;5;86m[HTTP]&amp#27;[0m &amp#27;[37m<-- GET /wd/hub/session/f589dace-53ae-4a2e-adc8-cff341384157/element/34000000-0000-0000-814E-000000000000/displayed &amp#27;[39m&amp#27;[32m200&amp#27;[39m &amp#27;[90m529 ms - 65&amp#27;[39m &amp#27;[90m&amp#27;[39m

[ios] &amp#27;[38;5;145m[f589dace]&amp#27;[0m&amp#27;[38;5;86m[HTTP]&amp#27;[0m &amp#27;[37m-->&amp#27;[39m &amp#27;[37mPOST&amp#27;[39m &amp#27;[37m/wd/hub/session/f589dace-53ae-4a2e-adc8-cff341384157/element/34000000-0000-0000-814E-000000000000/click&amp#27;[39m &amp#27;[90m{"id":"34000000-0000-0000-814E-000000000000"}&amp#27;[39m

[ios] &amp#27;[38;5;145m[f589dace]&amp#27;[0m&amp#27;[38;5;75m[XCUITestDriver@42e7]&amp#27;[0m Driver proxy active, passing request on via HTTP proxy

[ios] &amp#27;[38;5;145m[f589dace]&amp#27;[0m&amp#27;[38;5;75m[XCUITestDriver@42e7]&amp#27;[0m Executing command 'proxyReqRes'

[ios] &amp#27;[38;5;145m[f589dace]&amp#27;[0m&amp#27;[38;5;75m[XCUITestDriver@42e7]&amp#27;[0m Matched '/wd/hub/session/f589dace-53ae-4a2e-adc8-cff341384157/element/34000000-0000-0000-814E-000000000000/click' to command name 'click'

[ios] &amp#27;[38;5;145m[f589dace]&amp#27;[0m&amp#27;[38;5;75m[XCUITestDriver@42e7]&amp#27;[0m Proxying [POST /wd/hub/session/f589dace-53ae-4a2e-adc8-cff341384157/element/34000000-0000-0000-814E-000000000000/click] to [POST http://127.0.0.1:8100/session/94F7662D-12AD-4C7D-BEE3-AE76BA5805B8/element/34000000-0000-0000-814E-000000000000/click] with body: {"id":"34000000-0000-0000-814E-000000000000"}

[ios] &amp#27;[38;5;145m[f589dace]&amp#27;[0m&amp#27;[38;5;75m[XCUITestDriver@42e7]&amp#27;[0m Got response with status 200: {"value":null,"sessionId":"94F7662D-12AD-4C7D-BEE3-AE76BA5805B8"}

[ios] &amp#27;[38;5;145m[f589dace]&amp#27;[0m&amp#27;[38;5;75m[XCUITestDriver@42e7]&amp#27;[0m Replacing sessionId 94F7662D-12AD-4C7D-BEE3-AE76BA5805B8 with f589dace-53ae-4a2e-adc8-cff341384157

[ios] &amp#27;[38;5;145m[f589dace]&amp#27;[0m&amp#27;[38;5;86m[HTTP]&amp#27;[0m &amp#27;[37m<-- POST /wd/hub/session/f589dace-53ae-4a2e-adc8-cff341384157/element/34000000-0000-0000-814E-000000000000/click &amp#27;[39m&amp#27;[32m200&amp#27;[39m &amp#27;[90m724 ms - 65&amp#27;[39m &amp#27;[90m&amp#27;[39m

[ios] &amp#27;[38;5;145m[f589dace]&amp#27;[0m&amp#27;[38;5;86m[HTTP]&amp#27;[0m &amp#27;[37m-->&amp#27;[39m &amp#27;[37mPOST&amp#27;[39m &amp#27;[37m/wd/hub/session/f589dace-53ae-4a2e-adc8-cff341384157/element&amp#27;[39m &amp#27;[90m{"using":"xpath","value":"//XCUIElementTypeOther[@name=\"Login Button\"]"}&amp#27;[39m

[ios] &amp#27;[38;5;145m[f589dace]&amp#27;[0m&amp#27;[38;5;75m[XCUITestDriver@42e7]&amp#27;[0m Calling AppiumDriver.findElement() with args: ["xpath","//XCUIElementTypeOther[@name=\"Login Button\"]","f589dace-53ae-4a2e-adc8-cff341384157"]

[ios] &amp#27;[38;5;145m[f589dace]&amp#27;[0m&amp#27;[38;5;75m[XCUITestDriver@42e7]&amp#27;[0m Executing command 'findElement'

[ios] &amp#27;[38;5;145m[f589dace]&amp#27;[0m&amp#27;[38;5;75m[XCUITestDriver@42e7]&amp#27;[0m Valid locator strategies for this request: xpath, id, name, class name, -ios predicate string, -ios class chain, accessibility id, css selector

[ios] &amp#27;[38;5;145m[f589dace]&amp#27;[0m&amp#27;[38;5;75m[XCUITestDriver@42e7]&amp#27;[0m Waiting up to 0 ms for condition

[ios] &amp#27;[38;5;145m[f589dace]&amp#27;[0m&amp#27;[38;5;75m[XCUITestDriver@42e7]&amp#27;[0m Matched '/element' to command name 'findElement'

[ios] &amp#27;[38;5;145m[f589dace]&amp#27;[0m&amp#27;[38;5;75m[XCUITestDriver@42e7]&amp#27;[0m Proxying [POST /element] to [POST http://127.0.0.1:8100/session/94F7662D-12AD-4C7D-BEE3-AE76BA5805B8/element] with body: {"using":"xpath","value":"//XCUIElementTypeOther[@name=\"Login Button\"]"}

[android] &amp#27;[38;5;86m[HTTP]&amp#27;[0m &amp#27;[37m-->&amp#27;[39m &amp#27;[37mGET&amp#27;[39m &amp#27;[37m/wd/hub/status&amp#27;[39m &amp#27;[90m{}&amp#27;[39m
&amp#27;[38;5;141m[AppiumDriver@bb74]&amp#27;[0m Calling AppiumDriver.getStatus() with args: []
&amp#27;[38;5;141m[AppiumDriver@bb74]&amp#27;[0m Responding to client with driver.getStatus() result: {"ready":true,"message":"The server is ready to accept new connections","build":{"version":"2.17.1"}}
&amp#27;[38;5;86m[HTTP]&amp#27;[0m &amp#27;[37m<-- GET /wd/hub/status &amp#27;[39m&amp#27;[32m200&amp#27;[39m &amp#27;[90m2 ms - 111&amp#27;[39m &amp#27;[90m&amp#27;[39m

[ios] &amp#27;[38;5;86m[HTTP]&amp#27;[0m &amp#27;[37m-->&amp#27;[39m &amp#27;[37mGET&amp#27;[39m &amp#27;[37m/wd/hub/status&amp#27;[39m &amp#27;[90m{}&amp#27;[39m

[ios] &amp#27;[38;5;172m[AppiumDriver@bc1b]&amp#27;[0m Calling AppiumDriver.getStatus() with args: []

[ios] &amp#27;[38;5;172m[AppiumDriver@bc1b]&amp#27;[0m Responding to client with driver.getStatus() result: {"ready":true,"message":"The server is ready to accept new connections","build":{"version":"2.17.1"}}

[ios] &amp#27;[38;5;86m[HTTP]&amp#27;[0m &amp#27;[37m<-- GET /wd/hub/status &amp#27;[39m&amp#27;[32m200&amp#27;[39m &amp#27;[90m3 ms - 111&amp#27;[39m &amp#27;[90m&amp#27;[39m

[ios] &amp#27;[38;5;145m[f589dace]&amp#27;[0m&amp#27;[38;5;75m[XCUITestDriver@42e7]&amp#27;[0m Got response with status 200: {"value":{"ELEMENT":"8C000000-0000-0000-814E-000000000000","element-6066-11e4-a52e-4f735466cecf":"8C000000-0000-0000-814E-000000000000"},"sessionId":"94F7662D-12AD-4C7D-BEE3-AE76BA5805B8"}

[ios] &amp#27;[38;5;145m[f589dace]&amp#27;[0m&amp#27;[38;5;75m[XCUITestDriver@42e7]&amp#27;[0m Responding to client with driver.findElement() result: {"element-6066-11e4-a52e-4f735466cecf":"8C000000-0000-0000-814E-000000000000","ELEMENT":"8C000000-0000-0000-814E-000000000000"}

[ios] &amp#27;[38;5;145m[f589dace]&amp#27;[0m&amp#27;[38;5;86m[HTTP]&amp#27;[0m &amp#27;[37m<-- POST /wd/hub/session/f589dace-53ae-4a2e-adc8-cff341384157/element &amp#27;[39m&amp#27;[32m200&amp#27;[39m &amp#27;[90m4631 ms - 137&amp#27;[39m &amp#27;[90m&amp#27;[39m

[ios] &amp#27;[38;5;145m[f589dace]&amp#27;[0m&amp#27;[38;5;86m[HTTP]&amp#27;[0m &amp#27;[37m-->&amp#27;[39m &amp#27;[37mGET&amp#27;[39m &amp#27;[37m/wd/hub/session/f589dace-53ae-4a2e-adc8-cff341384157/element/8C000000-0000-0000-814E-000000000000/displayed&amp#27;[39m &amp#27;[90m{}&amp#27;[39m

[ios] &amp#27;[38;5;145m[f589dace]&amp#27;[0m&amp#27;[38;5;75m[XCUITestDriver@42e7]&amp#27;[0m Driver proxy active, passing request on via HTTP proxy

[ios] &amp#27;[38;5;145m[f589dace]&amp#27;[0m&amp#27;[38;5;75m[XCUITestDriver@42e7]&amp#27;[0m Executing command 'proxyReqRes'

[ios] &amp#27;[38;5;145m[f589dace]&amp#27;[0m&amp#27;[38;5;75m[XCUITestDriver@42e7]&amp#27;[0m Matched '/wd/hub/session/f589dace-53ae-4a2e-adc8-cff341384157/element/8C000000-0000-0000-814E-000000000000/displayed' to command name 'elementDisplayed'

[ios] &amp#27;[38;5;145m[f589dace]&amp#27;[0m&amp#27;[38;5;75m[XCUITestDriver@42e7]&amp#27;[0m Proxying [GET /wd/hub/session/f589dace-53ae-4a2e-adc8-cff341384157/element/8C000000-0000-0000-814E-000000000000/displayed] to [GET http://127.0.0.1:8100/session/94F7662D-12AD-4C7D-BEE3-AE76BA5805B8/element/8C000000-0000-0000-814E-000000000000/displayed] with no body

[ios] &amp#27;[38;5;145m[f589dace]&amp#27;[0m&amp#27;[38;5;75m[XCUITestDriver@42e7]&amp#27;[0m Got response with status 200: {"value":true,"sessionId":"94F7662D-12AD-4C7D-BEE3-AE76BA5805B8"}

[ios] &amp#27;[38;5;145m[f589dace]&amp#27;[0m&amp#27;[38;5;75m[XCUITestDriver@42e7]&amp#27;[0m Replacing sessionId 94F7662D-12AD-4C7D-BEE3-AE76BA5805B8 with f589dace-53ae-4a2e-adc8-cff341384157

[ios] &amp#27;[38;5;145m[f589dace]&amp#27;[0m&amp#27;[38;5;86m[HTTP]&amp#27;[0m &amp#27;[37m<-- GET /wd/hub/session/f589dace-53ae-4a2e-adc8-cff341384157/element/8C000000-0000-0000-814E-000000000000/displayed &amp#27;[39m&amp#27;[32m200&amp#27;[39m &amp#27;[90m268 ms - 65&amp#27;[39m &amp#27;[90m&amp#27;[39m

[ios] &amp#27;[38;5;145m[f589dace]&amp#27;[0m&amp#27;[38;5;86m[HTTP]&amp#27;[0m &amp#27;[37m-->&amp#27;[39m &amp#27;[37mPOST&amp#27;[39m &amp#27;[37m/wd/hub/session/f589dace-53ae-4a2e-adc8-cff341384157/element/8C000000-0000-0000-814E-000000000000/click&amp#27;[39m &amp#27;[90m{"id":"8C000000-0000-0000-814E-000000000000"}&amp#27;[39m

[ios] &amp#27;[38;5;145m[f589dace]&amp#27;[0m&amp#27;[38;5;75m[XCUITestDriver@42e7]&amp#27;[0m Driver proxy active, passing request on via HTTP proxy

[ios] &amp#27;[38;5;145m[f589dace]&amp#27;[0m&amp#27;[38;5;75m[XCUITestDriver@42e7]&amp#27;[0m Executing command 'proxyReqRes'

[ios] &amp#27;[38;5;145m[f589dace]&amp#27;[0m&amp#27;[38;5;75m[XCUITestDriver@42e7]&amp#27;[0m Matched '/wd/hub/session/f589dace-53ae-4a2e-adc8-cff341384157/element/8C000000-0000-0000-814E-000000000000/click' to command name 'click'

[ios] &amp#27;[38;5;145m[f589dace]&amp#27;[0m&amp#27;[38;5;75m[XCUITestDriver@42e7]&amp#27;[0m Proxying [POST /wd/hub/session/f589dace-53ae-4a2e-adc8-cff341384157/element/8C000000-0000-0000-814E-000000000000/click] to [POST http://127.0.0.1:8100/session/94F7662D-12AD-4C7D-BEE3-AE76BA5805B8/element/8C000000-0000-0000-814E-000000000000/click] with body: {"id":"8C000000-0000-0000-814E-000000000000"}

[android] &amp#27;[38;5;86m[HTTP]&amp#27;[0m &amp#27;[37m-->&amp#27;[39m &amp#27;[37mGET&amp#27;[39m &amp#27;[37m/wd/hub/status&amp#27;[39m &amp#27;[90m{}&amp#27;[39m

[android] &amp#27;[38;5;141m[AppiumDriver@bb74]&amp#27;[0m Calling AppiumDriver.getStatus() with args: []

[android] &amp#27;[38;5;141m[AppiumDriver@bb74]&amp#27;[0m Responding to client with driver.getStatus() result: {"ready":true,"message":"The server is ready to accept new connections","build":{"version":"2.17.1"}}

[android] &amp#27;[38;5;86m[HTTP]&amp#27;[0m &amp#27;[37m<-- GET /wd/hub/status &amp#27;[39m&amp#27;[32m200&amp#27;[39m &amp#27;[90m1 ms - 111&amp#27;[39m &amp#27;[90m&amp#27;[39m

[ios] &amp#27;[38;5;145m[f589dace]&amp#27;[0m&amp#27;[38;5;75m[XCUITestDriver@42e7]&amp#27;[0m Got response with status 200: {"value":null,"sessionId":"94F7662D-12AD-4C7D-BEE3-AE76BA5805B8"}

[ios] &amp#27;[38;5;145m[f589dace]&amp#27;[0m&amp#27;[38;5;75m[XCUITestDriver@42e7]&amp#27;[0m Replacing sessionId 94F7662D-12AD-4C7D-BEE3-AE76BA5805B8 with f589dace-53ae-4a2e-adc8-cff341384157

[ios] &amp#27;[38;5;145m[f589dace]&amp#27;[0m&amp#27;[38;5;86m[HTTP]&amp#27;[0m &amp#27;[37m<-- POST /wd/hub/session/f589dace-53ae-4a2e-adc8-cff341384157/element/8C000000-0000-0000-814E-000000000000/click &amp#27;[39m&amp#27;[32m200&amp#27;[39m &amp#27;[90m741 ms - 65&amp#27;[39m &amp#27;[90m&amp#27;[39m

[ios] &amp#27;[38;5;145m[f589dace]&amp#27;[0m&amp#27;[38;5;86m[HTTP]&amp#27;[0m &amp#27;[37m-->&amp#27;[39m &amp#27;[37mPOST&amp#27;[39m &amp#27;[37m/wd/hub/session/f589dace-53ae-4a2e-adc8-cff341384157/element&amp#27;[39m &amp#27;[90m{"using":"xpath","value":"//XCUIElementTypeStaticText[@name=\"bob@example.com\"]"}&amp#27;[39m

[ios] &amp#27;[38;5;145m[f589dace]&amp#27;[0m&amp#27;[38;5;75m[XCUITestDriver@42e7]&amp#27;[0m Calling AppiumDriver.findElement() with args: ["xpath","//XCUIElementTypeStaticText[@name=\"bob@example.com\"]","f589dace-53ae-4a2e-adc8-cff341384157"]

[ios] &amp#27;[38;5;145m[f589dace]&amp#27;[0m&amp#27;[38;5;75m[XCUITestDriver@42e7]&amp#27;[0m Executing command 'findElement'

[ios] &amp#27;[38;5;145m[f589dace]&amp#27;[0m&amp#27;[38;5;75m[XCUITestDriver@42e7]&amp#27;[0m Valid locator strategies for this request: xpath, id, name, class name, -ios predicate string, -ios class chain, accessibility id, css selector

[ios] &amp#27;[38;5;145m[f589dace]&amp#27;[0m&amp#27;[38;5;75m[XCUITestDriver@42e7]&amp#27;[0m Waiting up to 0 ms for condition

[ios] &amp#27;[38;5;145m[f589dace]&amp#27;[0m&amp#27;[38;5;75m[XCUITestDriver@42e7]&amp#27;[0m Matched '/element' to command name 'findElement'

[ios] &amp#27;[38;5;145m[f589dace]&amp#27;[0m&amp#27;[38;5;75m[XCUITestDriver@42e7]&amp#27;[0m Proxying [POST /element] to [POST http://127.0.0.1:8100/session/94F7662D-12AD-4C7D-BEE3-AE76BA5805B8/element] with body: {"using":"xpath","value":"//XCUIElementTypeStaticText[@name=\"bob@example.com\"]"}

[ios] &amp#27;[38;5;86m[HTTP]&amp#27;[0m &amp#27;[37m-->&amp#27;[39m &amp#27;[37mGET&amp#27;[39m &amp#27;[37m/wd/hub/status&amp#27;[39m &amp#27;[90m{}&amp#27;[39m

[ios] &amp#27;[38;5;172m[AppiumDriver@bc1b]&amp#27;[0m Calling AppiumDriver.getStatus() with args: []

[ios] &amp#27;[38;5;172m[AppiumDriver@bc1b]&amp#27;[0m Responding to client with driver.getStatus() result: {"ready":true,"message":"The server is ready to accept new connections","build":{"version":"2.17.1"}}

[ios] &amp#27;[38;5;86m[HTTP]&amp#27;[0m &amp#27;[37m<-- GET /wd/hub/status &amp#27;[39m&amp#27;[32m200&amp#27;[39m &amp#27;[90m2 ms - 111&amp#27;[39m &amp#27;[90m&amp#27;[39m

[ios] &amp#27;[38;5;145m[f589dace]&amp#27;[0m&amp#27;[38;5;75m[XCUITestDriver@42e7]&amp#27;[0m Got response with status 200: {"value":{"ELEMENT":"05010000-0000-0000-814E-000000000000","element-6066-11e4-a52e-4f735466cecf":"05010000-0000-0000-814E-000000000000"},"sessionId":"94F7662D-12AD-4C7D-BEE3-AE76BA5805B8"}

[ios] &amp#27;[38;5;145m[f589dace]&amp#27;[0m&amp#27;[38;5;75m[XCUITestDriver@42e7]&amp#27;[0m Responding to client with driver.findElement() result: {"element-6066-11e4-a52e-4f735466cecf":"05010000-0000-0000-814E-000000000000","ELEMENT":"05010000-0000-0000-814E-000000000000"}

[ios] &amp#27;[38;5;145m[f589dace]&amp#27;[0m&amp#27;[38;5;86m[HTTP]&amp#27;[0m &amp#27;[37m<-- POST /wd/hub/session/f589dace-53ae-4a2e-adc8-cff341384157/element &amp#27;[39m&amp#27;[32m200&amp#27;[39m &amp#27;[90m3385 ms - 137&amp#27;[39m &amp#27;[90m&amp#27;[39m

[ios] &amp#27;[38;5;145m[f589dace]&amp#27;[0m&amp#27;[38;5;86m[HTTP]&amp#27;[0m &amp#27;[37m-->&amp#27;[39m &amp#27;[37mPOST&amp#27;[39m &amp#27;[37m/wd/hub/session/f589dace-53ae-4a2e-adc8-cff341384157/element/05010000-0000-0000-814E-000000000000/click&amp#27;[39m &amp#27;[90m{"id":"05010000-0000-0000-814E-000000000000"}&amp#27;[39m

[ios] &amp#27;[38;5;145m[f589dace]&amp#27;[0m&amp#27;[38;5;75m[XCUITestDriver@42e7]&amp#27;[0m Driver proxy active, passing request on via HTTP proxy

[ios] &amp#27;[38;5;145m[f589dace]&amp#27;[0m&amp#27;[38;5;75m[XCUITestDriver@42e7]&amp#27;[0m Executing command 'proxyReqRes'

[ios] &amp#27;[38;5;145m[f589dace]&amp#27;[0m&amp#27;[38;5;75m[XCUITestDriver@42e7]&amp#27;[0m Matched '/wd/hub/session/f589dace-53ae-4a2e-adc8-cff341384157/element/05010000-0000-0000-814E-000000000000/click' to command name 'click'

[ios] &amp#27;[38;5;145m[f589dace]&amp#27;[0m&amp#27;[38;5;75m[XCUITestDriver@42e7]&amp#27;[0m Proxying [POST /wd/hub/session/f589dace-53ae-4a2e-adc8-cff341384157/element/05010000-0000-0000-814E-000000000000/click] to [POST http://127.0.0.1:8100/session/94F7662D-12AD-4C7D-BEE3-AE76BA5805B8/element/05010000-0000-0000-814E-000000000000/click] with body: {"id":"05010000-0000-0000-814E-000000000000"}

[ios] &amp#27;[38;5;145m[f589dace]&amp#27;[0m&amp#27;[38;5;75m[XCUITestDriver@42e7]&amp#27;[0m Got response with status 200: {"value":null,"sessionId":"94F7662D-12AD-4C7D-BEE3-AE76BA5805B8"}

[ios] &amp#27;[38;5;145m[f589dace]&amp#27;[0m&amp#27;[38;5;75m[XCUITestDriver@42e7]&amp#27;[0m Replacing sessionId 94F7662D-12AD-4C7D-BEE3-AE76BA5805B8 with f589dace-53ae-4a2e-adc8-cff341384157

[ios] &amp#27;[38;5;145m[f589dace]&amp#27;[0m&amp#27;[38;5;86m[HTTP]&amp#27;[0m &amp#27;[37m<-- POST /wd/hub/session/f589dace-53ae-4a2e-adc8-cff341384157/element/05010000-0000-0000-814E-000000000000/click &amp#27;[39m&amp#27;[32m200&amp#27;[39m &amp#27;[90m696 ms - 65&amp#27;[39m &amp#27;[90m&amp#27;[39m

[ios] &amp#27;[38;5;145m[f589dace]&amp#27;[0m&amp#27;[38;5;86m[HTTP]&amp#27;[0m &amp#27;[37m-->&amp#27;[39m &amp#27;[37mPOST&amp#27;[39m &amp#27;[37m/wd/hub/session/f589dace-53ae-4a2e-adc8-cff341384157/element&amp#27;[39m &amp#27;[90m{"using":"xpath","value":"(//XCUIElementTypeStaticText[@name=\"Login\"])[2]"}&amp#27;[39m

[ios] &amp#27;[38;5;145m[f589dace]&amp#27;[0m&amp#27;[38;5;75m[XCUITestDriver@42e7]&amp#27;[0m Calling AppiumDriver.findElement() with args: ["xpath","(//XCUIElementTypeStaticText[@name=\"Login\"])[2]","f589dace-53ae-4a2e-adc8-cff341384157"]

[ios] &amp#27;[38;5;145m[f589dace]&amp#27;[0m&amp#27;[38;5;75m[XCUITestDriver@42e7]&amp#27;[0m Executing command 'findElement'

[ios] &amp#27;[38;5;145m[f589dace]&amp#27;[0m&amp#27;[38;5;75m[XCUITestDriver@42e7]&amp#27;[0m Valid locator strategies for this request: xpath, id, name, class name, -ios predicate string, -ios class chain, accessibility id, css selector

[ios] &amp#27;[38;5;145m[f589dace]&amp#27;[0m&amp#27;[38;5;75m[XCUITestDriver@42e7]&amp#27;[0m Waiting up to 0 ms for condition

[ios] &amp#27;[38;5;145m[f589dace]&amp#27;[0m&amp#27;[38;5;75m[XCUITestDriver@42e7]&amp#27;[0m Matched '/element' to command name 'findElement'

[ios] &amp#27;[38;5;145m[f589dace]&amp#27;[0m&amp#27;[38;5;75m[XCUITestDriver@42e7]&amp#27;[0m Proxying [POST /element] to [POST http://127.0.0.1:8100/session/94F7662D-12AD-4C7D-BEE3-AE76BA5805B8/element] with body: {"using":"xpath","value":"(//XCUIElementTypeStaticText[@name=\"Login\"])[2]"}

[android] &amp#27;[38;5;86m[HTTP]&amp#27;[0m &amp#27;[37m-->&amp#27;[39m &amp#27;[37mGET&amp#27;[39m &amp#27;[37m/wd/hub/status&amp#27;[39m &amp#27;[90m{}&amp#27;[39m
&amp#27;[38;5;141m[AppiumDriver@bb74]&amp#27;[0m Calling AppiumDriver.getStatus() with args: []
&amp#27;[38;5;141m[AppiumDriver@bb74]&amp#27;[0m Responding to client with driver.getStatus() result: {"ready":true,"message":"The server is ready to accept new connections","build":{"version":"2.17.1"}}

[android] &amp#27;[38;5;86m[HTTP]&amp#27;[0m &amp#27;[37m<-- GET /wd/hub/status &amp#27;[39m&amp#27;[32m200&amp#27;[39m &amp#27;[90m2 ms - 111&amp#27;[39m &amp#27;[90m&amp#27;[39m

[ios] &amp#27;[38;5;145m[f589dace]&amp#27;[0m&amp#27;[38;5;75m[XCUITestDriver@42e7]&amp#27;[0m Got response with status 200: {"value":{"ELEMENT":"E9000000-0000-0000-814E-000000000000","element-6066-11e4-a52e-4f735466cecf":"E9000000-0000-0000-814E-000000000000"},"sessionId":"94F7662D-12AD-4C7D-BEE3-AE76BA5805B8"}

[ios] &amp#27;[38;5;145m[f589dace]&amp#27;[0m&amp#27;[38;5;75m[XCUITestDriver@42e7]&amp#27;[0m Responding to client with driver.findElement() result: {"element-6066-11e4-a52e-4f735466cecf":"E9000000-0000-0000-814E-000000000000","ELEMENT":"E9000000-0000-0000-814E-000000000000"}

[ios] &amp#27;[38;5;145m[f589dace]&amp#27;[0m&amp#27;[38;5;86m[HTTP]&amp#27;[0m &amp#27;[37m<-- POST /wd/hub/session/f589dace-53ae-4a2e-adc8-cff341384157/element &amp#27;[39m&amp#27;[32m200&amp#27;[39m &amp#27;[90m1616 ms - 137&amp#27;[39m &amp#27;[90m&amp#27;[39m

[ios] &amp#27;[38;5;145m[f589dace]&amp#27;[0m&amp#27;[38;5;86m[HTTP]&amp#27;[0m &amp#27;[37m-->&amp#27;[39m &amp#27;[37mGET&amp#27;[39m &amp#27;[37m/wd/hub/session/f589dace-53ae-4a2e-adc8-cff341384157/element/E9000000-0000-0000-814E-000000000000/displayed&amp#27;[39m &amp#27;[90m{}&amp#27;[39m

[ios] &amp#27;[38;5;145m[f589dace]&amp#27;[0m&amp#27;[38;5;75m[XCUITestDriver@42e7]&amp#27;[0m Driver proxy active, passing request on via HTTP proxy

[ios] &amp#27;[38;5;145m[f589dace]&amp#27;[0m&amp#27;[38;5;75m[XCUITestDriver@42e7]&amp#27;[0m Executing command 'proxyReqRes'

[ios] &amp#27;[38;5;145m[f589dace]&amp#27;[0m&amp#27;[38;5;75m[XCUITestDriver@42e7]&amp#27;[0m Matched '/wd/hub/session/f589dace-53ae-4a2e-adc8-cff341384157/element/E9000000-0000-0000-814E-000000000000/displayed' to command name 'elementDisplayed'

[ios] &amp#27;[38;5;145m[f589dace]&amp#27;[0m&amp#27;[38;5;75m[XCUITestDriver@42e7]&amp#27;[0m Proxying [GET /wd/hub/session/f589dace-53ae-4a2e-adc8-cff341384157/element/E9000000-0000-0000-814E-000000000000/displayed] to [GET http://127.0.0.1:8100/session/94F7662D-12AD-4C7D-BEE3-AE76BA5805B8/element/E9000000-0000-0000-814E-000000000000/displayed] with no body

[ios] &amp#27;[38;5;145m[f589dace]&amp#27;[0m&amp#27;[38;5;75m[XCUITestDriver@42e7]&amp#27;[0m Got response with status 200: {"value":true,"sessionId":"94F7662D-12AD-4C7D-BEE3-AE76BA5805B8"}

[ios] &amp#27;[38;5;145m[f589dace]&amp#27;[0m&amp#27;[38;5;75m[XCUITestDriver@42e7]&amp#27;[0m Replacing sessionId 94F7662D-12AD-4C7D-BEE3-AE76BA5805B8 with f589dace-53ae-4a2e-adc8-cff341384157

[ios] &amp#27;[38;5;145m[f589dace]&amp#27;[0m&amp#27;[38;5;86m[HTTP]&amp#27;[0m &amp#27;[37m<-- GET /wd/hub/session/f589dace-53ae-4a2e-adc8-cff341384157/element/E9000000-0000-0000-814E-000000000000/displayed &amp#27;[39m&amp#27;[32m200&amp#27;[39m &amp#27;[90m209 ms - 65&amp#27;[39m &amp#27;[90m&amp#27;[39m

[ios] &amp#27;[38;5;145m[f589dace]&amp#27;[0m&amp#27;[38;5;86m[HTTP]&amp#27;[0m &amp#27;[37m-->&amp#27;[39m &amp#27;[37mPOST&amp#27;[39m &amp#27;[37m/wd/hub/session/f589dace-53ae-4a2e-adc8-cff341384157/element/E9000000-0000-0000-814E-000000000000/click&amp#27;[39m &amp#27;[90m{"id":"E9000000-0000-0000-814E-000000000000"}&amp#27;[39m

[ios] &amp#27;[38;5;145m[f589dace]&amp#27;[0m&amp#27;[38;5;75m[XCUITestDriver@42e7]&amp#27;[0m Driver proxy active, passing request on via HTTP proxy

[ios] &amp#27;[38;5;145m[f589dace]&amp#27;[0m&amp#27;[38;5;75m[XCUITestDriver@42e7]&amp#27;[0m Executing command 'proxyReqRes'

[ios] &amp#27;[38;5;145m[f589dace]&amp#27;[0m&amp#27;[38;5;75m[XCUITestDriver@42e7]&amp#27;[0m Matched '/wd/hub/session/f589dace-53ae-4a2e-adc8-cff341384157/element/E9000000-0000-0000-814E-000000000000/click' to command name 'click'

[ios] &amp#27;[38;5;145m[f589dace]&amp#27;[0m&amp#27;[38;5;75m[XCUITestDriver@42e7]&amp#27;[0m Proxying [POST /wd/hub/session/f589dace-53ae-4a2e-adc8-cff341384157/element/E9000000-0000-0000-814E-000000000000/click] to [POST http://127.0.0.1:8100/session/94F7662D-12AD-4C7D-BEE3-AE76BA5805B8/element/E9000000-0000-0000-814E-000000000000/click] with body: {"id":"E9000000-0000-0000-814E-000000000000"}

[ios] &amp#27;[38;5;86m[HTTP]&amp#27;[0m &amp#27;[37m-->&amp#27;[39m &amp#27;[37mGET&amp#27;[39m &amp#27;[37m/wd/hub/status&amp#27;[39m &amp#27;[90m{}&amp#27;[39m

[ios] &amp#27;[38;5;172m[AppiumDriver@bc1b]&amp#27;[0m Calling AppiumDriver.getStatus() with args: []

[ios] &amp#27;[38;5;172m[AppiumDriver@bc1b]&amp#27;[0m Responding to client with driver.getStatus() result: {"ready":true,"message":"The server is ready to accept new connections","build":{"version":"2.17.1"}}

[ios] &amp#27;[38;5;86m[HTTP]&amp#27;[0m &amp#27;[37m<-- GET /wd/hub/status &amp#27;[39m&amp#27;[32m200&amp#27;[39m &amp#27;[90m2 ms - 111&amp#27;[39m &amp#27;[90m&amp#27;[39m

[ios] &amp#27;[38;5;145m[f589dace]&amp#27;[0m&amp#27;[38;5;75m[XCUITestDriver@42e7]&amp#27;[0m Got response with status 200: {"value":null,"sessionId":"94F7662D-12AD-4C7D-BEE3-AE76BA5805B8"}

[ios] &amp#27;[38;5;145m[f589dace]&amp#27;[0m&amp#27;[38;5;75m[XCUITestDriver@42e7]&amp#27;[0m Replacing sessionId 94F7662D-12AD-4C7D-BEE3-AE76BA5805B8 with f589dace-53ae-4a2e-adc8-cff341384157

[ios] &amp#27;[38;5;145m[f589dace]&amp#27;[0m&amp#27;[38;5;86m[HTTP]&amp#27;[0m &amp#27;[37m<-- POST /wd/hub/session/f589dace-53ae-4a2e-adc8-cff341384157/element/E9000000-0000-0000-814E-000000000000/click &amp#27;[39m&amp#27;[32m200&amp#27;[39m &amp#27;[90m718 ms - 65&amp#27;[39m &amp#27;[90m&amp#27;[39m

[ios] &amp#27;[38;5;145m[f589dace]&amp#27;[0m&amp#27;[38;5;86m[HTTP]&amp#27;[0m &amp#27;[37m-->&amp#27;[39m &amp#27;[37mPOST&amp#27;[39m &amp#27;[37m/wd/hub/session/f589dace-53ae-4a2e-adc8-cff341384157/element&amp#27;[39m &amp#27;[90m{"using":"xpath","value":"(//XCUIElementTypeImage[@name=\"Product Image\"])[1]"}&amp#27;[39m

[ios] &amp#27;[38;5;145m[f589dace]&amp#27;[0m&amp#27;[38;5;75m[XCUITestDriver@42e7]&amp#27;[0m Calling AppiumDriver.findElement() with args: ["xpath","(//XCUIElementTypeImage[@name=\"Product Image\"])[1]","f589dace-53ae-4a2e-adc8-cff341384157"]

[ios] &amp#27;[38;5;145m[f589dace]&amp#27;[0m&amp#27;[38;5;75m[XCUITestDriver@42e7]&amp#27;[0m Executing command 'findElement'

[ios] &amp#27;[38;5;145m[f589dace]&amp#27;[0m&amp#27;[38;5;75m[XCUITestDriver@42e7]&amp#27;[0m Valid locator strategies for this request: xpath, id, name, class name, -ios predicate string, -ios class chain, accessibility id, css selector

[ios] &amp#27;[38;5;145m[f589dace]&amp#27;[0m&amp#27;[38;5;75m[XCUITestDriver@42e7]&amp#27;[0m Waiting up to 0 ms for condition

[ios] &amp#27;[38;5;145m[f589dace]&amp#27;[0m&amp#27;[38;5;75m[XCUITestDriver@42e7]&amp#27;[0m Matched '/element' to command name 'findElement'

[ios] &amp#27;[38;5;145m[f589dace]&amp#27;[0m&amp#27;[38;5;75m[XCUITestDriver@42e7]&amp#27;[0m Proxying [POST /element] to [POST http://127.0.0.1:8100/session/94F7662D-12AD-4C7D-BEE3-AE76BA5805B8/element] with body: {"using":"xpath","value":"(//XCUIElementTypeImage[@name=\"Product Image\"])[1]"}

[android] &amp#27;[38;5;86m[HTTP]&amp#27;[0m &amp#27;[37m-->&amp#27;[39m &amp#27;[37mGET&amp#27;[39m &amp#27;[37m/wd/hub/status&amp#27;[39m &amp#27;[90m{}&amp#27;[39m
&amp#27;[38;5;141m[AppiumDriver@bb74]&amp#27;[0m Calling AppiumDriver.getStatus() with args: []

[android] &amp#27;[38;5;141m[AppiumDriver@bb74]&amp#27;[0m Responding to client with driver.getStatus() result: {"ready":true,"message":"The server is ready to accept new connections","build":{"version":"2.17.1"}}

[android] &amp#27;[38;5;86m[HTTP]&amp#27;[0m &amp#27;[37m<-- GET /wd/hub/status &amp#27;[39m&amp#27;[32m200&amp#27;[39m &amp#27;[90m10 ms - 111&amp#27;[39m &amp#27;[90m&amp#27;[39m

[ios] &amp#27;[38;5;145m[f589dace]&amp#27;[0m&amp#27;[38;5;75m[XCUITestDriver@42e7]&amp#27;[0m Got response with status 200: {"value":{"ELEMENT":"44010000-0000-0000-814E-000000000000","element-6066-11e4-a52e-4f735466cecf":"44010000-0000-0000-814E-000000000000"},"sessionId":"94F7662D-12AD-4C7D-BEE3-AE76BA5805B8"}

[ios] &amp#27;[38;5;145m[f589dace]&amp#27;[0m&amp#27;[38;5;75m[XCUITestDriver@42e7]&amp#27;[0m Responding to client with driver.findElement() result: {"element-6066-11e4-a52e-4f735466cecf":"44010000-0000-0000-814E-000000000000","ELEMENT":"44010000-0000-0000-814E-000000000000"}

[ios] &amp#27;[38;5;145m[f589dace]&amp#27;[0m&amp#27;[38;5;86m[HTTP]&amp#27;[0m &amp#27;[37m<-- POST /wd/hub/session/f589dace-53ae-4a2e-adc8-cff341384157/element &amp#27;[39m&amp#27;[32m200&amp#27;[39m &amp#27;[90m3688 ms - 137&amp#27;[39m &amp#27;[90m&amp#27;[39m

[ios] &amp#27;[38;5;145m[f589dace]&amp#27;[0m&amp#27;[38;5;86m[HTTP]&amp#27;[0m &amp#27;[37m-->&amp#27;[39m &amp#27;[37mGET&amp#27;[39m &amp#27;[37m/wd/hub/session/f589dace-53ae-4a2e-adc8-cff341384157/element/44010000-0000-0000-814E-000000000000/displayed&amp#27;[39m &amp#27;[90m{}&amp#27;[39m

[ios] &amp#27;[38;5;145m[f589dace]&amp#27;[0m&amp#27;[38;5;75m[XCUITestDriver@42e7]&amp#27;[0m Driver proxy active, passing request on via HTTP proxy

[ios] &amp#27;[38;5;145m[f589dace]&amp#27;[0m&amp#27;[38;5;75m[XCUITestDriver@42e7]&amp#27;[0m Executing command 'proxyReqRes'

[ios] &amp#27;[38;5;145m[f589dace]&amp#27;[0m&amp#27;[38;5;75m[XCUITestDriver@42e7]&amp#27;[0m Matched '/wd/hub/session/f589dace-53ae-4a2e-adc8-cff341384157/element/44010000-0000-0000-814E-000000000000/displayed' to command name 'elementDisplayed'

[ios] &amp#27;[38;5;145m[f589dace]&amp#27;[0m&amp#27;[38;5;75m[XCUITestDriver@42e7]&amp#27;[0m Proxying [GET /wd/hub/session/f589dace-53ae-4a2e-adc8-cff341384157/element/44010000-0000-0000-814E-000000000000/displayed] to [GET http://127.0.0.1:8100/session/94F7662D-12AD-4C7D-BEE3-AE76BA5805B8/element/44010000-0000-0000-814E-000000000000/displayed] with no body

[ios] &amp#27;[38;5;145m[f589dace]&amp#27;[0m&amp#27;[38;5;75m[XCUITestDriver@42e7]&amp#27;[0m Got response with status 200: {"value":true,"sessionId":"94F7662D-12AD-4C7D-BEE3-AE76BA5805B8"}

[ios] &amp#27;[38;5;145m[f589dace]&amp#27;[0m&amp#27;[38;5;75m[XCUITestDriver@42e7]&amp#27;[0m Replacing sessionId 94F7662D-12AD-4C7D-BEE3-AE76BA5805B8 with f589dace-53ae-4a2e-adc8-cff341384157

[ios] &amp#27;[38;5;145m[f589dace]&amp#27;[0m&amp#27;[38;5;86m[HTTP]&amp#27;[0m &amp#27;[37m<-- GET /wd/hub/session/f589dace-53ae-4a2e-adc8-cff341384157/element/44010000-0000-0000-814E-000000000000/displayed &amp#27;[39m&amp#27;[32m200&amp#27;[39m &amp#27;[90m286 ms - 65&amp#27;[39m &amp#27;[90m&amp#27;[39m

[ios] &amp#27;[38;5;145m[f589dace]&amp#27;[0m&amp#27;[38;5;86m[HTTP]&amp#27;[0m &amp#27;[37m-->&amp#27;[39m &amp#27;[37mGET&amp#27;[39m &amp#27;[37m/wd/hub/session/f589dace-53ae-4a2e-adc8-cff341384157/element/44010000-0000-0000-814E-000000000000/enabled&amp#27;[39m &amp#27;[90m{}&amp#27;[39m

[ios] &amp#27;[38;5;145m[f589dace]&amp#27;[0m&amp#27;[38;5;75m[XCUITestDriver@42e7]&amp#27;[0m Driver proxy active, passing request on via HTTP proxy

[ios] &amp#27;[38;5;145m[f589dace]&amp#27;[0m&amp#27;[38;5;75m[XCUITestDriver@42e7]&amp#27;[0m Executing command 'proxyReqRes'

[ios] &amp#27;[38;5;145m[f589dace]&amp#27;[0m&amp#27;[38;5;75m[XCUITestDriver@42e7]&amp#27;[0m Matched '/wd/hub/session/f589dace-53ae-4a2e-adc8-cff341384157/element/44010000-0000-0000-814E-000000000000/enabled' to command name 'elementEnabled'

[ios] &amp#27;[38;5;145m[f589dace]&amp#27;[0m&amp#27;[38;5;75m[XCUITestDriver@42e7]&amp#27;[0m Proxying [GET /wd/hub/session/f589dace-53ae-4a2e-adc8-cff341384157/element/44010000-0000-0000-814E-000000000000/enabled] to [GET http://127.0.0.1:8100/session/94F7662D-12AD-4C7D-BEE3-AE76BA5805B8/element/44010000-0000-0000-814E-000000000000/enabled] with no body

[ios] &amp#27;[38;5;145m[f589dace]&amp#27;[0m&amp#27;[38;5;75m[XCUITestDriver@42e7]&amp#27;[0m Got response with status 200: {"value":true,"sessionId":"94F7662D-12AD-4C7D-BEE3-AE76BA5805B8"}

[ios] &amp#27;[38;5;145m[f589dace]&amp#27;[0m&amp#27;[38;5;75m[XCUITestDriver@42e7]&amp#27;[0m Replacing sessionId 94F7662D-12AD-4C7D-BEE3-AE76BA5805B8 with f589dace-53ae-4a2e-adc8-cff341384157

[ios] &amp#27;[38;5;145m[f589dace]&amp#27;[0m&amp#27;[38;5;86m[HTTP]&amp#27;[0m &amp#27;[37m<-- GET /wd/hub/session/f589dace-53ae-4a2e-adc8-cff341384157/element/44010000-0000-0000-814E-000000000000/enabled &amp#27;[39m&amp#27;[32m200&amp#27;[39m &amp#27;[90m203 ms - 65&amp#27;[39m &amp#27;[90m&amp#27;[39m

[ios] &amp#27;[38;5;145m[f589dace]&amp#27;[0m&amp#27;[38;5;86m[HTTP]&amp#27;[0m &amp#27;[37m-->&amp#27;[39m &amp#27;[37mPOST&amp#27;[39m &amp#27;[37m/wd/hub/session/f589dace-53ae-4a2e-adc8-cff341384157/element/44010000-0000-0000-814E-000000000000/click&amp#27;[39m &amp#27;[90m{"id":"44010000-0000-0000-814E-000000000000"}&amp#27;[39m

[ios] &amp#27;[38;5;145m[f589dace]&amp#27;[0m&amp#27;[38;5;75m[XCUITestDriver@42e7]&amp#27;[0m Driver proxy active, passing request on via HTTP proxy
&amp#27;[38;5;145m[f589dace]&amp#27;[0m&amp#27;[38;5;75m[XCUITestDriver@42e7]&amp#27;[0m Executing command 'proxyReqRes'
&amp#27;[38;5;145m[f589dace]&amp#27;[0m&amp#27;[38;5;75m[XCUITestDriver@42e7]&amp#27;[0m Matched '/wd/hub/session/f589dace-53ae-4a2e-adc8-cff341384157/element/44010000-0000-0000-814E-000000000000/click' to command name 'click'
&amp#27;[38;5;145m[f589dace]&amp#27;[0m&amp#27;[38;5;75m[XCUITestDriver@42e7]&amp#27;[0m Proxying [POST /wd/hub/session/f589dace-53ae-4a2e-adc8-cff341384157/element/44010000-0000-0000-814E-000000000000/click] to [POST http://127.0.0.1:8100/session/94F7662D-12AD-4C7D-BEE3-AE76BA5805B8/element/44010000-0000-0000-814E-000000000000/click] with body: {"id":"44010000-0000-0000-814E-000000000000"}

[ios] &amp#27;[38;5;86m[HTTP]&amp#27;[0m &amp#27;[37m-->&amp#27;[39m &amp#27;[37mGET&amp#27;[39m &amp#27;[37m/wd/hub/status&amp#27;[39m &amp#27;[90m{}&amp#27;[39m

[ios] &amp#27;[38;5;172m[AppiumDriver@bc1b]&amp#27;[0m Calling AppiumDriver.getStatus() with args: []

[ios] &amp#27;[38;5;172m[AppiumDriver@bc1b]&amp#27;[0m Responding to client with driver.getStatus() result: {"ready":true,"message":"The server is ready to accept new connections","build":{"version":"2.17.1"}}

[ios] &amp#27;[38;5;86m[HTTP]&amp#27;[0m &amp#27;[37m<-- GET /wd/hub/status &amp#27;[39m&amp#27;[32m200&amp#27;[39m &amp#27;[90m3 ms - 111&amp#27;[39m &amp#27;[90m&amp#27;[39m

[ios] &amp#27;[38;5;145m[f589dace]&amp#27;[0m&amp#27;[38;5;75m[XCUITestDriver@42e7]&amp#27;[0m Got response with status 200: {"value":null,"sessionId":"94F7662D-12AD-4C7D-BEE3-AE76BA5805B8"}
&amp#27;[38;5;145m[f589dace]&amp#27;[0m&amp#27;[38;5;75m[XCUITestDriver@42e7]&amp#27;[0m Replacing sessionId 94F7662D-12AD-4C7D-BEE3-AE76BA5805B8 with f589dace-53ae-4a2e-adc8-cff341384157
&amp#27;[38;5;145m[f589dace]&amp#27;[0m&amp#27;[38;5;86m[HTTP]&amp#27;[0m &amp#27;[37m<-- POST /wd/hub/session/f589dace-53ae-4a2e-adc8-cff341384157/element/44010000-0000-0000-814E-000000000000/click &amp#27;[39m&amp#27;[32m200&amp#27;[39m &amp#27;[90m790 ms - 65&amp#27;[39m &amp#27;[90m&amp#27;[39m

[ios] &amp#27;[38;5;145m[f589dace]&amp#27;[0m&amp#27;[38;5;86m[HTTP]&amp#27;[0m &amp#27;[37m-->&amp#27;[39m &amp#27;[37mPOST&amp#27;[39m &amp#27;[37m/wd/hub/session/f589dace-53ae-4a2e-adc8-cff341384157/element&amp#27;[39m &amp#27;[90m{"using":"xpath","value":"//XCUIElementTypeButton[@name=\"AddToCart\"]"}&amp#27;[39m

[ios] &amp#27;[38;5;145m[f589dace]&amp#27;[0m&amp#27;[38;5;75m[XCUITestDriver@42e7]&amp#27;[0m Calling AppiumDriver.findElement() with args: ["xpath","//XCUIElementTypeButton[@name=\"AddToCart\"]","f589dace-53ae-4a2e-adc8-cff341384157"]

[ios] &amp#27;[38;5;145m[f589dace]&amp#27;[0m&amp#27;[38;5;75m[XCUITestDriver@42e7]&amp#27;[0m Executing command 'findElement'

[ios] &amp#27;[38;5;145m[f589dace]&amp#27;[0m&amp#27;[38;5;75m[XCUITestDriver@42e7]&amp#27;[0m Valid locator strategies for this request: xpath, id, name, class name, -ios predicate string, -ios class chain, accessibility id, css selector

[ios] &amp#27;[38;5;145m[f589dace]&amp#27;[0m&amp#27;[38;5;75m[XCUITestDriver@42e7]&amp#27;[0m Waiting up to 0 ms for condition

[ios] &amp#27;[38;5;145m[f589dace]&amp#27;[0m&amp#27;[38;5;75m[XCUITestDriver@42e7]&amp#27;[0m Matched '/element' to command name 'findElement'

[ios] &amp#27;[38;5;145m[f589dace]&amp#27;[0m&amp#27;[38;5;75m[XCUITestDriver@42e7]&amp#27;[0m Proxying [POST /element] to [POST http://127.0.0.1:8100/session/94F7662D-12AD-4C7D-BEE3-AE76BA5805B8/element] with body: {"using":"xpath","value":"//XCUIElementTypeButton[@name=\"AddToCart\"]"}

[android] &amp#27;[38;5;86m[HTTP]&amp#27;[0m &amp#27;[37m-->&amp#27;[39m &amp#27;[37mGET&amp#27;[39m &amp#27;[37m/wd/hub/status&amp#27;[39m &amp#27;[90m{}&amp#27;[39m

[android] &amp#27;[38;5;141m[AppiumDriver@bb74]&amp#27;[0m Calling AppiumDriver.getStatus() with args: []

[android] &amp#27;[38;5;141m[AppiumDriver@bb74]&amp#27;[0m Responding to client with driver.getStatus() result: {"ready":true,"message":"The server is ready to accept new connections","build":{"version":"2.17.1"}}

[android] &amp#27;[38;5;86m[HTTP]&amp#27;[0m &amp#27;[37m<-- GET /wd/hub/status &amp#27;[39m&amp#27;[32m200&amp#27;[39m &amp#27;[90m1 ms - 111&amp#27;[39m &amp#27;[90m&amp#27;[39m

[ios] &amp#27;[38;5;145m[f589dace]&amp#27;[0m&amp#27;[38;5;75m[XCUITestDriver@42e7]&amp#27;[0m Got response with status 200: {"value":{"ELEMENT":"92010000-0000-0000-814E-000000000000","element-6066-11e4-a52e-4f735466cecf":"92010000-0000-0000-814E-000000000000"},"sessionId":"94F7662D-12AD-4C7D-BEE3-AE76BA5805B8"}
&amp#27;[38;5;145m[f589dace]&amp#27;[0m&amp#27;[38;5;75m[XCUITestDriver@42e7]&amp#27;[0m Responding to client with driver.findElement() result: {"element-6066-11e4-a52e-4f735466cecf":"92010000-0000-0000-814E-000000000000","ELEMENT":"92010000-0000-0000-814E-000000000000"}
&amp#27;[38;5;145m[f589dace]&amp#27;[0m&amp#27;[38;5;86m[HTTP]&amp#27;[0m &amp#27;[37m<-- POST /wd/hub/session/f589dace-53ae-4a2e-adc8-cff341384157/element &amp#27;[39m&amp#27;[32m200&amp#27;[39m &amp#27;[90m1494 ms - 137&amp#27;[39m &amp#27;[90m&amp#27;[39m

[ios] &amp#27;[38;5;145m[f589dace]&amp#27;[0m&amp#27;[38;5;86m[HTTP]&amp#27;[0m &amp#27;[37m-->&amp#27;[39m &amp#27;[37mPOST&amp#27;[39m &amp#27;[37m/wd/hub/session/f589dace-53ae-4a2e-adc8-cff341384157/element/92010000-0000-0000-814E-000000000000/click&amp#27;[39m &amp#27;[90m{"id":"92010000-0000-0000-814E-000000000000"}&amp#27;[39m
&amp#27;[38;5;145m[f589dace]&amp#27;[0m&amp#27;[38;5;75m[XCUITestDriver@42e7]&amp#27;[0m Driver proxy active, passing request on via HTTP proxy
&amp#27;[38;5;145m[f589dace]&amp#27;[0m&amp#27;[38;5;75m[XCUITestDriver@42e7]&amp#27;[0m Executing command 'proxyReqRes'

[ios] &amp#27;[38;5;145m[f589dace]&amp#27;[0m&amp#27;[38;5;75m[XCUITestDriver@42e7]&amp#27;[0m Matched '/wd/hub/session/f589dace-53ae-4a2e-adc8-cff341384157/element/92010000-0000-0000-814E-000000000000/click' to command name 'click'
&amp#27;[38;5;145m[f589dace]&amp#27;[0m&amp#27;[38;5;75m[XCUITestDriver@42e7]&amp#27;[0m Proxying [POST /wd/hub/session/f589dace-53ae-4a2e-adc8-cff341384157/element/92010000-0000-0000-814E-000000000000/click] to [POST http://127.0.0.1:8100/session/94F7662D-12AD-4C7D-BEE3-AE76BA5805B8/element/92010000-0000-0000-814E-000000000000/click] with body: {"id":"92010000-0000-0000-814E-000000000000"}

[ios] &amp#27;[38;5;145m[f589dace]&amp#27;[0m&amp#27;[38;5;75m[XCUITestDriver@42e7]&amp#27;[0m Got response with status 200: {"value":null,"sessionId":"94F7662D-12AD-4C7D-BEE3-AE76BA5805B8"}

[ios] &amp#27;[38;5;145m[f589dace]&amp#27;[0m&amp#27;[38;5;75m[XCUITestDriver@42e7]&amp#27;[0m Replacing sessionId 94F7662D-12AD-4C7D-BEE3-AE76BA5805B8 with f589dace-53ae-4a2e-adc8-cff341384157

[ios] &amp#27;[38;5;145m[f589dace]&amp#27;[0m&amp#27;[38;5;86m[HTTP]&amp#27;[0m &amp#27;[37m<-- POST /wd/hub/session/f589dace-53ae-4a2e-adc8-cff341384157/element/92010000-0000-0000-814E-000000000000/click &amp#27;[39m&amp#27;[32m200&amp#27;[39m &amp#27;[90m460 ms - 65&amp#27;[39m &amp#27;[90m&amp#27;[39m

[ios] &amp#27;[38;5;145m[f589dace]&amp#27;[0m&amp#27;[38;5;86m[HTTP]&amp#27;[0m &amp#27;[37m-->&amp#27;[39m &amp#27;[37mPOST&amp#27;[39m &amp#27;[37m/wd/hub/session/f589dace-53ae-4a2e-adc8-cff341384157/element&amp#27;[39m &amp#27;[90m{"using":"accessibility id","value":"Cart-tab-item"}&amp#27;[39m

[...]
&amp#27;[38;5;145m[f589dace]&amp#27;[0m&amp#27;[38;5;75m[XCUITestDriver@42e7]&amp#27;[0m Executing command 'setValue'

[ios] &amp#27;[38;5;145m[f589dace]&amp#27;[0m&amp#27;[38;5;75m[XCUITestDriver@42e7]&amp#27;[0m Matched '/element/F3020000-0000-0000-814E-000000000000/value' to command name 'setValue'
&amp#27;[38;5;145m[f589dace]&amp#27;[0m&amp#27;[38;5;75m[XCUITestDriver@42e7]&amp#27;[0m Added 'text' property "\n" to 'setValue' request body

[ios] &amp#27;[38;5;145m[f589dace]&amp#27;[0m&amp#27;[38;5;75m[XCUITestDriver@42e7]&amp#27;[0m Proxying [POST /element/F3020000-0000-0000-814E-000000000000/value] to [POST http://127.0.0.1:8100/session/94F7662D-12AD-4C7D-BEE3-AE76BA5805B8/element/F3020000-0000-0000-814E-000000000000/value] with body: {"value":["\n"],"text":"\n"}

[ios] &amp#27;[38;5;145m[f589dace]&amp#27;[0m&amp#27;[38;5;75m[XCUITestDriver@42e7]&amp#27;[0m Got response with status 200: {"value":null,"sessionId":"94F7662D-12AD-4C7D-BEE3-AE76BA5805B8"}

[ios] &amp#27;[38;5;145m[f589dace]&amp#27;[0m&amp#27;[38;5;75m[XCUITestDriver@42e7]&amp#27;[0m Responding to client with driver.setValue() result: null

[ios] &amp#27;[38;5;145m[f589dace]&amp#27;[0m&amp#27;[38;5;86m[HTTP]&amp#27;[0m &amp#27;[37m<-- POST /wd/hub/session/f589dace-53ae-4a2e-adc8-cff341384157/element/F3020000-0000-0000-814E-000000000000/value &amp#27;[39m&amp#27;[32m200&amp#27;[39m &amp#27;[90m361 ms - 14&amp#27;[39m &amp#27;[90m&amp#27;[39m

[ios] &amp#27;[38;5;145m[f589dace]&amp#27;[0m&amp#27;[38;5;86m[HTTP]&amp#27;[0m &amp#27;[37m-->&amp#27;[39m &amp#27;[37mPOST&amp#27;[39m &amp#27;[37m/wd/hub/session/f589dace-53ae-4a2e-adc8-cff341384157/element&amp#27;[39m &amp#27;[90m{"using":"xpath","value":"//XCUIElementTypeButton[@name=\"Review Order\"]"}&amp#27;[39m

[ios] &amp#27;[38;5;145m[f589dace]&amp#27;[0m&amp#27;[38;5;75m[XCUITestDriver@42e7]&amp#27;[0m Calling AppiumDriver.findElement() with args: ["xpath","//XCUIElementTypeButton[@name=\"Review Order\"]","f589dace-53ae-4a2e-adc8-cff341384157"]

[ios] &amp#27;[38;5;145m[f589dace]&amp#27;[0m&amp#27;[38;5;75m[XCUITestDriver@42e7]&amp#27;[0m Executing command 'findElement'

[ios] &amp#27;[38;5;145m[f589dace]&amp#27;[0m&amp#27;[38;5;75m[XCUITestDriver@42e7]&amp#27;[0m Valid locator strategies for this request: xpath, id, name, class name, -ios predicate string, -ios class chain, accessibility id, css selector

[ios] &amp#27;[38;5;145m[f589dace]&amp#27;[0m&amp#27;[38;5;75m[XCUITestDriver@42e7]&amp#27;[0m Waiting up to 0 ms for condition

[ios] &amp#27;[38;5;145m[f589dace]&amp#27;[0m&amp#27;[38;5;75m[XCUITestDriver@42e7]&amp#27;[0m Matched '/element' to command name 'findElement'

[ios] &amp#27;[38;5;145m[f589dace]&amp#27;[0m&amp#27;[38;5;75m[XCUITestDriver@42e7]&amp#27;[0m Proxying [POST /element] to [POST http://127.0.0.1:8100/session/94F7662D-12AD-4C7D-BEE3-AE76BA5805B8/element] with body: {"using":"xpath","value":"//XCUIElementTypeButton[@name=\"Review Order\"]"}

[android] &amp#27;[38;5;86m[HTTP]&amp#27;[0m &amp#27;[37m-->&amp#27;[39m &amp#27;[37mGET&amp#27;[39m &amp#27;[37m/wd/hub/status&amp#27;[39m &amp#27;[90m{}&amp#27;[39m

[android] &amp#27;[38;5;141m[AppiumDriver@bb74]&amp#27;[0m Calling AppiumDriver.getStatus() with args: []
&amp#27;[38;5;141m[AppiumDriver@bb74]&amp#27;[0m Responding to client with driver.getStatus() result: {"ready":true,"message":"The server is ready to accept new connections","build":{"version":"2.17.1"}}
&amp#27;[38;5;86m[HTTP]&amp#27;[0m &amp#27;[37m<-- GET /wd/hub/status &amp#27;[39m&amp#27;[32m200&amp#27;[39m &amp#27;[90m3 ms - 111&amp#27;[39m &amp#27;[90m&amp#27;[39m

[ios] &amp#27;[38;5;86m[HTTP]&amp#27;[0m &amp#27;[37m-->&amp#27;[39m &amp#27;[37mGET&amp#27;[39m &amp#27;[37m/wd/hub/status&amp#27;[39m &amp#27;[90m{}&amp#27;[39m

[ios] &amp#27;[38;5;172m[AppiumDriver@bc1b]&amp#27;[0m Calling AppiumDriver.getStatus() with args: []

[ios] &amp#27;[38;5;172m[AppiumDriver@bc1b]&amp#27;[0m Responding to client with driver.getStatus() result: {"ready":true,"message":"The server is ready to accept new connections","build":{"version":"2.17.1"}}

[ios] &amp#27;[38;5;86m[HTTP]&amp#27;[0m &amp#27;[37m<-- GET /wd/hub/status &amp#27;[39m&amp#27;[32m200&amp#27;[39m &amp#27;[90m2 ms - 111&amp#27;[39m &amp#27;[90m&amp#27;[39m

[ios] &amp#27;[38;5;145m[f589dace]&amp#27;[0m&amp#27;[38;5;75m[XCUITestDriver@42e7]&amp#27;[0m Got response with status 200: {"value":{"ELEMENT":"BA020000-0000-0000-814E-000000000000","element-6066-11e4-a52e-4f735466cecf":"BA020000-0000-0000-814E-000000000000"},"sessionId":"94F7662D-12AD-4C7D-BEE3-AE76BA5805B8"}

[ios] &amp#27;[38;5;145m[f589dace]&amp#27;[0m&amp#27;[38;5;75m[XCUITestDriver@42e7]&amp#27;[0m Responding to client with driver.findElement() result: {"element-6066-11e4-a52e-4f735466cecf":"BA020000-0000-0000-814E-000000000000","ELEMENT":"BA020000-0000-0000-814E-000000000000"}

[ios] &amp#27;[38;5;145m[f589dace]&amp#27;[0m&amp#27;[38;5;86m[HTTP]&amp#27;[0m &amp#27;[37m<-- POST /wd/hub/session/f589dace-53ae-4a2e-adc8-cff341384157/element &amp#27;[39m&amp#27;[32m200&amp#27;[39m &amp#27;[90m2681 ms - 137&amp#27;[39m &amp#27;[90m&amp#27;[39m

[ios] &amp#27;[38;5;145m[f589dace]&amp#27;[0m&amp#27;[38;5;86m[HTTP]&amp#27;[0m &amp#27;[37m-->&amp#27;[39m &amp#27;[37mPOST&amp#27;[39m &amp#27;[37m/wd/hub/session/f589dace-53ae-4a2e-adc8-cff341384157/element/BA020000-0000-0000-814E-000000000000/click&amp#27;[39m &amp#27;[90m{"id":"BA020000-0000-0000-814E-000000000000"}&amp#27;[39m

[ios] &amp#27;[38;5;145m[f589dace]&amp#27;[0m&amp#27;[38;5;75m[XCUITestDriver@42e7]&amp#27;[0m Driver proxy active, passing request on via HTTP proxy

[ios] &amp#27;[38;5;145m[f589dace]&amp#27;[0m&amp#27;[38;5;75m[XCUITestDriver@42e7]&amp#27;[0m Executing command 'proxyReqRes'

[ios] &amp#27;[38;5;145m[f589dace]&amp#27;[0m&amp#27;[38;5;75m[XCUITestDriver@42e7]&amp#27;[0m Matched '/wd/hub/session/f589dace-53ae-4a2e-adc8-cff341384157/element/BA020000-0000-0000-814E-000000000000/click' to command name 'click'

[ios] &amp#27;[38;5;145m[f589dace]&amp#27;[0m&amp#27;[38;5;75m[XCUITestDriver@42e7]&amp#27;[0m Proxying [POST /wd/hub/session/f589dace-53ae-4a2e-adc8-cff341384157/element/BA020000-0000-0000-814E-000000000000/click] to [POST http://127.0.0.1:8100/session/94F7662D-12AD-4C7D-BEE3-AE76BA5805B8/element/BA020000-0000-0000-814E-000000000000/click] with body: {"id":"BA020000-0000-0000-814E-000000000000"}

[ios] &amp#27;[38;5;145m[f589dace]&amp#27;[0m&amp#27;[38;5;75m[XCUITestDriver@42e7]&amp#27;[0m Got response with status 200: {"value":null,"sessionId":"94F7662D-12AD-4C7D-BEE3-AE76BA5805B8"}

[ios] &amp#27;[38;5;145m[f589dace]&amp#27;[0m&amp#27;[38;5;75m[XCUITestDriver@42e7]&amp#27;[0m Replacing sessionId 94F7662D-12AD-4C7D-BEE3-AE76BA5805B8 with f589dace-53ae-4a2e-adc8-cff341384157

[ios] &amp#27;[38;5;145m[f589dace]&amp#27;[0m&amp#27;[38;5;86m[HTTP]&amp#27;[0m &amp#27;[37m<-- POST /wd/hub/session/f589dace-53ae-4a2e-adc8-cff341384157/element/BA020000-0000-0000-814E-000000000000/click &amp#27;[39m&amp#27;[32m200&amp#27;[39m &amp#27;[90m586 ms - 65&amp#27;[39m &amp#27;[90m&amp#27;[39m

[ios] &amp#27;[38;5;145m[f589dace]&amp#27;[0m&amp#27;[38;5;86m[HTTP]&amp#27;[0m &amp#27;[37m-->&amp#27;[39m &amp#27;[37mPOST&amp#27;[39m &amp#27;[37m/wd/hub/session/f589dace-53ae-4a2e-adc8-cff341384157/element&amp#27;[39m &amp#27;[90m{"using":"xpath","value":"//XCUIElementTypeButton[@name=\"Place Order\"]"}&amp#27;[39m

[ios] &amp#27;[38;5;145m[f589dace]&amp#27;[0m&amp#27;[38;5;75m[XCUITestDriver@42e7]&amp#27;[0m Calling AppiumDriver.findElement() with args: ["xpath","//XCUIElementTypeButton[@name=\"Place Order\"]","f589dace-53ae-4a2e-adc8-cff341384157"]

[ios] &amp#27;[38;5;145m[f589dace]&amp#27;[0m&amp#27;[38;5;75m[XCUITestDriver@42e7]&amp#27;[0m Executing command 'findElement'

[ios] &amp#27;[38;5;145m[f589dace]&amp#27;[0m&amp#27;[38;5;75m[XCUITestDriver@42e7]&amp#27;[0m Valid locator strategies for this request: xpath, id, name, class name, -ios predicate string, -ios class chain, accessibility id, css selector

[ios] &amp#27;[38;5;145m[f589dace]&amp#27;[0m&amp#27;[38;5;75m[XCUITestDriver@42e7]&amp#27;[0m Waiting up to 0 ms for condition

[ios] &amp#27;[38;5;145m[f589dace]&amp#27;[0m&amp#27;[38;5;75m[XCUITestDriver@42e7]&amp#27;[0m Matched '/element' to command name 'findElement'

[ios] &amp#27;[38;5;145m[f589dace]&amp#27;[0m&amp#27;[38;5;75m[XCUITestDriver@42e7]&amp#27;[0m Proxying [POST /element] to [POST http://127.0.0.1:8100/session/94F7662D-12AD-4C7D-BEE3-AE76BA5805B8/element] with body: {"using":"xpath","value":"//XCUIElementTypeButton[@name=\"Place Order\"]"}

[android] &amp#27;[38;5;86m[HTTP]&amp#27;[0m &amp#27;[37m-->&amp#27;[39m &amp#27;[37mGET&amp#27;[39m &amp#27;[37m/wd/hub/status&amp#27;[39m &amp#27;[90m{}&amp#27;[39m
&amp#27;[38;5;141m[AppiumDriver@bb74]&amp#27;[0m Calling AppiumDriver.getStatus() with args: []

[android] &amp#27;[38;5;141m[AppiumDriver@bb74]&amp#27;[0m Responding to client with driver.getStatus() result: {"ready":true,"message":"The server is ready to accept new connections","build":{"version":"2.17.1"}}

[android] &amp#27;[38;5;86m[HTTP]&amp#27;[0m &amp#27;[37m<-- GET /wd/hub/status &amp#27;[39m&amp#27;[32m200&amp#27;[39m &amp#27;[90m1 ms - 111&amp#27;[39m &amp#27;[90m&amp#27;[39m

[ios] &amp#27;[38;5;86m[HTTP]&amp#27;[0m &amp#27;[37m-->&amp#27;[39m &amp#27;[37mGET&amp#27;[39m &amp#27;[37m/wd/hub/status&amp#27;[39m &amp#27;[90m{}&amp#27;[39m

[ios] &amp#27;[38;5;172m[AppiumDriver@bc1b]&amp#27;[0m Calling AppiumDriver.getStatus() with args: []

[ios] &amp#27;[38;5;172m[AppiumDriver@bc1b]&amp#27;[0m Responding to client with driver.getStatus() result: {"ready":true,"message":"The server is ready to accept new connections","build":{"version":"2.17.1"}}

[ios] &amp#27;[38;5;86m[HTTP]&amp#27;[0m &amp#27;[37m<-- GET /wd/hub/status &amp#27;[39m&amp#27;[32m200&amp#27;[39m &amp#27;[90m10 ms - 111&amp#27;[39m &amp#27;[90m&amp#27;[39m

[ios] &amp#27;[38;5;145m[f589dace]&amp#27;[0m&amp#27;[38;5;75m[XCUITestDriver@42e7]&amp#27;[0m Got response with status 200: {"value":{"ELEMENT":"28030000-0000-0000-814E-000000000000","element-6066-11e4-a52e-4f735466cecf":"28030000-0000-0000-814E-000000000000"},"sessionId":"94F7662D-12AD-4C7D-BEE3-AE76BA5805B8"}

[ios] &amp#27;[38;5;145m[f589dace]&amp#27;[0m&amp#27;[38;5;75m[XCUITestDriver@42e7]&amp#27;[0m Responding to client with driver.findElement() result: {"element-6066-11e4-a52e-4f735466cecf":"28030000-0000-0000-814E-000000000000","ELEMENT":"28030000-0000-0000-814E-000000000000"}

[ios] &amp#27;[38;5;145m[f589dace]&amp#27;[0m&amp#27;[38;5;86m[HTTP]&amp#27;[0m &amp#27;[37m<-- POST /wd/hub/session/f589dace-53ae-4a2e-adc8-cff341384157/element &amp#27;[39m&amp#27;[32m200&amp#27;[39m &amp#27;[90m4126 ms - 137&amp#27;[39m &amp#27;[90m&amp#27;[39m

[ios] &amp#27;[38;5;145m[f589dace]&amp#27;[0m&amp#27;[38;5;86m[HTTP]&amp#27;[0m &amp#27;[37m-->&amp#27;[39m &amp#27;[37mPOST&amp#27;[39m &amp#27;[37m/wd/hub/session/f589dace-53ae-4a2e-adc8-cff341384157/element/28030000-0000-0000-814E-000000000000/click&amp#27;[39m &amp#27;[90m{"id":"28030000-0000-0000-814E-000000000000"}&amp#27;[39m

[ios] &amp#27;[38;5;145m[f589dace]&amp#27;[0m&amp#27;[38;5;75m[XCUITestDriver@42e7]&amp#27;[0m Driver proxy active, passing request on via HTTP proxy

[ios] &amp#27;[38;5;145m[f589dace]&amp#27;[0m&amp#27;[38;5;75m[XCUITestDriver@42e7]&amp#27;[0m Executing command 'proxyReqRes'

[ios] &amp#27;[38;5;145m[f589dace]&amp#27;[0m&amp#27;[38;5;75m[XCUITestDriver@42e7]&amp#27;[0m Matched '/wd/hub/session/f589dace-53ae-4a2e-adc8-cff341384157/element/28030000-0000-0000-814E-000000000000/click' to command name 'click'

[ios] &amp#27;[38;5;145m[f589dace]&amp#27;[0m&amp#27;[38;5;75m[XCUITestDriver@42e7]&amp#27;[0m Proxying [POST /wd/hub/session/f589dace-53ae-4a2e-adc8-cff341384157/element/28030000-0000-0000-814E-000000000000/click] to [POST http://127.0.0.1:8100/session/94F7662D-12AD-4C7D-BEE3-AE76BA5805B8/element/28030000-0000-0000-814E-000000000000/click] with body: {"id":"28030000-0000-0000-814E-000000000000"}

[ios] &amp#27;[38;5;145m[f589dace]&amp#27;[0m&amp#27;[38;5;75m[XCUITestDriver@42e7]&amp#27;[0m Got response with status 200: {"value":null,"sessionId":"94F7662D-12AD-4C7D-BEE3-AE76BA5805B8"}

[ios] &amp#27;[38;5;145m[f589dace]&amp#27;[0m&amp#27;[38;5;75m[XCUITestDriver@42e7]&amp#27;[0m Replacing sessionId 94F7662D-12AD-4C7D-BEE3-AE76BA5805B8 with f589dace-53ae-4a2e-adc8-cff341384157

[ios] &amp#27;[38;5;145m[f589dace]&amp#27;[0m&amp#27;[38;5;86m[HTTP]&amp#27;[0m &amp#27;[37m<-- POST /wd/hub/session/f589dace-53ae-4a2e-adc8-cff341384157/element/28030000-0000-0000-814E-000000000000/click &amp#27;[39m&amp#27;[32m200&amp#27;[39m &amp#27;[90m718 ms - 65&amp#27;[39m &amp#27;[90m&amp#27;[39m

[ios] &amp#27;[38;5;145m[f589dace]&amp#27;[0m&amp#27;[38;5;86m[HTTP]&amp#27;[0m &amp#27;[37m-->&amp#27;[39m &amp#27;[37mPOST&amp#27;[39m &amp#27;[37m/wd/hub/session/f589dace-53ae-4a2e-adc8-cff341384157/element&amp#27;[39m &amp#27;[90m{"using":"xpath","value":"//XCUIElementTypeStaticText[@name=\"Checkout Complete\"]"}&amp#27;[39m

[ios] &amp#27;[38;5;145m[f589dace]&amp#27;[0m&amp#27;[38;5;75m[XCUITestDriver@42e7]&amp#27;[0m Calling AppiumDriver.findElement() with args: ["xpath","//XCUIElementTypeStaticText[@name=\"Checkout Complete\"]","f589dace-53ae-4a2e-adc8-cff341384157"]

[ios] &amp#27;[38;5;145m[f589dace]&amp#27;[0m&amp#27;[38;5;75m[XCUITestDriver@42e7]&amp#27;[0m Executing command 'findElement'

[ios] &amp#27;[38;5;145m[f589dace]&amp#27;[0m&amp#27;[38;5;75m[XCUITestDriver@42e7]&amp#27;[0m Valid locator strategies for this request: xpath, id, name, class name, -ios predicate string, -ios class chain, accessibility id, css selector

[ios] &amp#27;[38;5;145m[f589dace]&amp#27;[0m&amp#27;[38;5;75m[XCUITestDriver@42e7]&amp#27;[0m Waiting up to 0 ms for condition

[ios] &amp#27;[38;5;145m[f589dace]&amp#27;[0m&amp#27;[38;5;75m[XCUITestDriver@42e7]&amp#27;[0m Matched '/element' to command name 'findElement'
&amp#27;[38;5;145m[f589dace]&amp#27;[0m&amp#27;[38;5;75m[XCUITestDriver@42e7]&amp#27;[0m Proxying [POST /element] to [POST http://127.0.0.1:8100/session/94F7662D-12AD-4C7D-BEE3-AE76BA5805B8/element] with body: {"using":"xpath","value":"//XCUIElementTypeStaticText[@name=\"Checkout Complete\"]"}

[android] &amp#27;[38;5;86m[HTTP]&amp#27;[0m &amp#27;[37m-->&amp#27;[39m &amp#27;[37mGET&amp#27;[39m &amp#27;[37m/wd/hub/status&amp#27;[39m &amp#27;[90m{}&amp#27;[39m

[android] &amp#27;[38;5;141m[AppiumDriver@bb74]&amp#27;[0m Calling AppiumDriver.getStatus() with args: []

[android] &amp#27;[38;5;141m[AppiumDriver@bb74]&amp#27;[0m Responding to client with driver.getStatus() result: {"ready":true,"message":"The server is ready to accept new connections","build":{"version":"2.17.1"}}

[android] &amp#27;[38;5;86m[HTTP]&amp#27;[0m &amp#27;[37m<-- GET /wd/hub/status &amp#27;[39m&amp#27;[32m200&amp#27;[39m &amp#27;[90m1 ms - 111&amp#27;[39m &amp#27;[90m&amp#27;[39m

[ios] &amp#27;[38;5;145m[f589dace]&amp#27;[0m&amp#27;[38;5;75m[XCUITestDriver@42e7]&amp#27;[0m Got response with status 200: {"value":{"ELEMENT":"81030000-0000-0000-814E-000000000000","element-6066-11e4-a52e-4f735466cecf":"81030000-0000-0000-814E-000000000000"},"sessionId":"94F7662D-12AD-4C7D-BEE3-AE76BA5805B8"}

[ios] &amp#27;[38;5;145m[f589dace]&amp#27;[0m&amp#27;[38;5;75m[XCUITestDriver@42e7]&amp#27;[0m Responding to client with driver.findElement() result: {"element-6066-11e4-a52e-4f735466cecf":"81030000-0000-0000-814E-000000000000","ELEMENT":"81030000-0000-0000-814E-000000000000"}

[ios] &amp#27;[38;5;145m[f589dace]&amp#27;[0m&amp#27;[38;5;86m[HTTP]&amp#27;[0m &amp#27;[37m<-- POST /wd/hub/session/f589dace-53ae-4a2e-adc8-cff341384157/element &amp#27;[39m&amp#27;[32m200&amp#27;[39m &amp#27;[90m3469 ms - 137&amp#27;[39m &amp#27;[90m&amp#27;[39m

[ios] &amp#27;[38;5;145m[f589dace]&amp#27;[0m&amp#27;[38;5;86m[HTTP]&amp#27;[0m &amp#27;[37m-->&amp#27;[39m &amp#27;[37mGET&amp#27;[39m &amp#27;[37m/wd/hub/session/f589dace-53ae-4a2e-adc8-cff341384157/element/81030000-0000-0000-814E-000000000000/text&amp#27;[39m &amp#27;[90m{}&amp#27;[39m

[ios] &amp#27;[38;5;145m[f589dace]&amp#27;[0m&amp#27;[38;5;75m[XCUITestDriver@42e7]&amp#27;[0m Driver proxy active, passing request on via HTTP proxy

[ios] &amp#27;[38;5;145m[f589dace]&amp#27;[0m&amp#27;[38;5;75m[XCUITestDriver@42e7]&amp#27;[0m Executing command 'proxyReqRes'

[ios] &amp#27;[38;5;145m[f589dace]&amp#27;[0m&amp#27;[38;5;75m[XCUITestDriver@42e7]&amp#27;[0m Matched '/wd/hub/session/f589dace-53ae-4a2e-adc8-cff341384157/element/81030000-0000-0000-814E-000000000000/text' to command name 'getText'

[ios] &amp#27;[38;5;145m[f589dace]&amp#27;[0m&amp#27;[38;5;75m[XCUITestDriver@42e7]&amp#27;[0m Proxying [GET /wd/hub/session/f589dace-53ae-4a2e-adc8-cff341384157/element/81030000-0000-0000-814E-000000000000/text] to [GET http://127.0.0.1:8100/session/94F7662D-12AD-4C7D-BEE3-AE76BA5805B8/element/81030000-0000-0000-814E-000000000000/text] with no body

[ios] &amp#27;[38;5;145m[f589dace]&amp#27;[0m&amp#27;[38;5;75m[XCUITestDriver@42e7]&amp#27;[0m Got response with status 200: {"value":"Checkout Complete","sessionId":"94F7662D-12AD-4C7D-BEE3-AE76BA5805B8"}
&amp#27;[38;5;145m[f589dace]&amp#27;[0m&amp#27;[38;5;75m[XCUITestDriver@42e7]&amp#27;[0m Replacing sessionId 94F7662D-12AD-4C7D-BEE3-AE76BA5805B8 with f589dace-53ae-4a2e-adc8-cff341384157

[ios] &amp#27;[38;5;145m[f589dace]&amp#27;[0m&amp#27;[38;5;86m[HTTP]&amp#27;[0m &amp#27;[37m<-- GET /wd/hub/session/f589dace-53ae-4a2e-adc8-cff341384157/element/81030000-0000-0000-814E-000000000000/text &amp#27;[39m&amp#27;[32m200&amp#27;[39m &amp#27;[90m90 ms - 80&amp#27;[39m &amp#27;[90m&amp#27;[39m

]]></system-out>
    <system-err><![CDATA[SLF4J(W): No SLF4J providers were found.
SLF4J(W): Defaulting to no-operation (NOP) logger implementation
SLF4J(W): See https://www.slf4j.org/codes.html#noProviders for further details.
SLF4J(W): Class path contains SLF4J bindings targeting slf4j-api versions 1.7.x or earlier.
SLF4J(W): Ignoring binding found at [jar:file:/Users/mac/.m2/repository/org/apache/logging/log4j/log4j-slf4j-impl/2.23.1/log4j-slf4j-impl-2.23.1.jar!/org/slf4j/impl/StaticLoggerBinder.class]
SLF4J(W): See https://www.slf4j.org/codes.html#ignoredBindings for an explanation.
[grid] 18:16:47.154 INFO [GridLauncherV3.parse] - Selenium server version: 3.141.59, revision: e82be7d358

[grid] 18:16:47.306 INFO [GridLauncherV3.lambda$buildLaunchers$5] - Launching Selenium Grid hub on port 4444

[grid] 2025-05-03 18:16:47.750:INFO::main: Logging initialized @917ms to org.seleniumhq.jetty9.util.log.StdErrLog

[grid] 18:16:47.954 INFO [Hub.start] - Selenium Grid hub is up and running

[grid] 18:16:47.957 INFO [Hub.start] - Nodes should register to http://192.168.1.248:4444/grid/register/

[grid] 18:16:47.958 INFO [Hub.start] - Clients should connect to http://192.168.1.248:4444/wd/hub

[grid] 18:16:54.858 INFO [DefaultGridRegistry.add] - Registered a node http://localhost:4723

[grid] 18:16:56.457 INFO [DefaultGridRegistry.add] - Registered a node http://127.0.0.1:4727

[grid] 18:16:57.837 INFO [RequestHandler.process] - Got a request to create a new session: Capabilities {appium:app: /Users/mac/Documents/Appium..., appium:automationName: XCuiTest, appium:connectHardwareKeyboard: true, appium:connectTimeout: 60000, appium:deviceName: iPhone 13, appium:newCommandTimeout: 1800, appium:platformVersion: com.apple.CoreSimulator.Sim..., appium:udid: 91CC769D-8C83-4310-A6EB-9F3..., appium:usePrebuiltWDA: true, appium:wdaLaunchTimeout: 60000, appium:wdaStartupRetries: 3, appium:wdaStartupRetryInterval: 5000, platformName: ios}

[grid] 18:16:57.845 INFO [TestSlot.getNewSession] - Trying to create a new session on test slot {server:CONFIG_UUID=2bd9af68-dbf3-4fa1-98c5-628a8628afdf, seleniumProtocol=WebDriver, browserName=iPhone 13, maxInstances=1, platformName=IOS, version=15, platform=IOS}

May 03, 2025 6:17:13 PM com.dan.video.RecorderManager startVideoRecording
INFO: Starting MONTE recording 
]]></system-err>
  </testcase>
</testsuite>